B00A8MZ2ZS	1741
B00FSIN0U6	1819
B005PJJ89U	1577
B00DJ5KEF4	1806
B0009IQX6I	262
B0002Z2MKO	142
B007HXYDXI	1643
B0030D0T2S	1246
B0031I20EC	1255
B000C9TCUS	454
B000P6UNKQ	737
B004SRRELY	1504
B00BTGSIA8	1781
B0024E6QX0	1109
B003EQ9QAW	1310
B00BRHM8FA	1778
B000OUW78O	731
B0009JKGJW	277
B000BQKBP2	376
B000EBICMI	547
B004C65DYQ	1455
B000F3RYGA	585
B002SIR8RU	1211
B001GMZH5E	989
B000OOZY5S	728
B0043GCVUY	1418
B002RSIK4G	1206
B007I75D8W	1644
B000CNBI1A	486
B004L035UW	1481
B002IEE7KU	1165
B00433SIQI	1416
B00026Z3DQ	29
B0009VF1AY	294
B003VAYJAS	1374
B0009IQX90	263
B000F285EG	583
B00192JH4S	902
B003IOITRG	1314
B001JT98S6	999
B0035UDHZ2	1275
B004XMW874	1516
B0002MA3P8	73
B000HBGI8K	628
B0006Q16YM	199
B002SIR91A	1212
B000HM579K	641
B004EI6A8K	1461
B0002KKIXC	64
B003YJ47JO	1388
B00554PNL2	1535
B00032KBFE	151
B000DN7T3A	518
B003814PRM	1283
B009OBVS2K	1723
B000NJ6EZ8	709
B000C53XRK	434
B0041CAC4W	1408
B004APM12G	1447
B004GFS2C8	1464
B000C4087O	431
B00AAOOQJC	1743
B0007WTE08	236
B000BRNF68	390
B0024QF4GI	1122
B002QSHIEU	1205
B0096J90KW	1714
B000GPV2QA	611
B0022ZF2ZO	1104
B003YJJHI0	1389
B009OBVROY	1722
B005HWTGQU	1555
B003POJ1DU	1332
B0087FSA0C	1669
B00068XCQU	177
B0002KKIR8	63
B0031B4YU2	1252
B00513G82U	1525
B00192JH5W	903
B000C5I6H2	438
B0009OMY92	283
B004Q83TGO	1499
B002UC2Q0S	1216
B000XETMW0	816
B0007XTGCI	237
B005EUWMU2	1552
B00CAKILAO	1789
B001B6N2WK	919
B0009H51ZI	252
B0035XGPNA	1276
B000MDY88U	690
B0047RV8WG	1431
B004VB5JDW	1513
B0002SRGFW	108
B001UGJPXQ	1076
B0051MYLS4	1528
B0002SRL0C	110
B000643336	169
B003V3XA5A	1369
B00265M9SS	1125
B005NXMFW0	1575
B0003041WK	147
B000FKKOK6	594
B003IS3HV0	1316
B001G4Z5J0	971
B0009H52BG	253
B000BPZ824	374
B0013REXSO	856
B000UD0CTQ	778
B000VSY4HG	798
B000RFUYQI	754
B004QO9F0W	1500
B0002MA03S	72
B0015POUXM	878
B005EJGSQ2	1549
B0002NYDZ8	79
B000W0RQCI	802
B00A1B4B58	1738
B0024E6QOO	1108
B001D9E41I	939
B003V5HFQ8	1371
B000BKC25K	354
B00G25GOCA	1820
B000BQYH6Q	382
B0018ICAMO	895
B007OW6MD6	1652
B001HHP59G	992
B00C7OVGTG	1787
B000BAT9VK	345
B000OZS9Y0	734
B001FAK342	968
B0015DMNIS	871
B000CB6D0S	460
B008VLVDII	1706
B0002I94CK	52
B0007O8S58	223
B0002SQU9K	91
B000BNYMX2	359
B00C7OVGSW	1786
B000BYM4VS	411
B006FUT09G	1609
B000RN04VU	757
B0024E6V9E	1113
B001Q8IXW2	1045
B009ES3F0Q	1719
B0002MADZ8	74
B00495UQT2	1441
B001EGT3I4	956
B00BSKYM82	1779
B008U1MOM8	1703
B00029KC2K	33
B000C4087Y	432
B000KEUFME	669
B005Z2XA8M	1587
B00029KC2U	34
B000C5GAQQ	437
B0009OMYDS	287
B000KC41FS	668
B000CMDPLM	481
B0002SQU8Q	90
B001O7PNNM	1030
B0009IQXAE	264
B0039HD4RM	1287
B0002Q81W6	85
B001THRG9Q	1056
B00029WRJQ	35
B001P99A2O	1040
B0013REXO8	855
B000221M94	28
B0009OMYCO	286
B0002CSQ7A	47
B0002UEMZ2	125
B001NZKPS8	1023
B0002Q81WG	86
B0002NYE5M	81
B000OCT7FI	726
B0009OMYAQ	285
B002BVXM92	1146
B005JU5W54	1566
B002E1AYW2	1153
B0006Z9SQQ	202
B000CIV716	479
B000UVUAFO	786
B0002NYE5W	82
B000EAIERW	544
B00067BWBI	172
B000IG5QPK	649
B00029WRKU	36
B000BGJWA2	352
B000XG8Q0W	817
B004EDF8HY	1460
B000VKRQ7Y	791
B0009OMYA6	284
B003C01FD6	1294
B00CSWEJZU	1799
B0006V0LNY	201
B000CMHKRC	483
B0088CNNGK	1674
B000EQR990	576
B0013935FY	848
B0015KROXU	873
B000BGHYJS	351
B000MYXFHE	699
B001L9KI56	1010
B005JU5VUK	1565
B00069CN2I	178
B007OSL3DY	1650
B002G244UM	1158
B000P7CD44	738
B0015Y5848	879
B0002JM8PY	55
B0000AXRH5	11
B000ZIZ32W	824
B000Q0K5SQ	744
B001CJHU9W	936
B0002NYE3O	80
B000C9SR90	451
B000A8JLIY	303
B000OCKJDW	725
B000WFARHE	806
B001O7PNS2	1031
B00AZPP0Y6	1765
B000YQQZCW	822
B000M8PYO2	686
B001O074JU	1025
B009409K0I	1712
B0017OFS3C	892
B0002KRABU	67
B009W3KHSQ	1733
B0009IR056	276
B003VCD7UE	1376
B004YLKK5Q	1520
B004YMRIC8	1521
B000UVMJBW	785
B001EP28XW	962
B000701HF0	204
B000701HEQ	203
B0031I204W	1254
B000AL2RI2	309
B001DKTG0G	945
B0041CDPQO	1409
B00480FHG0	1434
B00192MU2Y	905
B009X23B2U	1734
B007Y4BL1C	1660
B0002YTN4I	140
B0006IX87S	186
B0010DW5ZO	825
B000FQBWCY	598
B008TW6KPA	1702
B000HBI9EQ	629
B000CMF4J8	482
B000BUOSG6	391
B002J7VX4Y	1169
B004Y9YIU6	1518
B000AAMY86	307
B000CQQKGU	511
B001B0VP3E	917
B003YJLAIK	1391
B00AYXM4DY	1760
B003POIYJM	1331
B000C5CEKC	436
B00AZPI0NE	1764
B001QIUGVI	1046
B006E3SJZA	1605
B000FFY8VC	590
B0035AMPFK	1273
B000NCOKQK	703
B001EQJ956	964
B0024E6YWS	1115
B005JPGTNI	1559
B006VFEJJQ	1625
B0006IX7TW	182
B000ARTZPO	332
B00G49NYKY	1823
B000M5ZXDM	683
B0007M1ZGE	221
B008YFSWS0	1709
B000BUOSGG	392
B003UX3T34	1363
B0009N30EQ	282
B001550DVU	868
B009D3E36W	1716
B004QQLR4M	1501
B001VJS2FE	1092
B002M1SQ24	1180
B0024E6V30	1112
B007B86Z94	1634
B001THX4B0	1059
B000M61JFC	684
B0013JVZ7O	852
B001V8RWCE	1087
B00094I1SA	248
B005ETCIO8	1551
B000J6A4S8	659
B002N5W8Q4	1191
B004LSTQWU	1486
B00AYCXLX2	1759
B001O7PNW8	1032
B001V8UKBO	1090
B000CODGYQ	492
B00062ZJ4O	163
B000ARPVOI	331
B00EVY2SKG	1810
B0007OWD2M	224
B00075XCCG	208
B001KQB5WA	1002
B000NSMXPY	716
B007NLQO0O	1649
B000GU24N0	613
B000GZPH2U	619
B001TI1F5Q	1061
B000LQB24G	680
B002C7DSIK	1147
B008LPEZ6Q	1691
B008RHBJ8K	1700
B008XNZZ7O	1708
B005ZUMLV6	1588
B003UE2OWA	1354
B001O7LX6S	1029
B001O7PNXC	1033
B003L31RHI	1320
B002YI72TS	1233
B005RNEH5O	1579
B00FF1K7BQ	1814
B00092893E	245
B00062ZIRC	162
B004B8GTQG	1450
B000RN4FK6	758
B004GFTC0E	1465
B002J7VWWC	1168
B000BQSIWK	378
B0002YUQ4E	141
B0030430KK	1244
B001MXTOKQ	1017
B000NCOKV0	704
B001NSYV58	1021
B000B6JJUK	339
B001N7RE44	1019
B0002UEN1A	126
B0006IX7Y2	184
B000F2EPFY	584
B001JT5JVQ	996
B000IAIP72	647
B002MQAX9S	1183
B000OC3Q2I	723
B0002UNOYM	132
B000IY60VQ	652
B003EOZLEO	1307
B001JT77K2	997
B0003I92R6	155
B0076M8TVM	1633
B005R3SSQ8	1578
B0002UEN1U	127
B00F5LWJBC	1812
B0006IX7WY	183
B000FIJ7GA	593
B00404WDUC	1402
B0006JLU1I	188
B001SIHVDM	1052
B001U522GO	1073
B001P29X4G	1038
B002G29LLE	1159
B001EP29AY	963
B009ANV81S	1715
B005DUMADC	1548
B002OUIXU8	1196
B002HQTOU2	1163
B003ZWZ7VM	1401
B005SB0JJS	1581
B008MISDH4	1695
B001DRP9K0	952
B009OTK094	1729
B001CF1A7O	933
B000M8R0QM	687
B001CF1A6U	932
B001Q8DMA0	1044
B000HBGHB8	627
B007OW6M0Y	1651
B002AMAXNA	1140
B00167R1SA	884
B0023UX6T2	1107
B001CEJH3Y	929
B0009IQX0E	261
B000EBICHI	546
B0015PI7A4	875
B000CQOIT6	508
B001UC72UI	1074
B0013LDM46	854
B0089LSFJ0	1676
B000C5WCUE	442
B006A49J02	1602
B0010DW608	826
B0031GTXQW	1253
B003CGDNYE	1299
B003BZD08U	1293
B00A66OAKE	1739
B000NCOKZQ	705
B002E1AYKY	1152
B0014FGS60	864
B003U4P3U0	1348
B008CVPE8C	1680
B0009H51MG	251
B008MISDEC	1694
B0041TQS5M	1412
B0002UNON8	131
B000CD6GLM	466
B0002JMIEK	57
B00407RQCY	1404
B000V5SP92	787
B003POLA84	1334
B003TPW5YM	1342
B00HWIZO6I	1830
B004P91FCO	1493
B000NPR33O	714
B0006IX850	185
B000276B2C	30
B006JG5BLM	1612
B000C9Y16S	458
B003L36UGQ	1323
B003BSB7PU	1291
B000TZ7MGQ	777
B00065L2D8	170
B006N95R14	1614
B000ALBZ6C	313
B003BZD03K	1292
B002J858HQ	1170
B000E9C21M	540
B002NUABUO	1193
B002DU3S9A	1148
B004HJJOZC	1473
B000CQOIVE	509
B000LNBLTK	679
B001DRP9G4	951
B000CQOIVO	510
B000N3W8J0	700
B001TI5IIQ	1062
B002JSFH3G	1173
B008RVJJZG	1701
B0046402MW	1423
B004ZVXFZ2	1523
B0016C5YF2	886
B007V8WBPQ	1657
B00AZMICOY	1763
B00032K4VA	150
B0002JMUZW	59
B00AX4TWCA	1757
B003U53JYG	1352
B00139YMUQ	849
B00AX4TWAM	1756
B000BO9NOO	365
B000DINKPQ	515
B004U8JH84	1506
B003VAYRNM	1375
B0006JJ588	187
B0000UUX34	21
B003UT3S6Q	1358
B000NPR32U	713
B0024E6UE0	1111
B000A0CAJE	300
B000EA5WLS	543
B000VKTULY	796
B000BGHVSM	349
B003ZAGPGU	1396
B00068GEJM	174
B008XB9BJY	1707
B0041EBSX4	1411
B001KS2PXQ	1005
B008G4Y076	1687
B0009IQXXG	271
B0065J3368	1596
B000R3WQPM	750
B001LTVCBU	1015
B005JPJMI2	1560
B00008RW9V	4
B0045UY8I6	1422
B0002JMLQU	58
B001VV0318	1096
B00480GZ6G	1438
B00008RW9U	3
B006R34PB4	1622
B00042JSNY	156
B002SINBRQ	1210
B004UQQYAK	1510
B003VASRCE	1373
B005NLCGF8	1573
B0029T0S70	1137
B00D8XCMMA	1804
B003VXRPL0	1379
B0002KM5L0	66
B000F5JM0O	587
B004TS1IB4	1505
B00192QSVS	906
B002LNI8GW	1179
B000BOA9RY	366
B000N9VF6Q	701
B002QA386A	1201
B0007ZG9TO	239
B0007D5DZC	214
B0002V9LAW	138
B000RFSARI	752
B00CPGQ2DG	1798
B00JGP8I1S	1833
B008FSQ13O	1683
B002N1J5IM	1188
B00407WNE0	1405
B001THVNCM	1058
B002WQHY9K	1226
B0006GF5SK	179
B00480BWBE	1433
B000NVW1LM	717
B001D9FQT2	940
B000CAINRK	459
B00063X7KG	167
B0024ECD2I	1118
B004UQR1UM	1512
B000SXCLIS	773
B0028ZKMM6	1135
B000A8OW9M	304
B000AS3D3S	334
B00FDQPCR2	1813
B000E7WLJW	530
B000E28C7M	521
B00449AC9C	1420
B0009V1WS4	292
B000C9WJ3A	455
B004A2WXWW	1445
B000R964TA	751
B0002KKHS8	62
B003CG9PIC	1297
B000BG1X54	347
B000EVYGZA	581
B000C11JJ8	417
B002EBIRGM	1155
B000C6KM4G	444
B007PLZGO2	1654
B0092KVYGI	1711
B0006N61RW	195
B007I7D66S	1645
B0028JW4PU	1133
B000SKY3GO	766
B003L358WI	1321
B001MPY4ZO	1016
B0030B2N10	1245
B000CITKCE	478
B0009VIQ1A	295
B0042KHPJS	1414
B0014419V0	860
B000W1Z3VI	804
B000MD4YNY	689
B003FBV8ZW	1311
B0009JKI5Y	278
B004LEYIQ8	1483
B000KKHNZU	670
B003L35EWM	1322
B000CEE62W	468
B007P05FBW	1653
B0020T17J2	1101
B003R7M4SY	1337
B000NKCIKM	711
B0024EC74M	1117
B000FGE9ME	591
B003T7XUE4	1340
B00092893O	246
B0002Q80RW	84
B000OWTI2K	733
B0002JMV06	60
B003VLBPJA	1378
B000BYGIR4	410
B000FOIJXQ	595
B001IH8Q0A	995
B0052WC1M6	1532
B000HLO7QA	640
B00150T13G	867
B00BYH6C1E	1782
B00008BKX5	2
B000CQFS0O	507
B001VILJ8C	1091
B0002M9QK6	71
B000DLBIGG	516
B000NHUKJG	708
B001UJB9AU	1081
B003CEFJ2U	1296
B0002JN2EU	61
B000COMXI6	495
B00603DSI2	1590
B002KCWWFC	1175
B000MD4YKM	688
B0014E3MSS	863
B006V7TBBA	1624
B003CEFJ2A	1295
B0009IK5NU	257
B003UXFNTW	1364
B0089GTC92	1675
B000CIGE9G	469
B003CH3Z8W	1300
B000HBNVSK	634
B001CEXQSG	930
B000CB94JU	463
B002UCYRZU	1217
B000F7VKD4	588
B00AR9G6XO	1753
B0037UUNFW	1281
B00D7HZ6FC	1801
B000A0CANA	301
B007J0V7MO	1646
B000J19XSA	658
B003TUNRGM	1346
B000I04Z7Q	643
B0002STTPW	115
B001AWU6KQ	916
B001TFE38A	1055
B000BO8YVM	363
B001KO84I0	1001
B00G49NYT0	1824
B00C873Y60	1788
B0045K2Q9Y	1421
B000SM6OD2	769
B002I0GYZU	1164
B000A09MCW	298
B002ZBY9HW	1242
B000GU0MMU	612
B005VFWOOE	1585
B002ZTGLCK	1243
B001LHVOVK	1012
B000C32IUK	423
B001C6GQPY	923
B0013VT5N8	859
B004MEBBWG	1488
B000UK1WYS	780
B000C3XD9U	427
B0028JQZ5U	1132
B00029WYVW	44
B000EVYGQY	580
B0002F68FO	48
B0002JJU1O	53
B003UT1V38	1357
B001GH5PWY	978
B000ET9SB4	577
B001FAI8GM	967
B00H72YG9U	1827
B000X9EGFS	813
B001GH5PX8	979
B001RNOHBC	1050
B004NFTOLY	1490
B000C3XD9K	426
B001WWPZF0	1098
B000C3XD90	425
B002WIN8VQ	1225
B00BDEP9S0	1774
B0002JJU1Y	54
B000BO8Z9I	364
B0028JQYSS	1131
B006YU7G8E	1627
B001DRNNDK	949
B000AA4RWM	305
B001P22UUU	1037
B0009IQXG8	268
B0009U65G4	290
B002L146OC	1177
B000C5UFVM	440
B00BCH4WZE	1773
B002TR6WA4	1213
B0076KBPNI	1632
B003RCJB62	1338
B000TYOS3C	776
B000MSDKMA	694
B000BZGKCG	413
B00BQYCIVI	1777
B000COMXCM	494
B0002H335A	51
B0009IQXFO	267
B0000AXNMO	9
B000C2ZKDS	421
B000BGK22E	353
B001GC2LVM	973
B00AMUXDLG	1749
B000BZGKE4	414
B000HDIP9I	637
B000HBM5S2	631
B004PX8BC2	1496
B000FR5XQE	599
B0013RGQW0	858
B00480KPH6	1440
B0006SH4NC	200
B008VJ9URQ	1704
B00067BVDC	171
B001KS6GIG	1008
B000M5YZHC	682
B003UT3XKC	1359
B000CPAVIO	498
B008FW9A6K	1685
B00AZBITXE	1762
B00881EQ1C	1672
B00CMR79H6	1793
B006T5LQGW	1623
B0006O2RV0	197
B000GAYN3E	608
B001GJ3FEC	986
B001DKO3X6	943
B0081OSRQQ	1663
B0009I1WF0	254
B0017OANWI	891
B001DGEY1Q	941
B000H90XEW	624
B000HDIOX0	636
B000AMBOX0	320
B000C9SRD6	452
B000E4JLM0	528
B000H90XDS	623
B000BRGAJ2	388
B007H8DKJG	1642
B0051SUMJA	1530
B000S2SS3Q	762
B0009IQXJ0	269
B000OAUAJM	722
B009FUF6DM	1721
B0053O9EUA	1534
B00FJDL0J8	1815
B0002SR4Q8	101
B00603DSGO	1589
B0002SR4PY	100
B002P8EMGI	1199
B0040U3MI8	1407
B008DREON6	1681
B000C9R1D8	449
B009XR48MM	1735
B002NG7R2S	1192
B007BSG760	1636
B0036E9VB6	1277
B00390X6DQ	1286
B004N5WHE0	1489
B000NK7992	710
B000W0KTKY	799
B000HEBR3I	638
B000H6P55W	620
B000E5S3BY	529
B0016LA5O8	887
B006074LT8	1591
B001CEZSZK	931
B003YCEMUA	1386
B006N95RGO	1615
B00ATXEIVU	1754
B0021KZFCA	1102
B006C86G4S	1604
B000A0CA6W	299
B0051PJWQW	1529
B0070Y341G	1628
B000LMU5OS	678
B001HXZT14	994
B00029J2GW	31
B0009IQXCC	265
B000AL6WLA	310
B000OQITW6	729
B0009IQXCM	266
B0002SREPY	107
B003DKKN7Y	1304
B00445L290	1419
B0015YBYCS	882
B00192JFBI	900
B000R3SNJU	749
B002U6ELS4	1214
B003U4RS1M	1349
B0012FKF9S	839
B003VZLJFG	1380
B006NZTZLQ	1616
B0009N0W60	281
B001V8PRAS	1085
B006EGAIII	1606
B000CITK8S	477
B000CINVA6	472
B0013HJDOI	851
B000IZ2CIK	655
B001V8PRBM	1086
B002MQCY7C	1184
B00480FIMI	1437
B000PGEMQM	740
B000RN04RO	756
B009YKQR2C	1736
B0013A0AMY	850
B00029WVI8	39
B002J7KCOG	1166
B0024E6W02	1114
B006EGAIJ2	1607
B001UROUJO	1084
B0013916XW	847
B00029WVIS	40
B000DZBP60	519
B000BZG29W	412
B000WK3P46	808
B000SKYL9I	767
B000C848Q2	447
B004SL8568	1503
B001TJ3HUG	1065
B002BN5ZT0	1145
B000O3U2UQ	718
B0027XYKZO	1128
B003VDX5D2	1377
B0006ODWE6	198
B003TPQYPI	1341
B005G7SBY4	1554
B00062YZZS	161
B002MT8S7E	1185
B0013RGQQQ	857
B002UMC1HQ	1221
B000WJ64O0	807
B003UT6LCO	1360
B000E3EXH4	527
B00BCH4WTA	1772
B002U6IL9O	1215
B000CD6HN4	467
B000QFVJ5O	748
B001E5DLY2	954
B0055PD1H4	1536
B000W0KTMW	800
B00192JFI6	901
B00480FIBE	1435
B002G47GE6	1160
B001P2JONQ	1039
B007CVSBL0	1637
B002E2WMWG	1154
B0024E6ZRW	1116
B00537FR08	1533
B001UJB96E	1080
B0002U2V1Y	124
B000FW2MWW	602
B00042KJQ4	159
B001GH1PU0	974
B00A6AS6LY	1740
B00D8DR0AO	1802
B00192KZQ2	904
B008427D88	1665
B009FREAGO	1720
B00ABYVU1I	1745
B001EP28DC	961
B0002Z9L8K	145
B001NZQIDE	1024
B003P64XU4	1329
B00032K3RA	149
B003YM8YMM	1392
B00079FOK0	212
B005ASY23I	1542
B000C5BPFW	435
B000W0RQ8C	801
B001TE0IMG	1054
B003KL72E8	1317
B0051MYL8E	1527
B00D010TDY	1800
B001GH1PUU	975
B00030BFQA	148
B000BNXOP4	358
B000HEBYYU	639
B00FJXKE5E	1816
B001THV9D0	1057
B0047RKS72	1429
B000O5XDOG	719
B000FRLO9Y	600
B000GZAUQ8	617
B00469HOOG	1425
B008BE02GO	1678
B0002TPVXA	116
B00092RESK	247
B000SOFE86	770
B004HCS4Q4	1472
B003WDEYPE	1382
B0007LVJ20	217
B001UJB8T2	1079
B00480FIDW	1436
B00A1A6PT4	1737
B000AMOEGY	324
B0014FKI1Q	865
B0017K69MA	890
B0002MSY90	76
B00435TVD0	1417
B0000AY3X0	15
B0009IQXM2	270
B004HCS4PK	1471
B000BQW5LK	379
B000HBNZJA	635
B000J15THO	657
B000RXKR6M	759
B005C1Y9D6	1543
B001AJH1HK	914
B0058V9CF0	1539
B004BWU8H8	1452
B004C443R6	1454
B0036ULEV0	1279
B000JFLSL6	665
B0002Q80GS	83
B000CINV88	471
B000COMX3Q	493
B0007LVJ2A	218
B003GBJ3DU	1313
B003U4TL3U	1351
B003ZAGI9E	1395
B000OQMHEC	730
B000AM8BLI	317
B000SBCHCA	765
B00429NKWK	1413
B000UODGIY	783
B0019O1BS6	909
B003ZALGGO	1397
B004804NWE	1432
B0012ZEZ8A	844
B00C5RB03W	1784
B00CNA2BV6	1794
B0008FUH46	243
B000C3YTM0	430
B0035CIFW0	1274
B001ABPKUS	912
B00029WYDU	42
B000ONZXPK	727
B003ZBIYVS	1398
B000BO22NS	361
B00167Y3ZO	885
B0007M30AI	222
B001DRHMRI	947
B0028PJ10K	1134
B0066K529W	1598
B000CIPHT4	473
B000AP57OO	328
B00ABYVT64	1744
B0009JKIRC	279
B004D4URV6	1457
B003CG9QFY	1298
B000C3YTK2	429
B000YMP1SA	821
B000BP7M8W	369
B005KDOA9Y	1571
B0012WHBSO	843
B000CO9FHS	488
B00074Q2A6	206
B000YGO6IW	820
B003YCGKA0	1387
B00029KA6S	32
B00DL6T2YK	1808
B002H9CMCQ	1162
B002ZBPX1S	1237
B003A8D6YG	1289
B008JVFK02	1689
B000AOMQ80	326
B003N9AT5G	1325
B002ZBWKDC	1241
B0007LZI8G	219
B0012VWUI6	842
B001THXG7C	1060
B002GT78GW	1161
B001TK0DSY	1068
B003U4O414	1347
B002EBSLA4	1156
B000GU3KHE	614
B000EDST6K	560
B001DKM3SI	942
B00236XLA0	1106
B000637TE6	166
B000XPI5QS	818
B00002243Z	1
B000BUQOCM	394
B001LRG3IY	1014
B009OBW5S6	1728
B005JU5XOO	1567
B007B8JMZI	1635
B000B5QFE4	335
B000MSBU9U	693
B00002243X	0
B004P9GXG2	1494
B004HP2J0S	1474
B00CC2Z9MS	1790
B000C7YQ2Y	446
B000BYB2J8	406
B000EXSER4	582
B0008F68MG	242
B003TTL0TE	1343
B004B7YXOM	1449
B004G5FKO6	1463
B000AP8DZY	329
B0010E00T6	832
B003LMJP4Q	1324
B00AZBINXA	1761
B000CO9FF0	487
B000CO9NUW	489
B002YIACG8	1234
B0016LG0CY	889
B001U2D6OO	1072
B00ATXEPQI	1755
B000E8T81U	536
B000MY3ML8	698
B000C13R2A	419
B000XECJES	814
B000C427MI	433
B00192HPOC	898
B0025272PW	1123
B0033MEHEC	1262
B000BUQOEU	395
B001DRHMMS	946
B00407NK6A	1403
B0002SR4AY	99
B000EALHHG	545
B000B8JUAW	340
B000BYELQY	408
B001TJ1EJC	1064
B002DZT772	1151
B0002CO9L2	46
B002YKETS8	1235
B000PWZR4C	743
B000E8T80Q	533
B000AM8BN6	318
B000E8T810	534
B000BUQOFO	396
B001O0CC1U	1027
B000E8T81A	535
B003CJ927I	1301
B0009XQUKC	296
B00AN9W3TE	1750
B0007RDVH0	232
B001GH5ORK	976
B000E8T83S	537
B001UMZ07A	1082
B000C5O1VW	439
B000BQWQ0A	380
B001GH5P3S	977
B002969BQW	1136
B000W0TM6Q	803
B000FQ7L8I	597
B0034KH22M	1265
B00APL77NW	1752
B0036GK6T0	1278
B0007RDVFM	230
B0007RDVFW	231
B000IYDEPG	654
B000BQ1RCI	375
B002KNP0PK	1176
B0002KKTT0	65
B001FAGJJK	966
B00HJ6OBUI	1829
B0017T3P3C	893
B00EDWF1BE	1809
B002MAMBDU	1182
B0006MRQXG	192
B0036VTNGC	1280
B000B8JUNY	341
B004UPZXI0	1507
B0000AY60S	16
B00029WY9Y	41
B000JFJLQA	663
B00267PZUK	1126
B003IOKPLO	1315
B001TZ4I76	1071
B002L2CFR6	1178
B001F85OUM	965
B002A956Z8	1139
B003OAES8I	1327
B000ALBS0K	312
B006R2RZOY	1621
B000ND0WB6	707
B0002UQAY8	136
B001GJ3EJS	985
B00650NY6G	1594
B0002UQAXY	135
B000C5WBC8	441
B00318NR3U	1250
B000MXW2EM	696
B0023080RU	1105
B00BJCN7Z8	1776
B002OUMVWY	1198
B000642GAW	168
B0024ECE22	1119
B000JFJLP6	662
B000E8V9RG	538
B000JFJM14	664
B004IME2ZK	1476
B00G49DUJY	1821
B006EH9WUC	1608
B0049IFX56	1443
B000AMBHG4	319
B002BEI0JQ	1142
B000BRFQKQ	385
B0000AXPDU	10
B001QT9KO6	1048
B005RNGL9O	1580
B0007RDVD4	228
B0010E3JUI	835
B003UM42J0	1355
B000ACM0T2	308
B0018PSASU	896
B0002LBGX2	68
B008MISBP8	1692
B000O80AZS	720
B004MDXS0U	1487
B00JGM7Z5Q	1832
B000EVWDU0	579
B00CPGQ1GO	1797
B0009JKISG	280
B000GX9FSY	616
B000C5YCZ2	443
B0000AXU02	13
B0000AY9W6	17
B00192JF9U	899
B0012TYNY2	840
B000CQEJF4	506
B0007LMC1C	216
B004K23K60	1479
B001D5HP40	937
B0007ZAJRM	238
B0042KL7OM	1415
B00755JMYS	1631
B000IE0YIQ	648
B000P17NXQ	735
B001FAM322	970
B001DKQZ9Q	944
B002OUMVSS	1197
B000BXOGMY	405
B000IYDEOC	653
B000UOBIZC	782
B001PN88NC	1041
B0033A5PPO	1261
B0002STSQM	114
B0007RDVFC	229
B0029XJVA6	1138
B009DRI1PM	1717
B0002SR8AK	104
B0015PI4PC	874
B001VMNHX8	1095
B0000AXY62	14
B00GG9FB8U	1825
B000P23HZS	736
B000C9TAUA	453
B000I66JEM	646
B000C9PFJK	448
B003DNJ728	1305
B003YJJS2U	1390
B000RGQ4Q6	755
B000FW4LT4	604
B00466V9AY	1424
B00496Y4IK	1442
B0061TU2JS	1592
B0031P6AIW	1256
B000I4JPZE	645
B0002STSC6	113
B0009IK5SK	258
B001UFK9NM	1075
B0051D3MP6	1526
B000CIXOXA	480
B001EOWQY4	960
B004LSJ0QW	1485
B00CE75ZQQ	1792
B000EDOT82	550
B00AIG9818	1747
B000F5DQWY	586
B002RWK9N2	1208
B000AP1MUW	327
B00G49DVGG	1822
B001OIRUKK	1034
B0009T6EA2	288
B004ZF1MWG	1522
B003U7ZY9M	1353
B000L7JQE8	676
B000EDOT8C	551
B004PILLZG	1495
B0009YDQE4	297
B001UROU08	1083
B007VJ2KEC	1659
B000AP8EQ2	330
B000PJCBOE	741
B001GJ3ECA	984
B0010E1LYY	833
B003PJOR5W	1330
B000AS1XYE	333
B001XOVIQM	1099
B000EDOSSI	549
B0002SR7TC	103
B002O95M3K	1194
B0002Z9KE0	144
B003TTRORQ	1344
B000HBM72Q	632
B001CF6MUY	935
B006A49KJC	1603
B003POL69C	1333
B0002UEOPA	130
B0067ECRP4	1600
B000FGI6E6	592
B00157TGXY	870
B000E9TS6O	542
B000JFHNQA	661
B00CNYXEA4	1795
B000EQ3EC6	575
B001EAWNVY	955
B003WGMHUK	1383
B000B8N3MS	342
B000C9SJUC	450
B003YMBO2E	1393
B000EDQQK6	554
B008VLVAZE	1705
B000SL4AA2	768
B000OV32M8	732
B000EDUUFS	564
B0034KH29U	1267
B000WK4EC8	810
B003UT822G	1361
B0012BL8LG	838
B002ZBPXGS	1238
B0006IX698	181
B005SB6RSU	1582
B007148MYO	1629
B0002LBKF6	69
B000CMIYE0	485
B000EDSSDY	558
B00265FXTA	1124
B0006IX68O	180
B00029XGIM	45
B000C6KMAK	445
B00080QHMM	240
B0002LBKG0	70
B0024ECHII	1120
B0034KH26I	1266
B000CPI6VI	505
B004OK77L2	1492
B0067ECS6W	1601
B008H08LQU	1688
B000NMDFNY	712
B001DRNNKI	950
B0010DZZVK	831
B0002SPC2G	89
B0002F9YHI	49
B00DKU2V1I	1807
B000CB7DG6	462
B0002F9YIC	50
B0007898UI	211
B000E3BVSI	526
B000AL8VD2	311
B00138FAMQ	846
B000CMHVBC	484
B000KKLLFS	671
B001DRLPXU	948
B005JU5YCU	1568
B0000AYES4	18
B001NZFCRW	1022
B00B2YE248	1768
B003L2ZQGW	1318
B003Z4BBSI	1394
B000BZI4JI	415
B000HACYNY	626
B000MG630I	691
B000C3XDB8	428
B000K02EDG	667
B0010DZZS8	830
B008ZDYLC2	1710
B007ECFURK	1638
B002QMV70M	1204
B0015PN010	877
B000O80B5M	721
B001BB4LBG	920
B002XLHUQG	1231
B00877SL2M	1668
B0002UQATS	134
B000CSD6RE	512
B004FSEJZA	1462
B000COC67E	490
B0019COQ6C	908
B0002SQVX0	94
B000EDQR4Q	556
B000EDQR50	557
B005JU5UEW	1561
B000VKTUE6	793
B00480J4JG	1439
B00842A7F4	1666
B0010DZZQA	829
B0009V1WTS	293
B000WN5F96	811
B000MXZHUI	697
B000H7CKAY	622
B001KS6FPK	1007
B001SG8Z1Q	1051
B000SQWVO4	772
B000FW2NU8	603
B000VKTUD2	792
B004UQQT0A	1509
B000FW7V50	605
B000BO0532	360
B0002SQZR2	98
B000ALJ4NS	316
B001KS6FPA	1006
B0034KH2DG	1268
B003EEV4HW	1306
B0009IQZ2K	272
B000MS9VZK	692
B0027VFZE6	1127
B0012TYX9W	841
B004L5WLZ2	1482
B000BPSW1I	371
B0002RNSKK	87
B00BEDNXTW	1775
B0002U26QE	123
B000BUQOAE	393
B001GJ3DZS	980
B001JT7B3A	998
B003V4T58K	1370
B005JVHIZ0	1570
B000CPCBEG	499
B000BQYA7W	381
B000CPCBEQ	500
B0010DZZPG	828
B000CPCBF0	501
B00390BS7C	1285
B004C6OBBC	1456
B0057ZQJ12	1537
B004HCOE8Q	1470
B003WDDLTO	1381
B0024GIVZ4	1121
B004HCOE7W	1469
B000TK3U4O	774
B001LHXTO0	1013
B000EDQR3W	555
B000EDST24	559
B000EJQJ1G	572
B001445IZ8	861
B008KP7MIA	1690
B000BYDA8E	407
B005SMUORO	1583
B000VJR3GO	788
B00074Q29W	205
B00CCOBOI4	1791
B0046I3I8I	1427
B000M8IF1Q	685
B0002SQVNA	93
B00AOIM2CC	1751
B000S8EQFO	764
B003CMIH2Q	1302
B0010E1M02	834
B000BPSW7C	372
B008PN5JAU	1697
B009SDXSOA	1730
B000COS8FI	497
B009W09HG2	1732
B000EDUUL2	567
B001892VAE	894
B002PYBZJO	1200
B00DBH8W4K	1805
B00341MIAW	1264
B0006JLW34	189
B000L9QRE8	677
B005UWD2J4	1584
B000E9QF06	541
B003V3RVWI	1366
B001BNZGY0	921
B003ZE32F8	1400
B004B61B34	1448
B000EDUUIA	565
B003V9L05G	1372
B00029WYEY	43
B002J7KDZO	1167
B0065FRBZ6	1595
B000VKTUJG	794
B000I14RY6	644
B0008D6NK0	241
B000VKTUJQ	795
B000EVWDAK	578
B000EDOT9Q	552
B00802EPMO	1662
B0002UQAM0	133
B001GJ9K8C	988
B000NPT74C	715
B000AMXQDG	325
B0002RNSNM	88
B005C2ACBI	1544
B0002UEOLO	129
B0006JLW5C	190
B002MYLB1Y	1187
B002QAC66I	1202
B000EDUUJO	566
B003UWQFKY	1362
B000SQFD4O	771
B000B68V6I	336
B001VJZWGG	1094
B008FV5R0Y	1684
B001V8RYTA	1088
B00I93BOZ0	1831
B001GJ3E5C	982
B001PWA0IO	1042
B000PL2AZC	742
B005JU5UMO	1562
B004VBA4R8	1514
B005EKY1EM	1550
B00009W3G7	6
B000VKOD9S	789
B008FYKOX6	1686
B0002STS2Q	112
B00042KGWG	158
B000C2WI7O	420
B0006N5RYK	194
B000Q86IP2	747
B001AIZ5HY	913
B000BOC9K4	367
B000Q65AY4	746
B00318NVRM	1251
B0033QNZZ0	1263
B003BJNT0K	1290
B003XGYDE2	1385
B001CB0358	926
B003O95MT8	1326
B000KPU8F2	673
B002MY6ZZG	1186
B002M589TA	1181
B00387A6TC	1284
B000C30J1U	422
B000BXKYYI	404
B000E8P77O	532
B00029WSVI	37
B000GGOOZK	609
B000IIFQ26	651
B0034KH2IQ	1270
B00469L32A	1426
B0000AZ9KS	19
B0007LEG2K	215
B003S2E4UE	1339
B000CSGX9C	514
B0009TAOGM	289
B006G14FK8	1611
B00AX64HGE	1758
B0034KH2K4	1271
B000BO4WU4	362
B000WNED08	812
B0002NUNMU	78
B000B8WCBG	343
B001D8XA50	938
B000630B1Y	165
B004Q6N5O2	1498
B001VZL2LO	1097
B003V3TQEE	1367
B001GJ3E2K	981
B003WHBVDI	1384
B000EDUTR2	561
B0062BHOOG	1593
B001NQF3QQ	1020
B002VVIC06	1224
B003DGL24G	1303
B000HBNTX2	633
B001GJ3E8Y	983
B00B1VBQRS	1766
B0020K0DJG	1100
B005J3BPCK	1557
B0006N5RW2	193
B000ALG8LO	315
B00155237W	869
B000HZA2LA	642
B00B7GC50Y	1770
B001GN1GLM	990
B008QR1ANA	1699
B000BGHTK2	348
B000CSGWZC	513
B0013LBTDM	853
B000ENOPPO	574
B009EHIRB4	1718
B001EOV45G	957
B005C43YHU	1545
B007VJ2K9M	1658
B00144I5KS	862
B004HCOE72	1468
B002N4GFIW	1190
B004A2YKWI	1446
B0009IBJE4	256
B002DU3TTO	1149
B0066A1P98	1597
B0012ZITCS	845
B001RBQF4G	1049
B004PXWKLA	1497
B001C6JCU0	924
B000VL6AHU	797
B001TIZZVQ	1063
B000MX2ORM	695
B0007VWLOU	235
B003QVIXYU	1336
B00522PH36	1531
B001FAK4B4	969
B001KS0M5E	1004
B008FIH17Y	1682
B002UD0GGS	1219
B002UX1T78	1222
B0002Z9O8C	146
B002UD0GIG	1220
B0002NUNIO	77
B004UQQS8I	1508
B000WEMH4G	805
B00120H7XK	837
B000H961YI	625
B005OL7K4E	1576
B000RXNLK6	760
B00COYNZJ8	1796
B0034KH2F4	1269
B001TK7CYM	1069
B001QIYAQ0	1047
B002QGSYZ4	1203
B000EDOSME	548
B002UD0GFE	1218
B000760FXE	210
B00198GE8Y	907
B0009IK81E	260
B000760FWU	209
B0015PK3AG	876
B0049MHU9Y	1444
B0002SR6XE	102
B004UQR08K	1511
B000IG7PMM	650
B005JCY7RG	1558
B001EOV492	959
B001H1O688	991
B002RW244Y	1207
B000CIJ308	470
B000M5UD1E	681
B001B5IYK6	918
B000EDQQCY	553
B00042K37O	157
B001CAVUL0	925
B00H72YE7Y	1826
B004LQCDOA	1484
B006R170LI	1620
B00AIJY2ZM	1748
B0033A5OQO	1260
B001EOV46K	958
B0018YCRIU	897
B007G67JCS	1640
B0058WXNOK	1540
B001UHHMRG	1077
B007RFDE4U	1655
B000BAT8TS	344
B0007TQWJM	233
B00068AJPM	173
B005NLQAHS	1574
B0024E6U7C	1110
B00009RAX7	5
B000G6M3VC	606
B00029WT08	38
B000C11PYW	418
B0014Y82UQ	866
B004JV6OMO	1478
B006K8VIAM	1613
B000AME50O	321
B000EH4V0Y	570
B005JU5UX8	1563
B000KL0HX4	672
B0050SFZBG	1524
B000182DPG	22
B000EH4V18	571
B0009U7Y2I	291
B001CEG90I	927
B006QH9C5A	1618
B001JYBT8I	1000
B0015DQ81G	872
B000GU5IUQ	615
B002VVC4TG	1223
B0007TR4CQ	234
B000994BU2	249
B000TKHMWK	775
B000EH2SPO	569
B000EFCPOK	568
B0007QGT20	226
B000COO1UO	496
B001O1X65A	1028
B0000ATZDE	8
B00746VICW	1630
B0088BX0IM	1673
B0007QGT1G	225
B00KIAQ8VW	1834
B005M0LWXW	1572
B000BRJVIY	389
B0007M1FNC	220
B004VN0J5S	1515
B007TG7HFO	1656
B0007QGT34	227
B002XL2IEA	1230
B000Q3OTQC	745
B001LC73GU	1011
B00EVY344K	1811
B001CEG96C	928
B000RFUF12	753
B000EDUTX6	563
B0002VAZA2	139
B0030YWM0Y	1249
B002DZJQ0A	1150
B000B68V90	338
B001A4EAV0	911
B0046KIABG	1428
B000EDUTWM	562
B000AAJTXY	306
B0032DBQHS	1258
B0041DZ48K	1410
B001MXX5D8	1018
B000B68V7W	337
B004D5Q296	1458
B000GZL29M	618
B001UHQXQ2	1078
B000C9WLA6	457
B0087NAWYQ	1670
B005WGR22Q	1586
B002XL2IBS	1229
B00D8NAD1M	1803
B00BZSE5CK	1783
B000G72UOQ	607
B00A8MZ910	1742
B000VKODGG	790
B007G7PUMS	1641
B001DZFZPG	953
B0000ATZD5	7
B001PWFPRU	1043
B000BOKML2	368
B004RCUTFI	1502
B003Q54V88	1335
B001C5MEZ6	922
B0028081GK	1129
B004NSI868	1491
B000A8FMLO	302
B002X6VXL4	1228
B004JOR8GW	1477
B0002U1TUS	117
B001KRYIC8	1003
B003V3PZOY	1365
B000BUTD8Y	397
B0015Y9358	881
B000BUU5YA	402
B000S2ZPXW	763
B000BRFQOW	387
B006FUT0CS	1610
B000BZIFV0	416
B000UJG0LE	779
B004YJQE0S	1519
B001TKWRHO	1070
B000BN3A4Y	357
B000GKLWX8	610
B0009F9UZM	250
B0015Y6GDU	880
B00FLSG6V8	1817
B003G0KCCM	1312
B0002JMAKW	56
B000BUTD9S	398
B001TAFBPY	1053
B007ZGBLNW	1661
B000NBVFN2	702
B000COCTXA	491
B00C5THYIK	1785
B001P1ZAH6	1036
B008MISCLQ	1693
B0002U1TX0	119
B00079V5ZI	213
B005FI5BBA	1553
B002BHRXJ6	1144
B000XQ9MGE	819
B000CCID28	464
B000UTQUAK	784
B003EP3ACS	1308
B000BRFQLK	386
B002BC4N5I	1141
B006X8BATI	1626
B004HX1DZM	1475
B008PXBAXK	1698
B000AMLWH8	322
B002X1JWTY	1227
B0002U1TVW	118
B0002SRCKG	106
B000CIT3N0	476
B002YKMCDW	1236
B000BQR8TE	377
B0002SRCK6	105
B000JFHMVQ	660
B004BXH6GI	1453
B000AMMN9O	323
B00B2A271M	1767
B000BUU5UO	399
B000UK3RT6	781
B001O0AMZS	1026
B0002U1TYY	121
B001GJ7HCI	987
B0002SRH7O	109
B0002U1TZ8	122
B006OQ35GU	1617
B0000AXTUY	12
B000CB6FNS	461
B0009IQZFM	273
B008BWGBKC	1679
B0006O1ICE	196
B000BGHYDO	350
B000924QO0	244
B000ALG0KS	314
B000KYUQ2S	675
B000H6QWWC	621
B007KTINWQ	1648
B001TJXWH4	1067
B000E8XFOQ	539
B0002U1TXK	120
B000BYEMFO	409
B0009IQZH0	274
B000CCMKZY	465
B002JTWRN8	1174
B003U4T4PU	1350
B003L2ZVRG	1319
B003OXUPOQ	1328
B00FRZPN64	1818
B000BRF3VS	384
B002XOXSI2	1232
B000OCH4YO	724
B0009IK6TI	259
B0002Z2MZ4	143
B002OR4242	1195
B003EP52BU	1309
B000E2CVIS	525
B000BMWXZM	356
B003TU662Y	1345
B001V8U12M	1089
B000BUU5Y0	401
B004K23KQ0	1480
B000BUU5XQ	400
B0011O4WCG	836
B0031XXW4O	1257
B000BR8UAO	383
B003UM7B98	1356
B001AWLTX4	915
B00042KQ58	160
B000FCRS0I	589
B002S9UYM0	1209
B0085KGOIE	1667
B000FPYW4K	596
B00AFBXQNC	1746
B0002MB80C	75
B009OBW28E	1726
B0087XOTWW	1671
B000BVRZ74	403
B00B7M7BN4	1771
B000E28EG6	522
B002JH7PEQ	1171
B000CPI5XM	502
B000IZSB2Q	656
B001KSEIJ0	1009
B004HAEFS2	1466
B003A2SRUK	1288
B005JU5VH8	1564
B000EJS9IM	573
B000DN7Q3S	517
B009OBW29S	1727
B0006MQIY4	191
B00075OSBK	207
B000C9WL6A	456
B000C36BHG	424
B005CO9FDW	1547
B0000DYVN9	20
B00353PWAW	1272
B0010DY4J4	827
B0002SRL20	111
B000CPI5Z0	503
B001TJ70ZE	1066
B001G6PNRC	972
B000BPLNXC	370
B000E2CVI8	524
B005J1UK2I	1556
B002ZBRYEW	1239
B0006305RY	164
B007JSGR9Y	1647
B000Z0HVHA	823
B00020CB2S	27
B0040M30O2	1406
B004HCM9H4	1467
B0009IBJAS	255
B00B2YHFO2	1769
B000CPI5ZK	504
B0015YCE5Y	883
B00BTGDR9A	1780
B000JK2D06	666
B000XEHWRM	815
B00826N5JW	1664
B0094V61V8	1713
B0047ROXOG	1430
B000S2QVYE	761
B001VJZOBO	1093
B005CHT4W6	1546
B0067DNSUI	1599
B0002SQUHW	92
B003V3V61K	1368
B0022UP8XA	1103
B009UKUURO	1731
B002G2261G	1157
B0037V0EW8	1282
B00020CATC	24
B000CIPHUI	474
B00HJ6OBIK	1828
B000P7O5DG	739
B002JOVUO0	1172
B000HBIDO2	630
B00068KU1A	175
B001HXMG74	993
B00068KU1K	176
B003ZE076U	1399
B009OBW23Y	1725
B008O9DV78	1696
B009OBW23O	1724
B000NCS7GE	706
B0002SQYSM	95
B000BPTVTK	373
B001P11SCM	1035
B00032KC2G	152
B004BSNNY2	1451
B005JU5ZKG	1569
B002N2SUIM	1189
B0016LE80K	888
B0001L0DFA	23
B002ZBWKAU	1240
B000E2CVDI	523
B0058BQQUY	1538
B0002V9IFU	137
B000WK4CS4	809
B004D5SUIC	1459
B000KPU8MK	674
B00020CAVA	26
B000FVDJ5M	601
B0009IQZQG	275
B0032DBR9K	1259
B006R0XYGY	1619
B00032KC3K	154
B00032KC30	153
B001A0J2JO	910
B001CF4UWG	934
B000CIPUR8	475
B0030GJ2SW	1247
B0059HJFU0	1541
B007FSN2UK	1639
B00020CAUG	25
B000E81VN8	531
B0002SQYV4	97
B0030PWDQG	1248
B0089LSMSE	1677
B000BM8RT8	355
B0002UENJ2	128
B00280BL9O	1130
B004XNQLB2	1517
B000BC976K	346
B0002SQYUA	96
B000DZXIJM	520
B002BELP3Y	1143
