AF0ZR65G4QK28	1366
AX1NJKXIERL1X	252
AAOX5FQZ7TJIL	2257
A1FZ1O1T4FT2BR	1299
A34SGUY6AK5SB1	2220
A92PYHU2388LK	655
A6VZY3WM01HLS	1944
A1F7YU6O5RU432	237
A3NZQVGB1RYMOR	676
A1H86E0SZ1YCVO	2783
A16ALXKQ02SKYG	2731
A1Z4GII5CHCDG7	742
A3PG6W9NVL8AKF	1705
A3HR0ZZOFKQ97N	1053
A3SDIGA00CB8BP	199
A2OXXSHA4Q9YHD	1540
A1FZPOAI4D3QZK	2820
A39CUR83QW70CP	739
A2J6Y2XJ8VDN1	1012
A1JCH1CT71RROY	2381
A3NMJ4OPK587WV	1542
AEFNCTVQBIGYB	1635
AOAAUYY33OSJT	2244
A3W46XJPGM6FXS	1545
AYC0EKXYI2T8K	151
A1HDK51A6YISHZ	357
A1YL48B504EQ0O	624
AFSWPEBL6D1CW	2027
AYD2ETYMJ39HL	820
A2HCGBJESN9UA6	1645
A6AMF6ERGFPYM	2467
A33AT2VJGWP9GD	2500
A6B53E1Z258WX	1784
A15ZASNQATSHUJ	1927
A18X0BKCUBO1MC	1114
A17PBBI33RSYY4	683
A2RV7E3NGG70MZ	2548
A2LZIE48D0VX49	419
A1U26EX9AE6TUQ	2386
A1AKW788238PWQ	1061
A20EG26THALF90	746
A3BGX078X7ZN2M	2510
AENRE9BP7LJMK	803
A37HDJH4S6C1CQ	2562
ACVDL5QRCOPE1	2754
A3ATZ0XK03J2OS	2250
A3VBXQKRM7A4JR	2582
ALL9XFM0Q1N4E	1481
A3MQ15651KGVLJ	2230
A3JJX61ZB1Y28D	2342
A27UGTTPUN210J	1547
A27YMV29BOMCV3	58
A12TUR2CEF0DNR	1431
A1MDVYDLJNCKA	943
A1PPMCPO6GNQHJ	450
A7DQ9CRT8VK9G	1111
A1SV7ACF6344RC	1581
A34N6WLX8TKVYO	2452
A22X79HHR2COKT	530
A3EXWV8FNSSFL6	2049
A3E0OQIXU6S3CI	735
A16I1ZG3MBLZUW	1498
A2TA40MV2H4O6F	1515
A2P38D8T3HQ14T	2432
ADEZOPMPKK146	2246
A274MXTX3DYLUV	673
A3HH340REI4J47	853
A1WI2GU6SPDSCU	935
A2LSX4NJBOVQVE	2678
A3KCT4XQZF060	2326
A1S0J03UXU965T	2377
ATMQFK1UA9QX0	632
A17OSOO1PIUG7U	2808
A2EMKC5VI5MZXB	897
A27GPXG538KWHU	1315
A3ZYG4M0JMS92	1347
A2068BC3ZXAVJQ	2903
A1BBDLC077E8KQ	2477
A65VEN5RKAEA8	392
A3CZBEJLN5CQK0	1090
A3B4998H1IRSAW	2532
A1AEMJE2R27T56	734
APS831ZLF95PS	62
A1FE0XEM9X5EB1	1384
A3VFT14904CUGV	1017
A15PUBCS4N4G60	1620
A3CMG2LKTF8NL3	193
ACF4FS52O8XTL	1866
A2PO4RRGNWDLH5	1978
A1GR1T43D8DVM	1421
AYQNWE3AX4H08	2416
A2AAHDM93LC9BI	2863
AZBLP8S3CHH3	583
A3I7IQIZKJIJ2V	832
A1GO3HYUBF4AHD	1916
A2Y6RAKPTQDCU	2219
A1MW1D60L9LAK7	2766
A3I7YZJC9JFCLE	1226
A2MTO8B1QMNITN	1686
A8TSRBSYWZSZG	2449
AROZC424MC1TA	543
A2JP6PEBS5Y2WK	1205
A2VNAGUP6GD6ZW	666
AEC90GPFKLAAW	1174
ATS2855497V0I	2580
A33XJZTXAJSJXS	873
AOUSBBQU6MZYT	1102
A228XGXE00Q9PZ	1189
A1TIM9Q71APDS9	1675
A37DENDIL467DJ	1888
A3LWR6L9ZPUSDZ	753
A1PZBHF3YHQXEI	2053
A2XB8OL4T1OFY1	786
A1CMD08Z49PGKQ	70
A2ZNDLI2VULCM0	1557
A3AH30XR3MXSD1	2380
A16A53XJMYEYJ2	191
A3I4QS0F350D17	154
A3HTSY3S8FS680	2225
A1PALB7SWBHFAV	2355
AN20XG3UGI535	1797
AA2J8Q3NDKTVB	1862
AKA26VTLPSAEF	1958
A2TPT7UFIPKZ9Y	911
AEGMG7KV9DQ87	1372
A3OULKA91R0OOO	1999
A3SBFUPCI9HCZJ	1043
A185O1MX1RP964	1200
A3CH45AD315YQP	885
AA8GI0FQXXEAH	2266
A91KV3DEAR5RN	2034
A3A3MX94U0QVW3	844
A3C1QYGEET3BVY	2175
A6O68OHIL8QFJ	1091
A1S43HUIN3WJYJ	621
A2BBWCXSGKC0HR	385
A11OH777695MM7	71
A2G0FAZ9WEAPGW	1167
A30XV0WG3JAK3R	2776
A3EVP3WXAOP6SV	719
A353HUHJ0N65YD	1333
A3E6JBXN9KFHRX	1656
A19D5QX33M48NU	1771
A9MFACBOH64R2	1539
A7FETU1L355TM	638
A13KBLFF4IZF7H	743
A1V4OM9OZWO2JQ	2121
AOLY6K5ZYP9L4	1220
A1MZ2BJHUSTW0W	1325
A1Q65KYDKXIX8E	7
A1J1S9E53DNAP6	813
A49W7XK0KETAT	1187
A27A3VQITXJ4LB	2441
A4WE0UGOCKDPX	145
A1O4DGGWSNUG9O	2659
A2QKNY3Q01RJNX	2440
A3G5MOHY1U635N	413
AGJ0DW8O7D9FL	2685
A2XPJ5FLVMFJAY	784
AL9MGKBUHHRD	988
A1EZJQR0OJMFPD	1763
A3A22UTNU41DGP	2412
A2PA1D7FUYHKH1	2615
A1E7OHMDVDBITT	1768
ADAYT4YDXRSGY	1935
A3P1508PZ0UADD	754
A2JF0OJQGR57RM	1123
AOS94G3AVM0S1	299
A2YCP888KVAQYY	1113
A35HFZ8O44O062	2089
A2WTGMPVDMSAA8	2171
A1C1ANPYKVKUT5	234
ANUCUDKICEW1N	1652
AHS6PX6H22WW1	1184
ANKOT3FZUUVGT	1371
A2DCCKHW686ES	2004
A2XXCCT0TBVDIE	170
A13BTOUVLN4EWO	2028
A29JJA5Z9N0YAJ	1314
A3SD3E6FIS6CS9	2865
A3NEAETOSXDBOM	34
A3PBPEFMYAX0CT	135
A2YVE50EG4W19M	371
A2YBJUGE0Q61NZ	1218
APKBGB3JBWL5X	468
A2M14CFAMF8J7I	766
AM1N5EIGZVQC1	2493
A1QZC5VE18QW81	1825
A3TA1UJWRJF9NC	294
A23GA883KO0V9I	852
A1F8F5LZ9GCHSB	675
A337TPRP65KNEZ	1425
A34IWRXV6RC25T	1070
ATPFSP7ARPDXO	2869
A1XXH0FBPDZIHF	1898
A5Q6HIILKDTXM	2761
A1NM3X62SIM1E4	1474
A31E6C5TIIAEU6	1530
A1HYMODFG3CRH6	2478
A2M4DG3VY2P0NZ	1637
A39NQWCVLWJAJ4	2406
A1M8ISRWGCJSWX	2800
A5GPH59NDWJRB	2734
A1H79QIIXALK3N	648
A3ETIHCNQX77Y6	934
A31FYZK04YNOJ5	544
A1NRC1QV6O3XR7	954
A3HOXLX04H8VDZ	118
A1IGZ01OS01D81	787
A1V4VVBQBFXRHC	821
A2FC76D8BXG0PR	1311
A3MJ2QVZOK8R3O	2323
A2G7O8WVSP6SV6	2543
A3EK2KTYHJCPB9	2721
A1THF5BDQHRMOA	1382
A3VYY2O3YMC1BP	687
A1KOUOFDIGJMOP	1324
A1S4J7ZUNAPWQY	2016
A1UVWTNPX8TR0G	1173
A1YZ81OXHIYC2P	2222
A2XA8CW5DF4MNZ	2547
A9GTZU854XN0G	542
AVP1NL6GYMVR	1313
A1OBS7GDT8D4C	2236
A2JONE9ZKYI08U	1142
ATZVGP985LF5B	2824
A2QGDRQTKTVZ2F	1368
A2DG8PH0DXDB3F	129
A3PUJSAHWHZTOH	1362
A26AY25KX3QETB	1634
A33Y8C4818EJL0	2741
A29APPTLKD4RV6	1207
AT997T4MTH9B7	658
A1M1AWXJ1I3GYZ	1438
A10FHIE6EYFOUG	73
A1J2UNTYHF6WIA	1489
A23QII83UGZP5U	2861
A37D698DDHZE8C	2254
ASTPTE6EJ22ZP	1003
A1N1VOQXIZC58T	1911
ABL2CBNEXEWU7	2064
AXF1IPTWCCX1W	2359
AMGG5L7VFDEWM	241
A2JXLD4OCF2E0L	2061
A1JXGTCBVWVJRN	1890
A2PIG1YPR7XTVM	1726
A1TJSISL4G8E1A	1151
A275L12XC23G9I	1193
A1B14L92LJ42B0	2397
A39XSKZ81YPLNX	1508
A2DGBX9H39N082	2361
ANT9CQ8WYEX9H	2684
A2N3X00SIGM2PZ	1484
AQINPIMC09ZAT	1817
AWWBWAEQ8UUO0	2047
A3EU8AGIO8KX7A	1037
A1RWF3C3L1UOJM	498
A3E1KHLGW659JH	708
A13V1YUISXUH2P	1266
A3JV071KO43Q5X	1564
A2I4H965C16V7Q	1810
A3I0IOKS3IV3WY	554
A2Y26BXUHEVR6S	2526
A8O5KK31X15Z4	1429
A2PICNZWHEINQC	941
A38BKI1P3U4K87	590
ANFXRHQ3IM9KR	1465
A2JGW1JDFWR4YS	2331
A1A1BM6N28X9J0	2623
A3KNBMKZJR1G7P	1028
A1HEKOCWYD99L	2030
A2TS1Y0QWQ3LA4	762
A3L6XHA5FVMN16	2403
AMN5A386K9OK9	1629
A20T9I04RRUR2V	1820
A1HJISB0NCF2V0	1942
A2HCVSW58J99GQ	975
A93QX12JVL8MP	1988
A1JUL1UZJQOF3Y	1957
AVRFK0I9WDS2P	83
A16891I4E68KES	1593
A2XSY4L7GDHV4W	1750
A3CZUQD3IIICDN	1902
ABM9CL72EGWKN	657
A3K1744O3KHT88	2476
A2RJKVBUNZCSXI	213
A24UA6W45CJXB	909
A2UTU1T0P7YTSG	782
AGLWD7FVS8E1L	2065
AF6WP7ZTW3W82	1440
AYINNKPX9D60N	301
A2NZB5S3QTQRVS	770
AO4VTVBTD0QED	109
A2X31OP5EQYRWE	2242
AL3G7RTXMGLDQ	1741
A3CYJFR9MTC77K	2302
A48V9754OZGMM	663
A2T9HCIVTG1OAA	1280
A3IJ6VWHVDRZA2	2535
A2PG9YUY0406V6	1693
A1U4TQPTKH8ODK	1720
AY49JOXTLDOG2	2360
A3750I0PAZ2XDW	2892
A3Q15U42UMI6NP	179
AKU5DF4MIBIT1	2116
AEL0NCDT8JUCT	2212
AWBEL8741Y0IR	567
A2ICYAYGGHIVZI	616
A3B2J6DXJ765VV	1824
A2YZEJW44FSFGN	2815
A25UBYD3S1AWJ4	951
A1LR5LMV6JTZK2	222
A24YP3PNYEGZBW	637
A3R65GJY5O0AG3	2351
A2YZ9XYWX9NQEW	1799
ACBTRDBXC322U	2385
A2OCDK0BOW6UCY	2718
A6AU1EI1G5MY1	1295
A34ZS78ACD3D7Z	116
A3ETYC1KEQDELJ	2837
A2H4OMJLE7JFM2	486
A1CNX0DWAST0SG	1449
A1FLJ62L8JAQKO	2829
A2XC2ZLV8D3JT1	995
A2EUNFM20BVQNX	1156
A2PKXORLQOXFJX	928
A2IYTXOM5CVQWF	828
A2UEH0U5CV3053	1802
A3IIGCFLKVFW8M	506
A2EF1KIQ7TMPPF	1949
AHC2CUX3AWPHC	30
AOZYCKYK02I6U	489
AG9MPKMXII1VG	1943
A13NH7K6FJ9675	2763
A2V8GI1QU38PAZ	286
A2NVWX4DJZWR9G	2041
A3KBUTSIFX0K9V	547
AUZINV544Y1ZC	217
A3SO2AGQXXL8LC	1269
AN30G4IKL1BMZ	564
A1MNGF7I1BEN2G	196
A26HEXY6CSRHB0	1476
A2YSDKLRUJ1F0O	2568
A35OFFNQPKC59U	956
A2CMQIU3F1DODD	2524
A31W4WYUD8R6L9	1607
ABKUJX7YJZ3DA	2425
A2CW6HY2ENGG3L	1715
A2J9Q0H5Y8BQJY	2111
A3LOZE9R8CEYOT	1479
A1TOGJ13YTSUHU	1969
AJCHGS1GND4OA	417
AGYKXWBCC4F2L	869
A1IVE7TTKR2WKQ	551
A2G7B7FKP2O2PU	2624
ALNFHVS3SC4FV	2723
A354NJ732VIPTZ	2343
A2V45C9DRJ83MT	2530
A1EGTFFB15TPG1	702
A1Q9RSZCYLFXDY	1277
A1EEF3UC83LG0S	251
A3VEFQ25OSXMOQ	2297
A3LNC0DVTAAO7A	94
A2VTVISFZQWOWY	1434
A3FNO6IZUZMIYI	142
A2X55HCOKVBEEM	597
AFM2J3HJNPIHV	2204
A3MH75XEELHGY0	39
A18WXDHTOSE24Y	136
A2OFALHOGHG04R	2114
A2KS03QLEXP09W	446
AGR1V15L6FLMA	891
A2PHXB4LFHO5UZ	760
A1HAHPVY5LDEC0	1576
A2Z4NVP3YCLLY6	403
AWT9JKJSNZU2V	881
AD0VA39FRVNKN	2086
A2RW8UPMROVVH0	361
A4YV49T8Y0X94	19
A13SB9V68YJG73	2464
A1P3RTQKM8BRBL	184
A9KMLGCWPQTBT	2399
A8J75B2DIZ30U	156
A3K11986WTDE45	1669
A1UQBFCERIP7VJ	2792
A1IWMPKH1ELQQP	1662
ALASL4TSSQUSC	1805
AEB5O5LHW0TIX	2336
A7PNME6IVJT0G	2282
A254EBBW0W3SOW	696
A2RQOO8VYAEZZG	2753
A29ZTEO6EKSRDV	2639
AMFWW4XRCSGSU	2036
A3OH87VLWQ3O0B	2305
A2PQJRBRH1IVB4	125
A1IYWB3X1T6ZJ1	1199
A39XMXZBKNZ0AO	2767
AHYQS0RQ0Y59H	1224
A1PSH8G39ZM6M	394
A11IW3NNICDT8I	946
A3V0D97QKXDN5R	767
A23S20ZI041Q75	132
A30UIX94KZY50P	1010
A33ASQ3O2MIPNP	36
A28AHI180H69GK	367
A3TYK94ZGTM1HJ	1719
A16PIEV3K5V6AO	122
A3MUZNGD8P82CX	183
A2G802DC2EOBBR	994
A34LK05I5S49LP	647
A36E8TYZM3OW4S	2661
A2Z99424KWK98J	2554
A2QNW2W6OJMJUX	369
A3RLMTIFIZKDQF	732
A21282YY8RLHMB	1857
A1IUKMYMAK9TV7	2151
A35IX2GE0VC0JP	2318
A7TFCAPPGFFFA	634
A3NPP6SN6QGP8U	889
A2WQA5YPH8P4SB	2527
A5HFEHGX38UPM	877
A1TS2KWXWMSRJH	373
ASVY1WZV10NT1	1701
A2N75ADJSRW0AH	273
AMBJQQSRCAOHS	1031
ASU90XOGDC02M	2072
A3A3ZRLCQ2SR94	2167
A3HKZTFCPIK2OE	2872
A1Y0R6C487JDXO	478
A1Q5FIU1WYXJ81	1796
A1S78V0MOUYFUA	2698
A1E6BR4ZP2CJWM	1847
A203OCQQ12MAVT	1171
A1M92239OM8KPO	2793
A2O52ICJCRQYVK	643
A3RHPUZBOP4D47	2875
AY4C4B0VOFHT	1089
A361M14PU2GUEG	2769
A8MDO3XHF5P9N	1495
A33FG1YPBIIW5X	2097
ATL93WTPGGMA1	2437
A4SG7QPPAW40J	1596
A35W3JQYP0M655	817
A2Z1TX1R9L7NUN	1613
A2JP9E1H0SF392	1582
A39KC1FTFJ6WE7	1520
A1Z1HEM9QZXC4C	2847
A29BHW9YT2FZ77	139
A353U0L2HAMSHV	2674
A1G4HOHX1Z1UMP	1351
A2WO2PLA1MUSF1	2011
A27A00G8ZVI1JP	465
A1B6O7SAIYG2N0	1709
A133OLJFP564T1	365
A2N7VBQQA6X69S	1553
A3IF3N23NL7ZBR	1404
A1IIQO2453V234	347
A1I2POACAFVJLM	2680
A6P5INZE0TDKL	1216
A3JVN244YWI3F3	1936
A37CNJCLFYNQD1	463
A121GC5DUWXJN1	2679
A14JBDSWKPKTZA	2918
AU7YJOI1DSB5G	2574
A3TC9LDTVQ9KZC	1297
A5U5T6EWH90O0	2867
A2JMJVNTBL7K7E	1271
ACIN7VHV8UIZR	1365
A2HVJSTFR0M8GL	2893
AHG0N8GME19U6	981
AEPSAKVNQR0BL	1302
A1TT7QGOSXZKM2	1458
A1ITRGMT80D5TK	2644
ANL4KC4GZU82E	1976
A3JDI3JXAP3MGQ	573
AHQRU3MRORIWQ	1950
A31RULW0KNYJ5H	1895
A20361V1Y2GZ5X	2319
A25QOOC1QRADAC	1222
AWR9OF305F4UQ	1245
AA045E1DFI68X	2164
A2Y8QNUOL9V07I	2491
A35QV1VBSTZ0UQ	218
A1R8TL0ECQA6VL	2506
A1DMR180CA6WDI	1131
A1CCBLW6NH70ID	2378
A1JUTJ04CN4P1N	236
A2PB7V0BBJ30QP	396
A3JF20DXYQO8NG	1108
ANWCUYW8T13KO	2190
A21XUDC9QBLLSI	113
A1PLWYRYHZ1ENT	607
AD1LR1Q2C73S3	733
A1DIPVFBDL4W6R	79
A39E82EWRW7WZY	759
A3IXGIO9R0I64	2161
A1QPZCVXMCIJQJ	296
A2PRK4GZL6SQUJ	614
ACMXHJV1KCOSV	1234
A2GPQZHM465OUK	788
AMKKT0EKJA5ZA	1906
A3999B1P01986J	155
A1YUUW3PEG1JNU	227
AJ4XON673JKX6	976
A3AZI828WJN1CD	2720
A24RT6AVJXJZHF	164
A26TN8EFJUI8RM	993
AIT1LLE8VOFFP	802
A1QN075G0OKBWJ	2610
A1ELIO0WR1C8I4	1471
A11HD68D6QXXQ6	2178
A1NVH85N0ASOZB	1150
AGOAE8SG6972J	1791
A1Y3YM1XM3N71S	231
A1PMQITGE4IA8J	2337
A39AD95B47OEYX	391
A22SHT4UYTDDF4	1360
A1WLHNY7RNKEJL	1197
A1DYW8V82CXMQX	1919
A1KF61HK8BM4D2	1556
A3HIUWKL4D853W	2781
A38BUEXQR3ERCX	1094
A2AEZQ3DGBBLPR	1991
A1I2XL2XQQSFDQ	2021
A38T1X0WFI8K9L	35
A2WDCAMKCCP1UR	1737
A31HLFP0K88EW4	405
A3I42CDG116KKQ	420
ALP7A0NNEYU5T	798
A1QRJHLNCUSH7M	602
A2GV96XCT8BJPI	2369
A9C7OR52SNTS9	1306
AQBJQG8EQEEL6	947
A1UIXKISTYCD2X	585
A1SBT8UO5AZYMD	211
A1MYX6BVSUNE5Q	208
A34KAA7V803KJA	78
ALA9EIJ7G1SCF	130
A13S0N4A4ZEKZH	606
A3I0LKKKS267OG	1354
A2DIZOV9NGTNQF	2094
A3GM951Z60CHA9	2191
A1C5WS021EL3WO	314
A1U8MWMH8RNYUV	582
ANS2B0H2K3LQT	2822
A1DKNFJAFYC3QI	1388
AN503ACH2N949	1073
A16Z2OECAUX8Z4	2694
A2Z8E86KKRWCEO	187
A2SEJZ4E8N675N	834
A21N9SMUXRWEQT	1835
A302P9DJ4O9FJW	1160
A1EBZ3K5XOURGG	1695
A3BYQVLXL4I2FV	1519
A2ASP462CGXSMN	622
A29BEY0JPNHN7U	2642
A379743JG9I677	2413
A1E84WCMK9MAEB	2310
A7G126IZ2JC3L	221
A3JL4S6EPDOGP4	636
A3KZ7OH4VRL048	1663
A2L72GWHIYQ34R	1392
A2F4OUYS6G6LM0	1917
A10063PJ5C9WQQ	2899
A228MG8LC5AAS8	2647
A3IEAYDS24L2IK	2197
A3D2XMRV8DSK3J	2551
A3JUHP1E3WUHEA	2725
AEP1Y39NCCI53	561
AQ7Y8GNP78C5E	1056
AW8ESDU0C82O0	1930
AW269WUHSW17C	2143
AXJ529STIZPYJ	1182
A2UU3TQD379THD	95
A24F385BETBP4N	2481
AXP9CF1UTFRSU	1004
A1OODBE47LKHZT	1272
A1EH2S92FHWZRP	1032
A2V7ZLMM0MJQZ5	856
A2KWHIIZRNQ4SJ	1633
A3NR08HZ9C4BYT	763
A2PNBEVAMV28R8	1757
AMN6XBD1M6HJF	2499
A27CDGE3TWNU04	458
AXVDOVICKXGW4	1580
A2UNI5F2K6TFQH	2759
A3RLJ74U6JXAZV	1001
A3173BUN91R8RF	1736
A2ICKE6A3MJMM5	2358
A3825IT5S4DZ1X	2260
AU8O7S1N1638B	2842
ATV1LVNEECNA3	537
A2YEFJMLQTZZWE	384
AAA316AS24O29	1804
A1HWF1UEC9KFYJ	2321
A2DIB6OLG6HLU0	2160
A3HC55XYJEMQP6	1128
A3SL2O5KOVWBGK	1239
ADVTJ03JD4RQ2	1492
A2UDX5DRBCXBND	2038
AKAM7QXKZMJK1	1322
A7RFDGVXDYQLJ	2735
A8XPN42W292NK	2334
AFVNCMVQYZ377	697
A3OMXO2ANHIQH4	1803
ASM9ZMLN0CT9Q	1080
AD2BTZLVU74RN	1780
A38KK0SZYEH5UD	747
A2SCFLORGS4PVI	143
A3P8SSQ21NTZ0C	1309
A216VDO5BCPX4X	2263
A2OA8TE8CGQCJO	363
A210MOW8BZ6YWF	2691
A1JZE0P75SWGD9	997
ADHA1W879JNT0	531
A9BWUH9XKZ2DQ	443
A2FGZJ50RFCL39	1915
A1KY6OX5IXBDZ1	2460
A3VVBFS9XXZO3Y	2666
A23YLPW55X1XZ	1162
A2ZCG424VQZFSP	1967
AWZRDYM8ZKAUH	1733
A3G4PPSVXU5YMF	1839
AKI1G39LIMJFA	2576
AC61U16AJQ8X7	1618
AG7MBYH38IN1G	1047
A2QEYP28U6YXM4	1211
A2FOH3M4KWXRL2	300
ASQKCOMX3JFJA	1138
ATNA5PUUDDI9L	1907
A2EP9NA2XQR533	2701
ABVYGB2TKBO8F	140
A2XDY2UYPM3XBJ	2314
A1W9UJ28FABCBT	2024
A2PIMV34TSWOUM	509
A3PUAZ6L97FT78	1289
A3E7KV7SUR28E0	306
A2R8QRDT7OY7D6	98
A34FFE15ZG8JK1	945
A22QKNGN59XYZG	42
A1F5HPOD03SP86	1401
A3CW0ZLUO5X2B1	1619
A1EPHD4E18OFWO	2848
A3NFLKMVYLOZTC	1273
ANBTTR2QT4C7	402
A3W3B9CBCR4JTX	836
A2TFHHZ7TM48QU	1379
A3EM243NDJ4DF3	2927
ATOKT8QYK967L	1179
A357B3PUHSVQA	2750
AAEVGE52KL0DJ	1190
A1VMCB9SBGZSL4	2348
A1GGNQP11JJRJM	244
AYDQDYHNOZFR	2082
A24Y9E1U0BV1EE	1451
A38353GFTVATJR	1493
AKWN5LD5YN7QI	2223
A3R1A69EOTRSKD	1422
A1H3LQFLOBU14F	1738
A2L4ZGN7GZJ95T	2733
A234GO3KZYKKTE	144
A15YJ2DV1S9ZP2	292
A1MCH5RXDOH87H	2172
A1J89158T0A2KE	2448
A3EN2AV22EWE43	2794
AT4WWKZKHZ649	1776
AXT4VG2XDXGC4	1083
A18ZXVF5AQFK35	2043
A31G61OTS2PHRK	1410
A27CTW0GPEE0AZ	2729
AYYZH8KL2Y6D3	940
A2XCCN239AR1XK	2739
A3AWB202EB076E	360
A1N5P0DFOKEXIY	1060
A1XDRSGSV56YQ0	181
A20IMJSRDY5PDA	1279
A26504PYUT2Y4J	730
A1EWHXH39UTTA8	998
A59SQA66PPRXX	2421
A2IS2CYVKQD3DO	1756
AEF12MHCWA243	1552
A3BNMHRW2R35LK	671
A92XNAC3PIV8H	1228
A37RIRXE3WECZ	2866
A2X82DESLUFS2L	2192
A2XVXT6IBXTZHG	2675
A2BYXX5JLY4FIU	87
A1QAM9WM0PI5KE	1486
AH9CLDXQ498IC	2339
A36SCLCL9XE4LO	344
A3J9T84USTXM9Y	1718
A1J5YPB985HBEL	2017
AJR771QZFSEHI	293
A2HJD2FLI9DNLA	2806
AW2CYR1UFNI1R	1664
APVUOXZ3DTV37	772
A1H8HQVNEAFE72	1920
A2PK64OVZA1U8Z	1011
AS5Y2CHTD31NC	2833
A2W8XXKJLPKDL1	1794
A4ONPTKOHKXPB	265
A2OOKDH2AZVSK1	1783
A34A1UP40713F8	100
A3OP7YR7NG4OH5	922
A7VHSWMVWRNUL	642
ABNMD6670TV53	2900
A3U8CM3MTMVHV1	285
AMCAZ4RTTD2V2	625
ADY836HK6QSYR	2604
A3AGE1M87PVN1	1027
A3MUI7AUR0G1GT	681
A37EOX62MILFNU	1922
AR90ZOZ4JEW7J	2715
A3O8QKI08JRNL	2231
A2D29CMZGARD20	887
A1MLVQ20U6X3ZC	938
A2CYY89WPXX68H	823
AWYNXWF5XPZVN	1096
A1J9RW7V666J3U	2514
A2QR9IXLMIDL5U	644
A1IU7S4HCK1XK0	44
A1FZQ9YHQK9WZ2	1912
AE3B4JNHK2AWA	1670
AVXC6UHG42PPW	176
A1JJE3N3PMKF6A	2387
A1LXHQM4NSC1T4	1469
A15T9G38F589KM	2521
AUL97F9VWBK28	2067
A1CST2WUA32GP0	1826
ADXVZUT1HHW2M	2849
AI2WD20YMB1TS	1731
A248ACDH3MVZ58	1983
A2WQV419O3Z5DH	2856
ATNOI7E8GTIVE	651
ADZNFFLY0K8ZL	901
A1FW2JKNWKQRH2	2134
A26YMU5WMJ04K8	1385
A2XBWARZ9XAIUC	2364
ALHWZSTAELK9I	220
A1R5UPSOH21D3D	578
AH16L3K5BL4XL	927
A1R5YLZSLCZECD	1694
ART1PC6ZF9X17	1823
A26OZBG56R4952	595
AB5X63CW9O0R6	166
A1K3JE8Z4YB8CW	839
A32MJJTOG55ATQ	1045
AUJ0EKMC62HLC	171
A2TOV46SGL43NW	1336
AI2408SDL4901	1678
A33ZYFE8XMKKR1	382
AG5LTFSJ3J1PN	2306
A1UW4VBMD050YI	522
A3QFGLTU232O72	2586
A1PE3BT2JTV3M	381
A2E8M13C6BWPCQ	476
A243Z7GBDU0DSO	1456
A3V1EPSE6XDC0C	2587
A3LUWGB6EOJEC	1319
A2RPS378BYES44	2122
A2UOHALGF2X77Q	1739
A3OJD6ZRN2BKLH	1008
A5L7H469EHWZN	791
A1W6TJ7YEREINT	913
AN81JUYW2SL24	472
AZ1P0VITRUJSY	783
A2YKU4YPAUX0S5	1535
A144CSKS9ZR84O	1288
ADK5JME060HZ1	1952
A7Y8QRB01IFXH	2224
A3NUTV2YC1Z5UE	1223
A3AJHQKI482B3S	2479
A2WZT9FDW7QKD0	134
A3UG560XOF41BS	1507
AMGUWDM3XPEEB	2354
A1C7YEQ5P8AWFY	1166
AROZXQNDMK7PE	1034
A1T4C041IHH5QN	1608
A3FLOWOKVNQ72S	1987
A2UAT3A0KEON7L	2560
A167IZ4SSYEGEB	2570
A4GHPW9AAH1NY	1734
A2IULGC7JZ0AQ3	1026
A2J591OLWPBEMQ	2025
A397FNC0A7K8RX	452
ALVNDCWSETIPD	890
AVYLM4KCGHH9U	246
A1JLJPS3DNA84D	1833
A1KKOA3FP2DMBW	15
AINGNE1J86KTH	996
A1GA6VKP9EHZCE	377
A2J0KNW070N4LC	1735
A3VHQBLY1ZUMZM	1843
AEWT1HWANBIJO	1834
A22M9VM8S9YCZ6	2533
A1RID4GGJ99X6P	866
A280OHBQPWMN9D	1155
A37DXIENIDHTVY	584
A288IJU6IV851X	1959
AK2K7ERH2KCJL	1612
A335ZB2LFMHKR4	2251
A13WOT3RSXKRD5	2740
A1FG8HACGF1R5E	2286
A1U8ED9PT5Q0ZC	86
A2NPQM672LHELI	427
A9TBZX4FZOA2X	2651
A32TGXG3ZWJ4DY	29
AASEZCL3QANXO	1447
A3DVV8G0UGNGOO	1461
A2LGGKMLUDG9QN	549
A33AEK6T00UR4X	1473
AX4UX28BG731C	1541
A2KT4UHTM47PDG	2133
AKAOYM48DSUPL	826
A2Z28WCCXGPY2N	793
A2DFVL02AF1R39	1631
A2PN9Z1ZMQDC5Q	737
A14HSZMTMRVA7S	983
A3RKIHTQ8G2Z3A	322
A12QUYMZZ8FMIX	640
A30L3MT5R27336	1318
A13HFZMOM9HU4I	1838
A11T18VQMI1MGX	2110
A6TW412I6RWID	810
ATXS5PY1QV2UO	931
A94EFB6F2WH98	1016
ALNE7Q71JFC0F	1231
A21YQAN52R1IFI	2401
A2CZPM110DW516	2885
A3AZZYS5QNR47U	2240
APJYYIKTAN8L0	2392
A2L5D2ZY6GVBFA	210
A2AH54MU19DB1	1879
AIPY9QIUPKZJ9	1854
A1LI033VZ85RH1	1305
A2ERYYDRHH1XW9	1845
A3QARO29QNADZK	2511
A1XACHV4I419SR	1590
A3SHO7YTB2JSMS	2031
A24RJLKAHPCI3W	2383
A1157JBNCPCA5Q	2287
ABKYBNND374AW	1195
A2F68MKBHHQXAY	1913
A2P6Y0Z8ZRGZLD	1369
A2NETQS1BKVVTI	1625
A2O5EXPH8UKUS3	423
AZ71F750K09FR	2486
A26JZGSF1SBQMY	110
A2AAKK8ZTE6G3X	2801
A3SC6MSQMZEZRN	428
A33RM8D38PH1YC	2073
AP3EN479GOXDM	2199
AQV0NWB0Z5OVS	1285
A2BL4U089N7E4O	724
A1HPC4BDRLR60	536
AZAIX3P72Z1MU	1183
AZYBZEVISD0YX	333
A2QL4DCXUC3P69	529
A1ZW52IYW7QZ1U	1923
A16ZTIWRM5LPR	751
A14Z6D3IRJ23F7	1772
AS4K2LJU95BZC	1698
A17B5JLJZDIXYK	986
A25Q15HKQJTPD5	2495
A15019JS20W454	2787
A1PWAQ3RHJUXNL	1463
A3NHDLYNUIRXYP	896
A9V1CCMYQF82Z	1126
A30UFXOF0GS9NM	908
A2683OJ85CLWFA	2372
A2ZDGCX1IV586H	604
AHZYI1KAJSQP6	2469
A229MW6DB1G2SX	626
AZV2U6GU5QA6C	422
A21EYLW1TG7KUH	1403
A1OC7W5RMLZNNH	1143
A33AH6ZKKTNMRS	1724
A2FPDIKTHRI7U9	1963
A2CDGZWYTUTM2E	2229
A1KB43BI085A48	2466
A2NZSA95LV8JBL	484
AUF7HILPIMV15	631
A9G6U28R53IVE	2512
A1L7H5MPBT4J3X	2213
A3CKPUKKUP4NSI	2118
A2L00YZBDOOM8N	2029
A2B5RVOAEPEDLH	121
A3EGZ6NHMB6QWN	1611
AC7J8ZLWJIKNS	2853
A3VXDJJEZDTRLC	1194
A1YWBV3OHHQMEL	1970
A3PD8JD9L4WEII	2655
A35GPOB78M83KY	862
A2GNJL855VFSJS	2564
AWCYNI105F9G8	2572
A23DQHVIJY7ACI	574
A3FQC5WEAA9WDH	2141
ADW43S8H5PDXQ	2090
A1IN6UFBCST73K	1344
A199J3J941T21K	2087
A2CKEASNBP0H0G	511
A2M481CZNGAEZD	1788
A8OL3GQLRY3SA	620
A3Q7WYYAZ12B7N	2791
A7JQDI5K9XZY8	781
A2V92F5R7MLCVI	2749
A12NPKCNK7NEAQ	2092
A2X06FP2PQ6EK0	571
AAOQFIW9UPD8M	1766
A35AWBVIASIT9O	1062
A1V9SSULL3FA1B	2811
A1E3RTMBHQ2RJE	477
A27ORLHNGUBKUZ	2272
A2FYBROHG79IJR	761
A2KLSFIQUUNTJ8	1778
A3P1MXR945AWCX	1894
AWYE428W5MRQN	194
A1MRJGT93MP36W	1572
A131E28H6DRH61	515
A145B8OHVNNFAJ	2855
A2IETP3EOYU4UW	1514
A3ESWJPAVRPWB4	4
A3HV44EZ4MGL04	1781
A2NSMJVQY0RV9S	161
A1D97U0US5G7MA	973
A1TS45JWJVOSSW	1740
A25TNBMJ4ZO7RD	2022
A2NKHNO8VA378W	206
A10Y058K7B96C6	2174
A6KGOJ4B23GQ5	2559
A3BXSR4ZFZS72V	177
A2A5C9IQ06CG9N	2485
ARXU3FESTWMJJ	2925
A2HJP95BA6AZ4K	212
A3H382Q8HAI8GH	2200
A3L1VJMHFWONCB	16
A21GVT7ILDY9H	440
A2L5MJIBNOHRER	490
A3NGABXDIB0POU	565
A31IR85J8P7DC0	2276
A30Z0GG96D11EO	2888
A78OR792O2O63	2085
A3CJ7AEE7H6A1M	930
A166IC0J83323S	1246
A1Z7YALXLWKSSP	2055
A2WAJNG94SP8IV	1317
A00473363TJ8YSZ3YAGG9	2424
A3CG93783LP0FO	64
A3Q6N3W4ZN71X	1536
A3GX7EVYDJZTWJ	1573
A1VGXHHR08G044	297
A2O8LMXTUV715H	93
ATI35LDGKQ8S4	722
A1XEIIJHPV276R	1399
A109KHEJL08HW9	1349
A13R0MVWXP08NL	2227
A1FDSZISWIXH1A	2883
A3KQJUF7FYM8NF	1925
A3JGEM4UXXOGZY	2839
ABQWMANK4AR63	958
AAEA5IN7HLQA	706
A3PUWIKP32K41A	878
A2FUD7TNC8HRYG	874
ANKCQ60FES3EZ	1261
AETLLTFXXOS7R	1951
A3H2BWZ5ZMVIHP	474
A1VOVTQAMNXZYB	2451
A30S91ZN9U738Y	2014
A2OMMBTNKQECE2	1821
A35HUT8MQMT21L	2455
A32KSZ8V0TD216	289
AASU654QZ43H2	2588
A3SN8R50T18LF3	1665
A22I55P15NSAOX	2427
A1T96E1PZRKJ5G	435
A18DJP0AUKAF52	594
A3BE4FT3VKBJ52	1044
A3U28BLG5J34T2	2439
A3OJ3U34FSM1PS	961
A15NFAT4JJBOO	1549
AT5F1MKA8C2IZ	18
A1VQHH85U7PX0	1040
A3R4MPYX889SIH	2537
A2VQBRCE1AMTN3	1948
A3C3RQRO0XSCJP	1370
A1JUBRIZMO0RJV	1103
A394HK1TR2GV9P	335
A1HI4VM5Q4LUET	72
AD8MTPO76AYGB	204
A3M2QGNJQTQ205	1968
A25OPQ3GYAVT6L	563
A2C05EH2QE3MKI	1393
A1NUTYNSRRPXCU	668
A151EUL2C4GJNE	1585
A2Q0UGKMVOO7T3	1910
A2UW9WI22QKMZE	2695
A2R80172BBNSTA	516
A1YWMPU4NRLSW1	2195
A2CCR76AA196FT	2237
AKZ63DL494UCN	2832
A2AVMEB8PQOTTE	1177
A3KVZUWHKXZIJB	2293
ATGO11XJ6DAB6	1432
A11R1DUXU2YSHS	330
AX1EWCOWYGHZG	695
AZPZROZJIKBE8	1658
A3DO6YJ87GYC3G	1680
A3P4T1DKRWTL36	558
A1OOWASKH0C7SI	1905
A3VY8297814APJ	1993
A26YHXZD5UFPVQ	2183
A1PJ6K3VPXZ3JZ	386
A3D5GWCA9X2UK5	580
A2LITHW7VTQUJF	1402
A209KR16XBSBA9	903
A132VT23MBMQCI	1250
A3IFXSOTK5PMCQ	1485
A3H78A2Z41XJNY	2328
AI0BCEWRE04G0	1512
A22DRIYV2RA741	2211
A31L77337HT4BD	2443
A5D2XN5MD5MCI	323
A1C5IKS6NQKSIS	2218
A1UK8H3Z0AN2YA	57
A1ORODEBRN64C	5
A2KMRJ71KFB0JS	209
ABFIXQ2FBWKZ5	1296
A1OH9WAPKAKO5V	473
A16973B6RTGVE	971
A2267GKPOYUK2V	2503
A33XWY7H0QTGEI	1363
AXAJXJZUL2J5P	2726
A3082YVFU7KD1K	2594
AMUP8DYE7EAN2	2743
A1SV3U43DOC38Y	1149
A2BLFCOPSMBOZ9	2546
AJWL2XGXUDN4P	2838
AQENECIK88UXH	2156
AAKSJRUP1UNX2	148
A9KOC3PXLXYSB	1066
A3GT2EWQSO45ZG	3
A3IOCPLIMYDBCD	2656
AVOOU49YPVHGN	67
A3DOPYDOS49I3T	710
AWK4T35ZVE24R	865
A2VPLLSO59JUSR	1655
A2PMR2PIGWKCQ9	2876
A24G3ITMCACDL6	1770
A263CYETPXZ0OP	1021
A7HEZCAYG5JML	1430
A17LBX7T648JLY	1998
A1K8UFY1MC6HSD	2252
A2NN1KIYEM2SKS	416
A1O78OCRVUDREH	2823
A2SJ2SD6WIG56	1381
A17NMEZPGX1MXG	2845
A32E5G5T902WRV	2626
A2N5Q5RI0MN62N	1653
AMMH7H9U83VQQ	1881
A1O8UNGGAWASKF	2294
AECATRU144JFG	2026
A2QC1R1PB432QD	876
A2W9I628I6SE1U	2902
A2GEZK7H9ZCR9W	2353
A39HRG6LBI3ZQP	2019
AEUV9916W7NQM	1109
A3293UK4BYRP74	785
ABCD7NZQR8EH1	907
A17VNKKQYNJXWS	1597
A1AARMR653JKX	508
A2BIDO6BOFTPUI	2409
A3OE0VWUTSIPPE	1873
A3OWVNXWOPTSYG	2565
A2UCDLO7V7DG6	2707
A3Q9O8RE23KXTR	1938
A1BB5NP2P2HEYA	599
A28IPDM32N01PY	1332
A28TWWUAWFVCTR	2745
A3E6DQHSW5OH5X	260
A4II5QC3A1HCR	1623
A370SIVO0PUQKO	2146
A21K4V2MW6U8S1	2688
A1OFK59VZHNKX2	2265
A1QW1ILDTB55N5	1046
A27WVFD21IZWNY	2291
A1WBQHORUS5S0F	2430
A12JE5QXN10IO1	1122
A3I5SLGN13CYYF	1627
A2S05YVU3ROQN1	1729
A3SRDVCD2ATIIS	1513
A3891790Z44IHC	1307
A2IQ70PCVBTLWT	1497
AYB4ELCS5AM8P	1270
A3F73SC1LY51OO	0
A3SCKXNV5NQR4I	902
A29ST3JHV6T3SA	1682
A1Z7Y2GMAP9SRY	2459
A1VRG6CDWE7VJT	1853
A1Z22GZMYYULFL	2054
A2TWIA3G2GZA9R	470
A23JWMDX038UN6	1387
A5YBZQ14BWDCR	1068
A11YOTONCPRQ9S	1095
A13M0MW2NM4B6R	1574
A3OUH3ATL4GO18	2463
ATJ77Q6RX41T6	1872
A355C0IRPK7BSD	1650
A1XB48WXBCHM6N	76
A2HXBV2G9VMYM0	2066
AR7CESR484YEP	2398
A26SYWPO0N46R	2641
AR3WTWQ4H2GOD	2288
A1U8VI6I2MFEU8	278
A2FX0I2H21YHD5	400
AEJTBIIRB2Y8E	411
A12DQZKRKTNF5E	1975
A2IID0Z6EHF5KP	60
A921HK30EZQ3K	1033
A1IR55MLSHNM4K	1844
AHX7FLDG2FUH2	2253
AL3F5YDT1M47D	2325
A37HO9KMMB0JYU	1284
A23SJHTJ3AWJZU	131
A22801HMB53QJS	523
A238WA18BQAU8A	1335
A9P4Q7KX35RS2	448
A2HP12YWQN4ALW	646
A2E8FKPFV98B8T	1889
A3LS6ZVYHWW4IO	2020
A3DLZW0LPYGIW6	633
A2EOVDLORWQEBT	2700
AS4R3I9KU5JVH	1887
AQIJ3ZEEVCIKU	2473
A19FRW264WZTGP	2790
A2OKRGHIYTBQ6P	1412
A1VH3G1343DB1R	650
AT8TS7XTO8TIE	53
A352S7U0W813Y1	2673
A1TEBSNK5A9XX9	630
ANDFEOEHCT62Y	2010
A2JUW4BW03SIRW	2920
A31APFIC7H9FU7	1876
A2MHLKWN3ND9AO	1544
A100UD67AHFODS	158
AH5BF0PDYTHOM	1994
AIGKE9WVW5Y50	2145
A27DYRFMSAS6U6	1441
A2HTNKFBF4W05K	2669
A3DI0TJ63PBZYF	756
A1L95XFBIMJ66Y	2330
A8DR7GVMQQJUC	2816
AIKQUNWRUPK4S	1165
A1N2WEZQBREEIM	1286
A3N1BZ7190CI3J	68
A2WA3CPIL2W2GT	1578
A24FYZZXCMP44U	603
A22CW0ZHY3NJH8	173
A1XYOAZNSJTWPX	758
AEWYUPCNDV7HY	51
A1WVFNHVUDC6IL	1908
A1R3T01MVZU6Z5	160
ANSGM5B0542MM	2417
A1GQV117GJ9CR2	327
A1ZU1G3AH5QIQF	2301
A38ON1MOZNBCGE	2613
A1R4R7Y8M8THQ8	345
A1TC0F8RKPF82A	629
ARAKTT5M3DDYA	66
A2S23IYQXSC50X	1086
AM9APPMIE1BHZ	1672
A187ABCO57F5NF	2812
A2R1VCV9QJAWFR	1746
A3JEOBTJKTYGNH	591
A1UX9PW1DTT880	372
A3GL6RCS9PP2Y3	1435
AF242SVYE0MV0	2258
A2X22VSLT7FGBZ	2775
A9BVHFGX28SNZ	904
A2AB17IX4CTOLL	401
A2E1TI3CZUC4PU	659
A1A5707GFFWZE2	2915
AQH3NQJWYF6L	814
A28TVBEH7FWGPC	704
AQHJXW7L8PJGL	2023
A16GJXUQW6QUO5	2126
AUIVXYS8E4DEX	661
A914TQVHI872U	2653
A2FKXF5PIY4XNT	233
A2GYV8V1EWOERG	819
A8LI1HWX6MJ3R	744
A21D24MKWGCV0I	311
A1IDWUYX4QXTUE	2627
A62T0SYSMAQVA	207
A1AJQLBVCNMUG2	1110
A1PZ248DRFLLWQ	1247
ANC36RGFR9HU4	2075
A3UPZQW5BN338G	586
A2VHJYIE8SGPCV	868
A1320FN3TU5ZX9	1475
ADFQS81MLFSIJ	2335
A1Y2VSVZNARRG	689
A1M1Y5UGONAW06	1966
AFYS4FDQ9B22B	1864
A21HW1D1AMR9OE	96
A1LOENXGC0WRI2	28
A2XX2A4OJCDNLZ	639
A6FIW5DREWU28	128
AJ95PUDD2YLEO	321
A379DLIAF0MFM5	2519
A2F3JDUHZNZL9N	2631
AFLQGO7CJVK50	1605
A3NZOG1NRRM56A	2569
A15TFX82XKJS7T	778
A247MWMYQLC6UF	2279
A2TBKM1XP7FRKT	1869
A6YEAHCVOHKWM	2438
A23FRR1X1VVPZD	1777
A308CSLMLOO5B0	1144
A32CD6BEZKR565	990
A3TAS1AG6FMBQW	2538
AXKVVIF0WLWV	346
A2D5UR2N8TYK17	1588
A2DDF8NAREKGAF	425
A3294BZ5HIHAUM	1984
AOTQ8X89WW6KO	2101
A5SBPZ1KHWX5Y	2209
A3K17DII6CDCG9	864
A2WP9EOPNIVF97	1428
A2E25LQAXZVK8Q	2296
A2BGDV09HCHX8E	2447
A2NXE4YRAUXSF7	2461
A12DC88DBRWVFM	2142
A1C62VI6INBKPM	1518
AQ8B2O03IYT2T	1850
A3CX02IGUE2FV9	2367
A2JNI9V0X3YHK	88
AQ55H30MZSV0Q	114
A1F92EK0MUNOVR	1343
ACJT8MUC0LRF0	2881
A329MLZIN8AKFQ	2327
A2K6ZD7HQ2OGWM	2389
APWO2WQ7J6TZH	343
A31BD4RXCON7QO	2810
A2BESOGVKO9IUQ	2768
AZD412AH3W49I	1643
A37JTTQQHCHCZI	2402
A31VXEBQ20PZRY	851
A2U9LITOWKV5MI	601
A2PPRCJSZZVTUZ	2217
A2AFFIW9KTDB8O	2835
A1FTXAYWZ7D1U7	512
A27Y6IJTHBLPOO	1300
AA4VIE70F5EAU	2710
A2OB0IK83HTU18	860
A2X7Y99H7H8QM	843
A1600JC33X4O1C	2708
A2RFF5J7GMDIX	2608
A1RZ7SJFTNNWI6	598
A8T6LQ5G52LLB	1851
A1NT1O1M6RNMLY	2672
A1FF4PN48LO8EC	2264
A1YW2N9Q2KDLOH	2414
A7WUH62TQYRHM	2313
ALVGPEG9B11QT	2780
A3E503HI1C3XSF	349
AJ3M8ZLT6W5CC	1244
A3JCBDXNF0ZB66	2501
A7KV8S5PXXPM8	593
A31N6D4TX60ID7	1024
A3TF3I6ZKVR30V	1260
AFL99CTQKT2X4	492
A4PYOAQ2GH8FQ	1203
A2S8QWPBB83T67	589
AQCJWSMSURQI2	2840
A19XMHRB3G4DIR	1697
A3R63262UJBSZP	2371
A2HMF8ZR67BNZS	967
A34DSW0C4H6IP6	2774
A3BCPNIMJ7VKP1	1892
A2DBDVAM4FJZIA	1452
AITGJN1H0Y1J8	2764
A1H6JP5UC5WVT7	2727
A1JVOV54H4ZVFC	1383
A1RDY59HM2YASA	2001
AI1SBMID464QA	316
A1SW87O7XJI740	579
A2LPB4WCIMVPOI	1782
A3APEIJOQXE142	25
A501FAO4AVC4S	2709
AC1ALCCSW89E0	858
A1RDD4LT597NOU	723
A2W2BQE9N2681J	2144
A9I3I6HIJ3EDL	1954
A2SYP5UDYEGQVM	948
A2MFHJ08ZX3O61	2182
A3AYSYSLHU26U9	2603
A3FPTGF6TRQGA6	1703
A2IUXC55PAOY06	660
A2I8LFSN2IS5EO	2
A9ELHLPXF7JKD	972
A380HXFW9S4O76	559
A2JTDWUCYVQRCF	1135
A3UH4LDZQNCQ1F	1208
A2Q3JAF2FM9O4S	2770
A4DVZ4SJ5NXZ3	729
A1AAGNN35R30HP	859
AWOIBT6VTHAO6	1956
A39COF443CNPW3	750
A1QA8CFOV2I62J	1418
A1TMW16YMGSALN	2435
A2ZE5URENMK6A5	2205
A1EK57XJPWGC6Q	228
A1MQNS1QNI3YPK	185
A3G2KPMRVHAU21	2601
AMTP99FS7VJ6K	1013
A1FJY8P6K4FBEK	1457
A1YP96MT6W9FTB	2393
A1ZBAAJKN2Q2RQ	2127
A3H3KQLUND2L3K	2135
AGVT5O2MPAI7Z	2248
AL1HK3GRQF4RZ	2411
A2IKO9YTH7QLWH	2508
A228B35PGJ9S8I	147
AOWF9T81XMX2S	1304
AQ8QDBFUEHUQB	838
A3LGT6UZL99IW1	1749
A216JZZ0EXV5ZZ	138
A14QGEAXBPH9FQ	2148
AFU3BIXXBVV4M	2490
APM7M92SWY6NN	1164
A2VEJRRA41MM2U	1562
ARB8IATZ0JZMJ	1098
A1542J0VRQ31TC	1775
A2R02EPJS5O7QP	1356
A3FYAXN99LHX56	1538
A2NSCHJNZAAT28	575
ALJ5J8ZSK8F11	863
A15HBIQNF3JCFE	1893
A4JPQIDGNOSJK	1320
AKKIGH65S6ILU	1602
A38K3YPGRNGXGW	1728
A1KBE34UO4E73Z	2015
A25KVM6GJBLISZ	2882
A25N2JL8262NW1	970
AQZRNUP4ACEAI	2088
A2OAAQEAQ9ES55	2093
A3OI181W103L8	2614
A26ITGHHBGJJ8G	1353
A21U5B3CVVF9TZ	2711
A1WSQB10LNF8WV	2207
A2BVXEAKKI0PF6	670
AS2X2ZX25LVXI	1201
A16Y620EZTE4RU	1326
A11VLLTEZX2L0V	525
A3JG2CYH7ZOT6W	2805
A3QQB6PEQCVW2V	2472
A2HKNE2462FOE9	1940
A3L9F4I612XVEX	1989
A17LPLXKKEAK5H	1050
A217J4MVG0OQ3Z	1883
ANRS196NKFVUU	2008
A19KCOF4R7UB4U	1882
A1RC66SHG2VWDR	406
AQZ64R6S3R1VF	716
A3APBEIXAEHPP7	495
AFNG8O2DXRCUV	124
AK36WQTXL3K1X	2083
A2DTZUZK9YRJVK	269
A2RFJDMO5YOY8I	2137
A1E85A5CGEFKUJ	2474
A31U0JAX302HM0	2556
A3V2LH854KZUVB	957
A3J7RNIW8WO667	978
AUZ501M7CEIJV	924
AVK12IGNSH3XE	1419
AFX6KC9QNQZD4	2046
A35BH7OZJZJE2L	906
A2VCXIAWCPQ13P	1647
A3G007LQX6KGOD	1178
A246LCCMFPAFW5	2773
A1MEJ80JTZQCQA	933
A3155NWLKXEY1I	47
A18MZYDNVTX5WH	305
A1UVOKK606C6QH	1088
A1ZCP89FCRCUQ1	214
AMZIKEI8XB73A	1548
A36V9OCTKMQI9Q	90
AJ43MMJAPEID1	764
A16F0PJZTP5SGG	2681
A3UJUX6RZ9WVCB	1054
A3U41ZL33SS92P	1172
A2AY4YUOX2N1BQ	1506
A1RPJHUVVSI98A	741
A30OG8T7G0FPL8	2462
AFM20YDLFK8R6	2091
A214SO42WYO2VQ	1616
A3FBUN1UFKJKXH	2123
A3BIR2418I0M3N	1078
A3FGTMTVOYENT1	736
APV02Y5BD3UZD	2277
A1WV0XTJROAYGK	2044
A1BDUHWZN2M13J	1786
A20ECZO08VQT1Q	2112
A30GWXSWA6QCD7	2255
A2JSU4TZ5Z71OX	665
A2SQ8QAEIGD5FX	773
A2U0LY01LK9C3E	1981
AJDK7OUKLYX8	2077
A18HE80910BTZI	1934
A2M6KIXLNJBFGW	569
A32WTQP7SR8UQ9	678
A1ZZ85SS43PCDJ	1137
A3Q72JUMCBI9WK	794
A1NBCILN691SXH	1979
A253IOATGMT2UP	2176
A12BN6KJ19APRJ	2388
A1Q1CBUFZQDJF0	1971
AE5HGZPR0FLGF	2640
A1O1M2PDRJMAYC	2170
A1O25NPZOZR6B	1048
A39GJJT0H2BZH9	2446
A33O4IYTAUZ1C2	259
A2WNDYN99IOG54	740
A29LEKARPHB57E	2852
A2B38WJFTN6MRB	1699
A4N52S2HDHF4Y	115
A183V87HRP6LA2	2487
A2YEZ8Z3BW2SKG	2851
A2SMYP9F3LH5OE	2712
A2E5IK9TUH8UPD	1367
A8CKH8XB33XGN	439
A2N7X2Q5JX7XRM	102
A6II57Q2ZA9M7	1628
A1YJIBJ1HTW11U	2261
A323TKGMGZC2YV	2549
A20S66SKYXULG2	1
A1M6YL3DY6ZIYQ	309
A1RUUOL5QBXLJB	688
A6VPIOPMDJ8H7	2771
A3UC2M9DFOX0M	2357
A2OY5YNT2040OT	270
A2SH6A32BE6NEV	1025
A3B2M802XA7PFD	771
ABWM28Y6C9F5K	959
AH6HBXJ9HI1LH	1235
A195N77NYOW2PO	320
A1M3XD9UV3PD3I	1330
A2G7YC89EHUP2G	1870
AZP8DAHJCFWPH	923
A3Q4TT5Z0SZAQX	2078
AIB8D3PBB5WFK	1813
A2342SZSD04YP1	879
ADVFXM1P1NLIJ	1265
A3U5HKDHPYBAK3	2609
A3LQUEB84IR3VO	348
A2VXI950XOB9Q	1464
A2KF3H5304I4IA	277
AUETMXEEFD3T4	462
A13YI9ZAZX3WN9	845
A2FHQR1KU3M27N	393
A302DURNQ1L66H	137
A14NIA30HFV68D	2665
A363ZU842144NS	163
A2U7KJVIJKD5Q	1914
A1AN5YW8890YHN	141
ACW7UTVIG68DS	1964
A1KCEFHPULW0OU	1258
AS6ICSVRO68GD	2333
A22KRTIWDLOA98	1525
AF3TSVG7A3EWG	915
AW7BIYHXUIZ62	1099
A33PP2X9FA634I	800
A1HN7OKUJCN4RG	2633
A2D1LPEUCTNT8X	501
AD6VDBR2VVOXV	1594
A1QXAHCOAVS3GN	2391
A2R49ZN3G6FTCQ	6
A2LU37PVXBXQZJ	2825
A3V15SFD7918WZ	1742
ALL9PPOJSM0K7	449
A3AJVYPBZQZ95R	2379
A3SLC8F6VIWXIR	2433
A1EVV74UQYVKRY	2738
A1XO3V9O524VCQ	1436
A3KZEGBTPH6MMF	1996
A1S3THF8C504X1	2784
A19XYVMUM5LJO9	691
A3LV13M3A9G6HB	899
A1UTM65Y3G9HUL	378
A108AWE1CYYZVB	749
A2MQWFNAPPQGDL	1337
A2Z4CJCGLON45H	1537
A3L8YH446HUCVM	1134
AB6Z7SZM9QOR	2390
A1XDRM8B3E6LCT	2844
A30IP3E4MDQ36	999
A123ZH4XDDHL1M	1808
A2X3L31KCXBHCL	2913
A343JOFNGG9LJA	1364
A1Y5V9G94Y55ZS	341
A38OO05LV8XICY	520
AP8D74QD9LUUL	2860
A1I5VD8VS07MTX	500
A2L7PUTY37VZ47	1214
A22OID35VVS8WY	383
A6J5VQ77QM0TW	1696
AFCQ78N0GKHRZ	1752
A2GTDAC4M9DYJ5	2550
A2NGLQZKRHT4J3	1688
A19EYVR8K3UEG6	1932
ACOYU89YK5AVS	1361
A34VV29RQJOQS0	2079
A34WFQ6ZZ5PP83	2166
A2P7JM0JH33EOQ	2214
A2QOC45ZPO53RP	2270
AE0BMVEVVU6DQ	482
A346MAIT1GXHOH	1023
A2HLWF7ECHOTIA	483
A3V6Z4RCDGRC44	1175
A3N0P5AAMP6XD2	108
A8P6GIIQ6YQV8	562
A1NZWSMU30OIEZ	2407
A3L87SDQ2JEB93	842
A3M8RH1K9BX45H	780
A2LB86SVX3NDV1	534
A3Q4TYJVAM4IRM	2658
A39L35PUI58CFY	467
A2Z42KJSBJFM0V	1904
A3SBRTWVON7Z0M	2180
A1K611TQQY7E3F	726
A3GW8KCILR2E8L	1448
AVQDEM0DQJC0B	40
A3U1WPDQLP9CQ	1036
A3OIE7IE9LTPJG	298
A1JDCXLSJ1LU0H	1161
A2EXQQB41SZ4PL	963
A3UYRAR38MAN94	1711
A3OAA19C65C5FT	1878
ASGXHN4P5M2YK	2817
A1FY8KFQYXAC48	1730
A1P2OBC87CTSRL	2858
A1A8Q2573OC7DA	291
A229HX2CXCNCPA	1127
A3TBRWXT1V8BIV	2797
A3HF8SHOKQ25YS	2571
A2KS0XOY3WHGL4	105
A1ID2FXHDGB48O	375
A1S0D037M0D71X	1722
A1RH7WA3YFDQ5H	2484
A3M67BHA67S49G	528
A10ZQO9H70JRIO	1334
A3KKI4WPIYHLK7	1707
AUURFFQ7ERIKC	1577
A31V5HGBC1LPV5	414
ADS99W8WMEXZ2	2880
A80EAKMU4YTTF	358
A2DNGVGCC5K8TS	2084
A2OA167DI0016	686
AF6ME8ZDL7U5A	2456
A3FP8FT1B4A2N8	2300
AG4AEU0L4W2ZC	475
AU11R9QF65EH3	2259
A3GJZIH58UCNYX	1962
A3IRGV7L8BV3W5	2312
A1FKYXCEHQD42U	2352
A1OIYLWD5KJSX0	2249
A2EHYCA29NSQLU	825
A3KX18HG5IBIH8	1049
A39TFAWFJ6A7J1	1632
A2O907UDMOBFSR	521
A3DY3K3HIFRO9S	1455
A2NBQ9E181AC8O	1755
A2XXRN2ANQDBKO	46
A1F9Z42CFF9IAY	37
A17RV83296I38D	1960
A7KT2YB2Y8FN	2468
A820FRC6G2BY	2555
AZFODJ6KW6KQH	1828
A23WOAF1O8J2KL	1329
A38NELQT98S4H8	2693
A2TT3U4U8NMWEL	50
A2DYMDOAJURO5F	2862
A2Z8MMEACJCJZ9	592
A33WBPQXVMUZ2Q	1074
AMXH56OAVOJ30	1501
A73I3YMD9MJ5W	1668
A2WB7LZ595CR50	2168
A2U2OI1GO30KRX	804
A3T4ME1UD4MK04	1554
A1HRYC60VTMYC0	1759
AHM7B24UTA3CT	1240
AMQZX0YJVNT75	1413
A36WLCKAPXILIM	2539
A3T7V207KRDE2O	1348
A10NQKIG7NXUR7	235
A18WYWN6E4I4DP	1649
A3SHU3ER3YYS59	2465
A3112D9P7HXV0E	950
A21MXVR2S65XC5	1264
A2E6AHFDJ3JBAZ	364
A2HH8V0HSEMNHD	2298
AHJ4CB7OIWU4K	2428
A2UO040HWOP0C2	541
A2GD0U2Z66PGEN	805
A2P2WJ6PTOPU7P	2106
A2X6J6AFLLYVXH	2643
A9QXZWBVBT176	2210
A30DF71BED07GG	1101
A2Y3LDN7GMQ2HN	1648
A105S56ODHGJEK	2746
A1R089P5AS26UE	9
A219A3N8P79BIZ	395
A1PMFK36IU5FHJ	1974
A2TVK0MRET9GPS	2788
A5PS5MKS1KU4Y	438
A3D1XWMQD0HTZJ	178
A3KBFD5ZRL6MHH	1710
A2I2P92GUL5DDC	1836
A210R1TWSLAT91	1084
A2KNN7Y0YVZ14M	1262
AW9DZG764KU7E	2645
ATG5058ME8I68	1758
AHCVXRSGA7VWU	882
A164LLTQSPU039	2637
ABFRXP3N28UUF	1865
A21PJASB59ZVM9	2109
ADHB7JK4M6J7K	2115
AZJPNK73JF3XP	2262
A2YDD9A0U77LYS	45
A2THQCHKR89E16	1237
AG1ZYSLKQCLMD	2311
A32BYKL19FCSWP	2346
AM1WUDYVK9ZH8	944
A2FAT1KAB9DF3G	570
A3GU1MRGAM15Z2	368
A2WJS1TCG6GSI2	1683
A3OWC1MGMKG1YS	2591
A3UXW18DP4WSD6	883
A1S9E4V6HIUCMJ	1601
A1D33H7DDMOJM9	2198
A376OJHLE6SU9Q	2155
AMM1LWD9T1B92	849
A1CP3IPWM1LILM	2035
A1D4UEG3ZX8TIL	2069
A2I4NRKPMGL07Z	2408
A36O2QTULMUUO4	1071
A3PSL7ULVHJRD2	1681
AAI37PTY4A023	2778
A2C0STAKKPD0T2	499
A2V9ULRWMX9WEJ	618
A2TXVSRPSRBAYE	728
A1M625IR8B61YY	649
A17YDQSR62Q2S4	2154
A14SHX81H8FGDO	1815
A3PXF66VPXFNP6	205
A1S95WASXJ02VX	2345
A1BR7CYLDDUALQ	2663
AGP7H27OX5DHM	2802
A2X61KKXXR6WNP	303
A296Z4WZUOX9HX	1860
A251GGRO8JJ9F1	1453
A36MVOW840P05A	960
A2NB6RHF90U2KC	1454
A1A2F1ZOWOPNJB	2667
A10ZFE6YE0UHW8	1654
AV6BQVVC1XE4E	2897
A1H8UMB0BB6SGC	1667
A22IOBJCF9UR12	266
AYVW3O6W8S5S4	1133
A3F5ERIK0OJC92	459
A33T0HNNB4O95H	1965
A10DWPFV76ADIW	2059
A1DDKF0720PJ72	437
A3I7GUWI8MO95K	456
A3QG2LHT4BOKE3	752
A2SZLNSI5KOQJT	2722
AE15SGONU8KPV	426
A3IHX99Z9OK2Y9	17
AOCIMJR5DXRX1	2660
A2IFKH3TJ10387	1169
A2M3C1SRCBA7F2	1505
A42OJS37VPU8T	1584
APZZK3DRG7J8K	2188
ALQ4ZJ6XCQNHR	1534
A2MWR05ECJBLLH	1832
A6DF9OQYVGS8X	1009
A222QSFM3KE5KM	1118
A5VJUBG4HK80	2908
A1DK6GCJ9YQJHH	527
A1YUDSBH9P3HPN	884
A1D5N1GLR0IWPU	1859
A21LDIFT02EMXX	552
A213A8FRQSO84Y	1055
A39BBEN0QIWXRD	2280
A29ECXPWGVTV6Q	1868
A3VTC3D0AYXTT	334
ASBB0N41LF1E3	827
A3EGHUQPUV6E5U	977
A2ZQOW2R7B9BAG	822
A132ETQPMHQ585	1725
A24SYO10RBABLT	107
A2L42QEWR77PKZ	287
A1J9NIOVQZ6NDQ	1018
AQH1SWR5HA413	1170
A2T9ECMEHSAIG5	253
A2Y4H3PXB07WQI	713
A1EMY19Z7WUDGC	302
A36PFPY4O3E1DV	2752
AFTB3Z0OGF12I	399
A3UZFW0JK0DJ2B	1671
A397CWU6DM3O5G	2730
A5Q25ZRVYKKRB	1249
A12L0VN18MO2Q1	1063
A3KN7E4R7UKNLG	1460
AW7DCCBKRKCH1	1400
A1R3GN9MEJFXM3	2648
AYHHDGOBNKHDE	799
A9HTZGX5ETSFZ	2052
A1LMFMNJHTMK1N	556
A16AXQ11SZA8SQ	2884
A3MA0GENSE798M	256
A17OF6WF11SFPG	674
AMOYNXOULN53C	1852
A2V0I904FH7ABY	2605
A204K1OFE8OB9Y	20
ALPR12S8RGF1Z	331
A2TZXI0SCHBGD8	1233
A1L6PD52EJ98IK	2169
A2K6WBPLOWZQPC	2475
A17DIKUTVOU7ZM	195
A8LEFDO3AKIJP	1792
AA731OM2RMNMY	1522
A18B28FB5FRJDY	91
A7NP2PRGDPWH3	1600
A2O5QOHESWQGPB	1856
A2UV3UX5OEDUXB	2216
ARBKYIVNYWK3C	283
ATUP4GIXRJSLC	517
A2JLDL04G0TRJL	2324
ANJUT5JDG5RU1	153
A23NQLJ2DEOJCJ	1747
ANAEMP31PY1YH	1483
A3S3VSXEFXBMRC	2374
A2V125RU0CIT86	892
A09567722SXKYZTV7OFCJ	2772
A3OMH3SE2OKL40	857
A1AEEWWUVTJBP8	1604
A1WJV6LHZUMFQN	916
A3KS7A3RSULBCC	1806
AZOK5STV85FBJ	127
A2M7L6LMYU1DV9	939
A343LYS4IEVHBM	952
AOUM75FA941HX	1822
A2PAYMQLADBO4G	1466
AYGFPGFKAWOVM	2879
AMS7E10YOOUY0	2799
A1M06EXFWHMC4A	2322
A2SZFKGJKVWS90	485
A3QDPQBJAJC6C	1106
A26DERB77D2BWN	1294
A1CCQZUCDVBOQX	1579
A20RUEP68PKFZ3	918
A12WV3TL2PXS5Q	581
A3SSSVZHCZDCVG	2033
A1CIBI697YK58A	32
A2LNVVL2EJ057F	1639
A9WK8EPYO7QE4	226
AXARTAQU05PFL	1210
A3CW6EB90C9M0Z	2076
A3OBV0L2T81TYO	2454
A13MWIJU54DJEC	2295
A22YQ9RD5I81SV	2671
AY6VXIWYGNATL	189
A127B86BN2J359	479
A39KTJX5NDSPB3	2108
A2F2U4O1U6MN9J	168
A2G5TBOB0CGLRZ	1064
A24EQC4LXYPT4E	26
A1XRENC5BHV5GB	932
A197UVR9E24XR	1807
A3GO1PCDC3HYW	2102
A2XNG2QBFTL1KY	1931
A1ZGY78H93FL4X	2370
A3HKTLQYKZYM4S	82
AAFB9TLMLP0KG	460
A25TT44FXNV0F0	250
A2JXRRS8SUB5VC	1587
A3D4VYPFBI08C	2162
A18OA72LTNHWX1	202
AC82TH39WO32T	2159
A1N087XH2AUKWP	279
A1OR9G1SN95QC6	243
A1GBU15ZDIYI4P	1427
AIZFG6OQA55AP	2349
AQ389YGPR2BAX	1526
A1MHLA5JHGL0L9	2012
AAAN5J9USC8MS	2320
AK9IG835URR77	326
AY57N4GD6TVDP	2819
AMDBZ5P0GAT69	119
A33JWU69YRMRPQ	2316
A34QWSNWLMOF2	914
A1PUA12K549UG0	2513
AH48S37R914M2	1358
A3KLDEKXJZNT13	1236
A1837KBJBS7S8C	1411
A2PA6MGWOW4VA3	1533
A275FWYSFNUWXV	412
A3H20ZQC0D6F74	652
AJP569L5Y2RJH	2063
A2L1E2R6WINMPQ	2080
A1WJLURZQEFD89	1472
A10EGS56HCNHNA	2002
A2QMPB2I0Z5K6W	854
A36JKWWTXGO847	1499
A2970BXG7PDZ69	342
A1HDQMD058B644	1571
A39STU0JBND4DI	430
A2A1QMN4V7Q6ZS	2283
A3QHK323KUB08B	1256
A26EQ8U96JA92T	540
A23PYCN8O9IUNH	2040
A1YGF9FFKQEB9N	1283
A2EQ8GHKXEF141	2534
A12DLQIZPX99IF	2050
A3NXJDNTQK2YJL	1941
A36DIIRVZARS8	1397
A9OBJEJ2UMBMS	2507
A274FUIT2MXG1Q	840
A1VEGY6IGOEI4K	1377
A2C6V55FETDN53	2119
A3F3B1JPACN215	2173
A30R8VFR16RE32	2697
AC6Z7DP1Z5GHD	905
A3FN77M2238QY2	1646
A1Z7I1T5FN17CM	1563
A1A14CF173OQJ4	2779
A1DIK3X5W8SX51	2798
AO377Z7UORPJ6	1291
A3UX3E1B1ULDKG	2525
A13UE6Y36CA6O3	900
A17H9RLT1DMI9M	2450
AFMITL6YIFJNC	1502
A2X64P22MX30O5	1830
A30GS4I98P73FM	1152
A1E752HE229Q0Y	2267
A1LFSL3BUN13YS	600
ABN5XC5EDJO6X	2150
A22SPEHIKGS7EM	1606
ACRGQ9FZZOHZL	964
A7WUCNTY5IR12	2804
A25C2M3QF9G7OQ	2269
A127JT3KYWUIDQ	2545
A2HRHF83I3NDGT	290
A1FPNBSO2F9R1E	410
A365PBEOWM7EI7	608
A3CZNNTEY657TE	2068
A26IKBWCSJ2Y9K	248
AHMU2B29X6C4Y	1185
A55LS2HWPQB0Q	1281
A38D1RKG2YKC8E	1316
A1C7Y31S5QXNTR	1147
A1DG8SM6YU17N1	2870
A1IOSIHY6QP3JQ	1986
A3SACPT3TO506A	1002
A1440AKAF4IHBE	1661
A1NMM0RDRF6R84	2716
A2EMM9HWOSY2Q5	514
A10ZBR6O8S8OCY	1704
A35LSGTF3H8BYV	1232
A2ETZFYVRCW8FD	1589
A1NCM4VFYOIDBA	1721
AUH8F5B6MSQR1	707
A2SQY00R8ITYPD	1769
AW2BB1G8I8G0Y	2165
A2M8E2W9XZKFJ	1352
A30XYS6AQ17DNK	43
A2YINSSVUJ93HW	991
A15XBULQ0FQYX7	1909
A2AXVW7HO5293Q	1157
A19UTUEBWKIZFT	2717
A2QKQGCSPCUN8	1243
A2R1EESPW4N1ZB	2239
A1MBMOD1WE3PF7	1405
A3A4ZAIBQWKOZS	2177
A1MNX0HKE40X7W	1097
A2O7CJ74PZK8X5	850
A1JSY4NTAEFOPL	1795
A1TAMTX0ESJ1ZJ	2226
A1RECOZSFFBOMI	925
A9Y5O2R4D6EH5	1947
A1SZHC6JSY24S9	1278
A1R4U9YQRE685X	1692
A2KB5TEJBU6A1	2129
ACS0V8WUICUC3	790
ATNAHOVRXW6XF	2100
A2ROBO96G69ABZ	1069
ALQ4USPEQ9L5N	2362
A34O0KQV4QXWNQ	418
A14T7F18U61SC	2690
A2O3P22VE3MTVK	317
A2AS2MLG7W2T0O	201
A3DSE4W2T4VD4K	1684
AO4955RQHBQSS	1373
A3NARDYI722948	789
A31N8VB8IXO2XB	2405
AQE2B2QSZG0HY	1323
A17CXXQUDPQASN	611
A1RMNIVY7BSJKN	1426
A3NH0RRMYJQASN	937
A2Z3LXLRFUG6R7	1000
A1DFAUQHN7113H	2857
A5HSIW7G91T2K	263
A1LYDMJ55BBQJB	715
A2WA8TDCTGUADI	350
A2NDMKZIM7FOOB	779
A1YOHHS8GLC7R5	2702
A16TUV1JXTA6JU	1527
A31GN7SJODU6IN	1565
AL6CK95WQLYFD	1420
A3CQXDCHHMBC1	519
A4G1V5HXIC8QS	1818
A3MQAQT8C6D1I7	11
ASZUS9FYHGU8Z	1359
A1JO1S79DDF1BC	1052
A3B61B23S1MXON	1378
AMINF18H9ZF21	2573
A1PJVW2GSF73E7	1689
A8SWV14L07VLE	2482
A3TCW0ZWSN1327	518
ASY25YMTIC2A9	2909
AN93HU1P1J2NG	216
A3Q0HPS1OI9621	1798
ABX9ZBMGSD31O	133
ARIDN94LOCQFD	572
A34P6RO9VH72FU	2241
A3DPS0CHLOSU5N	1242
A130GYMDWHX015	1462
A1OMXVXXP07F05	1139
A3ZAWSQZPYCIG	709
A3D1TZH619NKHN	2696
AEYZM50QVZECI	2904
A2QSB0SBY8NO41	2558
ASFW4ZMNZJKDA	2886
A11QLJF4I1CAMP	1679
A1PMV0WV45OPEE	2590
A1EGZ15827OGS7	628
A1U7YAYZCG6ELL	2916
A3JVHM7SWTQ6PP	2494
A3HL8JNA8YY7V2	354
A24VETXLTZA15L	2795
A2HW2SW830Y2LC	203
A3LLE02CO1W5T1	613
A1FUBPW8U2RYUY	2394
A1JJX3XE15ZC8K	328
A173EKJB16F514	415
A22DXDIYXPBVSP	1219
AJ7H1WKQ0D0DU	2096
A21EG1JA5Q7FK	2871
AZ0KQBIH10HRN	1014
AFEGTY9159PUL	1674
A1TR1R2QKWRSRA	2724
A3LDSDZEFXAX8L	337
A3FK1TTD6F8M0D	679
A39JR71TMGNNJE	1375
A3MMO1UVNM7D0H	806
A25QJBK33C4O0R	2919
A3TMWX3X1LNQE6	1660
A2G24936LOQJYO	366
AIFKUT25IF0O9	1903
A28QBMCWQPHAMN	146
A2HD6G443MGH2A	81
A1B725VQO5W1NM	1500
A3GFPC4MTFIQK1	2846
A1CRDSD6LXSAW7	2186
A2LALRZM8L3LP3	2529
AQN8KPJXSN99X	442
A210L4G1FR95JU	2098
A2D59MYJE6BTUZ	2561
A2EJ138P7KZMUH	2206
A1X14KJ08SENDJ	2208
AVGU1C2MZQADS	1939
A3LEX57MLF6UTO	2536
AHO778SESXP7T	919
A3SYG0AVVZ1GYO	1213
A1FZAZE34727U5	1982
A1X1CEGHTHMBL1	85
A1KLXDCT2ZS8S1	2278
A2NLCAAV4VYAAN	1529
ADK6WW7VJ6F11	1762
A3UQEJDSZX2KEG	1443
A1ERKDPSOJYK8P	338
A2QGOE9VHBNPKS	1702
A1T1YSCDW0PD25	264
A1AWAPYPSXKIZP	1477
AKFOKF9L25MCK	1065
AJXQJ5KGNLRVS	576
A1JJJQU2IYI654	2196
A5C0IPOV9AY2N	2095
A31S1Z5P87T4N2	2703
A1P12P4EU026XT	667
A14QDTXXO2MTNL	1586
A1KCG5U4HAB66U	2356
A2FNQXX8BZCX4V	894
A1MV2GGCYD2AFQ	929
A11JDEMF0W38OE	1274
A1Q1CVVLRXP2B2	1691
A1K3O5HTQ3CY0C	2523
A213J54E63SYOP	557
A3Q422EBJ9ADAI	1624
A2ES8N7CVWICZY	1039
A1JZHU0WUCTO4C	2147
A2ECRAJZ9U5KO8	169
A2YCR42YHJFI3Z	59
A1EPXD0829IE73	404
A39ZXTQZHRS8MV	2632
A3NHUQ33CFH3VM	56
A2J86GX5QZCEJ5	2596
A2GSNN6EH9K2HD	1276
A17UNMURMLX0ZE	2584
A3HP5XBZIBOVXM	380
A6BGZ99XBZ0CB	1092
A5G0WNEB7OVDG	1875
A2ETMZHYOH07YX	2602
AQ9YYLSAQ830Q	809
A1SVZAVTTYVJVY	1321
A3DBBUH2WA1VI5	2552
A1A92Q2MKQVKF9	1120
A2NB2E5DXE319Z	2755
A12MMK60DW87U	677
AUGXK02BJ3GP9	2058
A162TL1XLLWR1M	188
A3MQFJT98C9RP6	1395
A1IA6U4YVWY8KJ	431
A2GXTINOCI3JNU	605
A19WD8O8QPCW24	1819
A3LISMCQTQ0X5J	982
A5T1AJ2TYYT2U	471
A1PP27HMMLSUY8	480
A3FE88OSGEVLNM	680
A1KOY9EHK46SG4	2070
A25R24QBQCKXYI	352
A2MK043AHYF9Y	895
AT9BM7G3JGKKM	917
A1KPU336EJABV2	2762
AHU7UYJG1W5WD	1874
ACU1C6JXNFXLI	1809
A3OGFGPFIVW7QZ	1158
A1027BOR2MECKT	653
A39F7XOVXQ0LZK	727
A2WYSJLBC4F1GJ	2274
A3IKS0XF91VJOO	656
A1748LCFDHUEKI	2426
A16I6WJUEBJ1C3	2841
A34CSXOGVYF94S	2907
AYMDZIOGLRS4Y	953
AB3Y9FA5ALTK2	1227
A1E6U4DW4K1XYZ	2099
A1I9XIMR7GB0UL	2107
A178FYDM3K4TE8	815
A60YYLDSUQNU9	2238
A2YJE1LWDVOZ52	2420
A1MC3OZBUUYMYQ	1398
AJLWGO1LJWDHV	1494
A2ZJ8WQM47LGEV	2292
A137SBF9119MC3	1591
ADX4D1J3CD17J	1570
A5NA8I02DWUXE	1921
A1D9V4TAFTO6M2	615
A3M2HBNJK89MKK	2187
A2XFTFUZGMUS3V	1972
A1YWMPIWCR2HIT	1022
AIL1T3SDYNJXX	1568
A1MH9AZLEUCNV2	1146
A1E5I7Z7Y7HY76	872
ASNC4EGU58ZAN	2139
A1CWQ7E5HQ4GUD	801
A18EQZ8EIR31YU	888
A2XZFE0IQES0CR	1229
A2WAODMB4O9TA4	1230
A17UCGI4AD27WB	1221
A36MP37DITBU6F	2728
A2RNYW2HIQBGSM	2600
A3S5KSCNM13MSB	2593
A3OXWPCYEAQ8C7	2457
A1U6RLUA8D5DSX	245
ADCOOKOOIQH3T	985
A2SL5IW096Z2BL	1112
A1ECHITJFUM7P9	2706
A3RPMEOQRQDEDG	2777
A2PLJ8KX5HCMG0	2765
A15U1Z3N0L3C12	1006
A3PTZPN8EOJX10	1298
ARS0OAKTNX4I9	699
A3DHC0O0GF2XN7	2599
ACYE8A0ULH8EX	488
APKD4O1I1IJF8	568
AL67FYAXDL2TU	1896
A26MJCGO33GX6L	1673
A3V9OBQ2W37DZG	1374
A28DTRU50VQZ8F	2670
A2IDRC0KFN4QQL	1997
A1Z5V73IRZ1FE	833
A3N9D31Y2TDAKG	1204
A3UF59YAUKN5M	2650
ARLPU45P5O5BJ	1900
A3HXJ45E307BI7	2062
A2WUOZN2O3HEFK	610
A17ZMY7MXXWGWX	2612
AMS2CPERWN7JV	2911
A2KY76HK8DYRL3	2877
A8X8ONV77WXQQ	705
A1UD24NCOCUV97	2332
A1ESYDFN2ENWIN	2074
A3429NMPU7D0YP	861
AUJSKFC7T589Z	1511
A1C1HNXMVMA8WM	2140
A1HWV9AYUMH3HV	238
A2D44C448RSL1Z	712
A2YEIXQW6VNJG7	198
A2D3P2Q3J0PD7V	355
A292TRC6DX2GKK	308
A3MGDWV681L35R	2395
AOHJW6CTC5STN	2232
A2B1WRRGBXOR4W	2692
A1P5QZJB3QWL0B	2906
ATY7KZY3K9VUC	255
A1YWKLO19WHBNV	1093
A2XYGPVYQGYUV6	837
A2GT1E39Q36F17	731
AAY0Q5CSSF3YL	811
A1XR5YY46VVIDH	669
A2000T663OJLEA	2758
A6TPHIXWU4Y7K	2051
A1APJXGIQA2JM0	2309
A116VGNX84YL7I	795
A3FARCKMBHQZLY	1717
A3NF8BL6489IZW	1081
A2ZSROGXZXGS70	1100
A365QFEWGX4DJ8	2544
A3S3R88HA0HZG3	2628
ABDZVVYM5L1M1	1712
A33CIOBCQGQS95	324
A1PI8VBCXXSGC7	2742
A33GYL1LL646XK	268
A2OUUSKTL9VHN4	1005
A3EO2KVYIFE303	1651
AV8DFL38JP606	1082
A2F4Z24LK8WJLQ	1528
A3SX6PZ7KT8M9Z	2268
A3DKMTKGUWKFZK	1255
ARPTCDHPP78KX	1459
AV3XTMK5I2AWI	2620
A1QF996642YT9L	33
A19RPDCMN4HJ8M	150
A1M0M3TOS6CD1A	318
AGR9X65YNUNJY	1058
A3DV41BS0CMIW6	1800
AH3QW8UQ4ULZN	504
ATVU6OJLXAROA	703
A261DLTFH7M2C9	2202
A1F1A0QQP2XVH5	1933
A3Q7TY0T4PQULD	2045
A3EP26M3QHINXT	2290
A38R7YM630GDHQ	247
A1OOLS3367Y7M4	408
A22PER4P3LP2PU	2575
A2MNIM2KGBKKW8	2104
A1UOUIB6X8T9YR	1248
A1JCAHHSO2BRCI	2589
ACHBPQUWQZMSL	926
AOOGSLQYMO5T	2498
A1RWYL38IEZX54	2638
AR040DQNCVR0H	1599
AW6J9IILGOZY3	2737
A2K2NVVGK67HB	2271
A2H4KPQWVVTV1L	200
ATIMW8SYGAASW	1840
A9X2MLWQOALBW	2436
A1UDQQU0EPVH8C	1487
A3PY3SLBAVLUBW	1829
A1YP4K0B578K6F	182
A24SSUT5CSW8BH	2607
A3578WPHOPUCQD	1677
A3FZOGK1FGNLKK	1744
A2H5KD2A9MUZEX	27
A26L4QHFHX9GBG	1115
A301X1Z2T4S841	2153
A4S2WAQVQR6PI	1119
A14ZUHTPYMEHAH	254
A2EZBKKBVLNXQ4	1953
A3VQ5GCT8XBCG4	2138
A22GY8IOSBB9BG	587
A2OGYUDNJMHIOT	2677
A3ONR0WWEC3SAB	97
A29OH3JI952QW3	1238
ATMZKMBXAMIG2	1918
A1I7IAPX2HFRUA	1310
A1C64YU556Q1GP	1550
APGE05SC50SPL	351
A3DGJMO6VPG6FJ	2796
A2YGDD6LURYTH5	2859
A1PS4OYWUB0VX	1076
ATCMNVR67PKFQ	2368
A1UKJJSO8A7345	1188
A347668YWJIIYP	2492
A24WPSDKFU01TY	538
A33JWTAYO28QJB	1700
A2VM2DBMAT9U84	2304
A2R7P4A4CT2Y7R	2654
A3AVD6J42P43VH	429
A445HGPXO2G4Z	2289
A15KZO444F3B95	553
A15CQT1Y71J4G	1251
A39KS11L980GXB	2646
ABLNK7L13WKAY	2592
AEV34C745C0FH	111
A1O7IVALWWNHIJ	2445
A2MNW09F9RJ94A	548
AK36FOOA3FOZ0	1928
A1GBMNFNVIJE6F	1787
A3INN916E4VION	120
A11I1I9QLMAM1A	407
A2ZJ6IL2HTS9LO	2630
A23N28WV40YWK5	1085
ALGRTA7OUHP23	725
A3OTHWG8LLCLMU	1079
A29DSQICGWZBI4	2042
AQPWT449MAWH8	2635
A3BVD73B3P9B9U	745
A3RNSX8VKC38WA	2912
A16RPMEX8DA3WB	421
A32GW1R9MW0XOH	307
A2UHZ066BC4UYA	1880
A2CHEBHJ7G17CN	1357
A6I0LUYEHG4KC	654
A7AKTQ226L8UZ	2081
A27QXQQOLAMRRR	2583
A1ZHTBTBO99KD4	1524
A1Q6Q0RIAHSL02	2636
A2QMK160DUX134	101
A1E1LEVQ9VQNK	2732
A1MZL91Z44RN06	855
AQJUBIWM5GPEZ	54
AO6YID648MU4M	1858
A1SXB6Q38GA136	2105
A1L2DBI8LEJ7JB	1414
A3958DHNOFEMB	2103
A1XB5GYF0F9XOS	1104
A39S6UV6LFECE4	2453
A26J8Z6KLO1V25	2557
A3FQWIO6UOXF4X	545
A3A86D9F8WIDGO	870
A3VTOLNB5N6FVP	2896
AMOE5RNE0PV0K	2130
A2LB3D2TGD32P6	2152
A2YWRRFG14YW06	2470
A3LYC4BXRDE5RZ	23
A2IK6FJZPDAXW4	240
A3VBDOG1R3GPKW	1192
A33IJGLTVS5MDS	2803
A3B1YP0EKYL2QX	2284
ASAMK84W1MVXK	2340
A2F00XF5590EYB	2505
AHZZHVAHMLAVF	818
A3J2W4J5VYGTW0	1259
A1F4MKXJSBCUN6	1328
A3ESBCLVIIWGWW	2234
A20ZLDHGXMVT8H	38
A2TQST4IPVA0EC	10
A3I23XW4L5ITOG	13
A2ANICQ82D7RJV	1603
A1X3R98DKOR94K	2581
A393MV5JXZF5AP	698
AMH2X4ZMWW381	1301
A3FL56WH6WLM6Z	2243
A2XNQYN63ZM1AG	2048
A2NDUC09H0OTYP	1154
A20C7RI3X97FC2	1929
AQ3MJ8V783YYQ	2189
A3JQOM1SI12DH7	2366
AKFE675S7CNT8	310
ABPP6J9PWJ25O	886
A172UW4WBR9PLA	2308
ACJR0K8TMZSJ6	2315
A91BVZEDZYEWW	1339
A1437CAM9CNC1E	2926
AKWP7LOOOF3NB	1051
A2QGC6016Q9Z4Q	1394
A1MS8EOFY6WM63	2341
A3RW6YDNILSLXP	388
A1751UDRM42OAM	1555
AQQBS3F0XW3GC	1181
A205ZP18PBAATA	106
A1231ZWZ66NDHF	1666
A27KCNCPII70WG	379
A17ZPLHRUPPEG5	510
A19XT10D9TLMFB	921
A19ETYGUVX1B8	532
A38PNBXZOPYD6S	2705
A58N07M0ZCYMB	63
A1RPTVW5VEOSI	635
A3ROI1IZH7NIUK	1745
A2ZSUW1XCR02YY	1901
A2LSAHYDG4DL66	1057
A38VYNBPE3ITQV	1765
A100WO06OQR8BQ	103
AUS4IZFUU78TK	797
A2XR40GPJM6I6L	494
AXQPJFOALBYAH	1837
A5CX4D6HPHTEK	1812
A2Z14EFCA3IZHX	457
A2DRVGS5C8XLVT	984
A2DHXL91LL85B3	1439
A309ROUNTO02OS	2683
AM93M1RMWCBFL	2760
A2100A4899IE3K	1773
A314KKDIJWCNMV	77
A2974KOBZGV447	117
A1X3ESYZ79H59E	2917
AL319F173J5UT	224
A2VZGCHG3KNJGV	623
A3BXC0TUKI5F96	1059
ARQ4S8DK649FA	1407
A3CJ3DKELFXX59	2488
A19PJFGCOF0IUG	1521
A2CSE0O1AJWUU5	1990
A3GAJJBU09CGZF	1995
A3SXKYI5YM9I62	2376
A3RDS0DJ5EJGA7	1468
A5758KLH61UFO	2577
A3433V6H1NDFGP	2375
A26YO5A2Y8EBEG	2444
A1PC5TEDZPITWN	353
A31D82VVDKKZKN	1855
A3STK5WDK5UB58	80
A3EUQ5G81AN9LN	694
AYMU8V0X3NF0Q	1075
A1E50L7PCVXLN4	2622
A1W415JP5WEAJK	2901
A27FBC56WXTH0J	2006
A3N27L13CWJ9HY	2625
A1SXCGBJ9JW2MO	2748
A390Y4PZY8XTYL	487
A3T4OHEAHOJ700	2719
A10C337YGL2XWJ	966
A23VI3E0M5KYES	2914
A30ASPRK2VP8QC	14
AHGNRQFJSZ39W	1841
A12F8UHTO6L219	2579
A3CQXEI81Z92LP	2060
A3I07PLX93TZ4D	645
A1H5BX8C6CQ887	1867
A2VO1Z5B91OS1V	2415
A3IXF3BZMBQTJU	535
AL8OVUKN8D20X	721
A1NMV4MGCEHLZS	447
A7OG1Z5URP288	397
A212UJA6XIOTUT	2649
A19XWH84UMHU8M	2013
A170XIHPBZR3PE	1030
AB0NI2PYVJR3M	2410
A36HBGDEFPWD0U	21
A2UFNB9REUD4I3	1510
AAX0O5PXH6ETM	2786
A18LCOC98K7OML	444
AKYDGCKCY7H9F	1290
AZT5UV3ZRB4TT	2185
A2NRHWS0HW4EAW	2184
AF7D0R98AI0NL	2124
A3V1AHX8P4R839	2520
A1E3SN8V7AAIR4	1961
A2HO63B7M3CK57	1531
A35JWV3EZUEMW5	329
A2SCEWWILKJM0H	2480
A10O1I40TW8WTT	1846
ARVQUFE3DRWH	1760
AT54TN8DTWMT0	374
A35KQOGQNFWV35	2228
A2MCZJVRCAYVD8	2714
A3JFRQPMP535DM	232
A11YIHB6IW352W	61
A11KQADBYE0UZL	555
A27NBA48NKN04M	1077
AW5ANIKHY15CR	186
A1FR0HJ5QMXV8O	2113
AP6W84TCZDKL1	2235
A0473259F6GQNBD88IYN	1615
A3M7R4PD0FEPUB	2699
A31BBRGKZKI3TQ	880
A2FBPS1P12N24T	2921
ANW6EGY12V5XS	336
A36DFLISBU97Z4	936
A339BQZ2491E6N	968
A3RA9ATCEEQFV7	1282
ATLH687M1SQBX	2807
AS4PVSQP4I8EM	1159
A22MANL4US4RMY	312
A33W7XE9L9KSZ9	1433
A1IJOO312QLCUY	1899
A1QOHDHHWX9MCE	2384
A1V5TRJXTI6F01	2418
A20FCMSPME7K9N	229
A2W5BN7OI66MMU	1897
A37VURRXOFJ80X	2000
A2ESVDP96QR3ZU	2131
A2B7BUH8834Y6M	2887
A3OZ7MDT7X8AXN	979
A21I5LOKZ19YN5	1516
A39E7IWNHY62JT	2843
AS532HYS5G03B	284
A235ZXG7B63M8A	1659
APJ5LNYEUXMEM	2382
AXM76I9V0451M	1087
A3FKHS9EGWXUMI	748
A3AZUX1EW379D0	89
A2NAZ6EX7YIA7N	969
A1W3WDY2T5V01Z	1610
A2777F2YPMU7MN	1630
A3LLDALH9AFJJM	2201
A1SI5PT3CA9OWW	445
A34GSN4VRDFU55	1341
A18OALN55BUZ7A	2497
AIZI6Q5ENAM6W	1417
A3BI8BKIHESDNQ	8
A2N2XU3U2LYUZS	2516
AIEFCFFB8Z8LS	974
A37R0DRFA8ERAE	1445
A1GF0WPHBQBGVC	1891
A3UQ66AYXFZ1SX	612
A3J7A8MVZ9XDMU	1442
A1BLFV4OHEH4E1	157
A3W06YJC2YACTH	1490
AP6ZL52YA27W5	718
AXOIPGIW63HMM	2616
A2RJDA5SQPCPH	1482
A1JZFGZEZVWQPY	1583
A2I0EJP5KWUZ9Z	1732
A1DVHVNA739D69	2056
AUJGCBVCVF0HP	2007
A2WQUFBCB8DC66	776
AX17962CZ2WUF	1209
A1IK3U20MSQZLC	2003
A1XYOVJW5J06X5	526
A3S0J805FKC2V9	816
A2ZJMLZ1IA2YA9	2834
A2H2G2ZAAS23ZZ	920
A1G7B1CD37V81T	2037
A2BG4K6KD4B3EQ	2071
A3VY9YIPPDQEWD	2431
AL6CEWLV2JB90	1180
A1Q80VFM8KP7Y	1708
A1C6RZG7XQZBUZ	12
AAKULQQNMU975	1478
A29Y601HEWKCIA	390
A3CJ7MHAS9IMAM	271
A10JXY2MAO7MNC	1338
A20J9UEYG47LZL	1754
AK3GVZMOZL8ZS	2329
A1FH03RMOVGQF1	1523
A3CWEK9HY2VPDL	2922
A3PIKZO6KQLSJJ	1877
AUJ7BG2QB7VPJ	469
A2KBF6FDUVXJXI	1789
A26DG05WFGH2V0	481
AAMQLS6R95CA7	2057
A2AWP7JZZU4727	848
ADC433VUZKOGW	2826
A3PFYORMOUR847	2827
AWVTY3OBV3RZW	1202
A1PB9XZDJNY3YR	2878
A1Z7PH9LKWUUQ	769
AJ3HP6XP3Y5SU	1342
A24737H3DGW7J0	2404
A2D5YN7SUDG1QS	2563
A2VH0UT5EQFB6P	2757
A7P7OP5UW6APV	1496
A2YEOR4XJ8N3QE	2517
A10BY4M965RVAQ	1785
AT9F7QISFJSWF	627
A2IMTZVZ34PEQO	2136
A1DH3QDZX8Z7GO	2809
A2Q6A2CYJERF5O	524
A1IXFZGMMROGKM	1532
A2EQ0QDOSGH6AC	757
A1WA0FQFGNJZYJ	796
A3Q5ZII5NII7GE	1116
A3QWDWGYAN1EX9	2273
A2XHOPTTNC25MQ	2483
A3TX46J8SBZPG3	2619
A1FAETFXIWAELQ	577
A3565TY9NH0DSC	239
A33Q17P5FNASCZ	180
A2LUV1LNOEBRGW	560
A1ZZ78NNJ66430	2553
A2N4SU1O376NGJ	315
A2R5C3D1WCHXO1	496
A1WAA32LZ1488K	507
A32JCI4AK2JTTG	1198
AVNBN4BUR6Y3L	812
A2R1VMGSXJ272L	2567
A1G8USRY17IR1X	1176
A204X5TFN10O43	867
A9SZLKDNGUZ7B	2818
A3HY8JIEQ6BN0I	1409
A2RO3DC31WU3LY	31
A14I1F2H7NOYDC	1446
A2OS3TIVAKUAHG	275
A23ZNGL704AW7O	2245
A27EFUEP4VW48V	1141
A1MKH9933KQDAT	1814
A3963R7EPE3A7E	274
A3CNXROC1ISAKW	223
A2TVH2OBNXYXHV	2518
A15GKNQWPLSDEA	829
ABT95WPR4VVHU	641
AYMW143FPF0I5	1727
A3VI2VETB90ZG5	2736
AXIQBDOJ87B72	2373
A1TPZZ9HDPBBS0	1292
AAA0TUKS5VBSA	1885
A3524CFJSP5ZHW	2891
A2C3BWJJ4TT7FY	362
A31AC72FDBBEY1	398
A20OBCQWBKCGZT	2585
ATLA5CJH0ZZHP	1849
ALO6KUE1EP1LY	1268
A23BZ84C3AJ4JQ	2890
A2DAHQ3MG8SP7R	1346
A26BPT5M86D9JH	1396
ACX25O6EVKQL6	2247
A1T1FK8Q0EAU1Q	436
AHSW6OVY3I8Y8	2125
A2RBTYOF9N0NAZ	2828
A14I0X9ZNK9D83	949
AXUA525MCJGPM	1153
A1CF3O26JTKP9N	2595
A23XZ3LONAZ5HJ	464
A16I7TH03ZUMDG	701
A11OY91XPI2CWZ	215
AA1951H3SLZR8	2163
A2C7BBZMDFO5D7	75
A2BRCFQIGMSBNH	2157
A1ZU55TM45Y2R8	2181
A18ZMCS5SQLW8V	1937
A1OWRLSD7LTSQ9	2621
A3CQN2TNUQRGIM	1415
A3SA3WRSUTD6TH	807
A2K5WY6B9J0BL6	1886
ALMIFFHNE45JX	1148
A4M93AOUPNAAD	2365
A1UJR4T1DAC8BI	505
A1UDJHWK4L1ZWV	1067
A2HKUM9OEBQKDW	2158
A4Z9FWK2J34BP	2471
A29ARABMSNY5TC	225
A31Y28UEDXQ0HB	48
A26CPEMD4T2EU1	1504
A3TSD77T9DBARX	1509
AS8984CRFM1OS	192
A1A42293Y4MXWO	1019
A87ZLER5G470Q	1595
ABDSV77EFJJV3	2502
AA9QNONE3ICLP	1827
A2RGEQ4EOILD9Q	1714
A3F3K0YC4VV0Q7	313
A1BVX09366ZBN2	2509
A3B21ZWOW9I4X7	1811
A2ZAS2K592TVFT	672
A1QOIHVQC5XWCJ	123
A3OVZ3PDXZ4NGJ	2299
A14R5WS10X8ZEF	2676
AFRZ1104BVZI3	1041
A13HWY9EDZ8ATR	2923
A1Q618AI7CRY6	588
AA9RGE8TOL081	1621
ARPDVBJWAW9E7	662
A1K7Z4L0VV0P9Z	1945
A306NASGVUDFKF	2307
A3MGPKTHSKRFUW	491
A34I4L5D1ZVRTJ	1657
AF5ETZ8HTFJVW	1992
A3SB3TLXHI1S19	1287
AY4B9XKR85TTK	2668
A2X66A9HPMDH8T	453
A3C25PH9AWIHKO	2350
A1KWD90M53ZE4F	980
A1YYOUZWPQ97XK	1816
A37KNOJXE2FU6	165
A2032YC2PRGNSR	962
A34BZM6S9L7QI4	1685
A3BGAQ9Z328H90	1561
AQY3KVT03NUTJ	1566
A32UD0H1VY21MO	2032
A226VGZWOEBPGL	2744
A6D1BJVMS0TAN	692
A3AVWE26TRE35Y	2611
A3U4BI1WS7N2E	2785
A18N6YPORZBLRK	1191
A17AH2O639G6D0	2566
A3IQE9SS1Y0H5	566
A17BPFVLVV7F56	1985
AIFWP4G8OWDC6	685
A39VLN90M0D8XL	871
A1S8MB9KUAFUB9	768
A1QVOYKF2RP9PA	2652
A1SPU4VXN8E8AH	2149
A3HPCRD9RX351S	1767
A17WU4OZ17UG0J	1713
A5P796BS7E515	2894
A2GGO4EBLU8IPH	1140
A19NBXXE81E10J	2194
A3PJ0N80WO0IT1	1252
A2DGK02WHF3VVA	258
A2CH61FZ4UCCG	340
A248YFZYQSHU0M	792
A26OK7BF2STXN	2578
A3DLE115UW01ES	2874
A1GGWEX2RW0IRW	152
A2BJHH0BNHMOGO	261
A13GZCHAMKWYBT	2629
AM279VWXJ431F	1331
AHPV4F8IVSC39	2910
A2UNWZVZWZCNJN	2598
A2KSS290U0X82B	2751
A326CJOIAVMKIR	304
AAXYNT3613SQT	332
A371TW3ITEK41W	714
A2FJKITDY5UUHJ	22
A207RZZFU7MRH3	682
A2GTBEL7DQCHPM	2434
A2DFINH7PH42RK	2531
A3OXHLG6DIBRW8	197
A14FOM1BCWRR3L	992
A1XD710QD1HCI1	2541
A1ASWEF2XS078F	1764
A31VHB4X09PHFF	230
A16HA1QAOJD6XX	2898
A1FK6IQ111SJDR	1168
A1W78VPTNJJOF0	1706
AQUWQOJBCJXHR	1774
A3S1KDXI037SV	2836
A1M8UR1W1GU1L4	1437
AZTAK8PFB0NLV	503
A11T43WK7C7OR4	1380
A1I8BJY2M3A4CO	1275
A3Z9QN0RCOHEY	1884
A2SKAI16GCSEQ6	2540
AWIF8AR75LL9L	2889
A1OPKNO7IXWV27	282
A39DHA05J4C336	2039
A1NDLSP4GCL3XD	92
AJ65S0MRRFV96	1267
AT0Z251RQDQD9	1551
A3AAEEXTCLCLPZ	1743
AJKR4G97V5N5Z	1801
A1K68C0SX1BGQM	1831
AJC7WTO025631	175
A190UO2CCU0I2D	546
A2GZNBSHUGZ85U	1614
A12YDDN7P0G32J	2215
A2ED99D5SXT5KW	1980
A2EM4AZL4SQU4R	2285
A63ZOBET2J2II	1480
ACYM6AB6D9EJK	1617
A16J83GL41X45W	2423
A2XZBT4TOEBUGN	619
AUUV3XDYB16X5	1861
A1OTN4X6M20GQJ	1716
A2XZ17U949T053	2515
AA7FNPJDMRHHK	1470
A3RN0N6TZNJJPJ	2686
A5CDMTW6JKV5G	1105
AGLJ6YAG9IURW	1609
ADII6C59KL9TA	2528
A14PCZ9HUA1MTC	775
A1MSO6LERG39PC	409
A1VS1LL905P5L5	2657
A1TRAEV7QWA5DX	55
AC00URW5TZRAP	434
ATMHSONJ55YN6	846
A2P86PH81C7MOM	2782
A2FUVS573BCFTH	1293
A8CDI479WIX9Z	2422
A2HHJV0VGJPOFT	281
A18YMFFJW974QS	2496
A2I745TXXUTMDJ	497
A6A54D6XP3QQ9	1751
A1KMITAI5ETLHB	1636
A1VM8FXNUN1DYO	1206
A2K8F08QM76D5L	2203
A3AO1KANO9RKHI	1029
A29FSPKT2L66SP	1761
A198CCH4NNLI2E	2193
A15CIBGLZJ1ORE	841
A2MOATGOUSVZ5Y	1257
AOU7YU711QNSS	149
A21AN9W3LEWN9A	319
AG28H2VJ3EA1Y	831
A3MP3KKMZLXDLA	2868
A2JH2EPEGQPWW	1676
A1S77B2I40PBRH	1130
A3SYLTXLITXYBK	1390
A1RGF9EVE67HG1	172
A13XP8Y6A33IVB	1546
A1LQC225SE8UNI	2117
A22KGO6Q2YWS0C	2756
A3DC44KVQ1O2XL	893
A3OU81LAFVJOIN	69
AHDG8TYWO1BWW	1129
A2IUIOFOUUGA7E	424
A31H2D45PAR328	989
AKLUFVL8A311U	2281
A1Y4Y0MMSFNJWT	104
A23ONMGKEWDG4M	219
A191OYZR0NJUFF	1863
AEL6CQNQXONBX	24
ARE2MDLUM3APW	2854
A3N8SUM6D6T8B0	2363
A2ZDSZY9EPNZ55	257
ASW66VC3E3GQ5	824
A16D56XJ448GFL	987
A58Y2118KOBVJ	1575
A33CYHP1759V4W	2634
A54SG05AV6S4H	276
A1KZ7VGELAJ0NI	461
A14RFF9JUIM34U	664
A4TXDGMX5CYJQ	242
A117PEASIX5TJ	1926
A1MDOVAZL8QV0O	847
A29U1TH833PWNH	1748
ACSNL0L1C7G9P	126
AHCM2GKBTLDY6	451
A1EXO4YP10E8WO	1491
A12JRUHLRWNKYI	720
A2IPBMCVNY8GPQ	910
A14GKZOAPB9CHY	1644
A1G93Q5GNS9GZ2	1196
A10AAULK3SQEK1	2905
A2C5AFJ50H9GV4	1163
A3VDKDMVGGTD7W	2542
A1RJ4BW5Z1BNUL	493
A1V9GVW1YCI89K	1848
A209NTWL1FX6ZD	1955
A3AY333WHF4H3E	74
A2RJSQRTO871CZ	1424
A3GI4SKQXZOJI1	1569
A2CZSFOIDXAKJQ	1355
A2AM9IPXQKNO8L	1072
A1OMII62BNFJUR	1408
A20IACSMBLW6CY	1038
ARRL0W88XYDO4	1350
A2ZJ10ZPQEFNQJ	2830
A34H1TFXR2MZ7U	955
A3FP9141P7DHT6	65
A2YEG62ZGRANV7	339
A6VXZ1EEPRTLV	288
A2D2G9GUF20EKX	1225
A50W36ATFDSNU	1340
A15U64VGUV6RBF	1977
A2WLNSZ9U0T1S3	295
AFHOKIJCWRO0J	1924
ADLVFFE4VBT8	2005
A15VFMU0WO8ED2	280
A1DLJXC2UBCQ6P	1723
AZB9A8U06Y8JY	765
A350LKLQIZ1QY1	1622
A4WCZVA328QB4	502
A1VEKMVQAU3D4I	2458
A31ICLWQ9CSHRS	2522
A2715EP3FG4X6X	2617
A1EE4PMEYPD796	700
A3SIFE8UI9B333	875
A636SDCLXDASU	533
ALUNVOQRXOZIA	1386
A2N54EVXQ6MIU1	441
ASO5ZPEHJ091B	965
AFY5F2DIMWO0H	1212
A17ODKZV8TK69X	2018
AZ4TULAIAL4DS	609
A1RFB1K0ZS0JVP	693
A2QBZTG2TIZDER	112
A2QBWMXB5OONPI	2179
A39ELFSOYEUX9U	1790
A31GW2PZYY0Z20	830
ASDD1VD6KB8VG	2618
A3BBOIM6F35SOT	550
A3D2C9UZYWVPTE	2347
A27M75LRSJ788H	1254
AFFJSLANB28F7	1871
A32ZS0T9V124SL	539
A2IAAIAEWZ3HRQ	2338
A1JXNXW4MDXJKO	356
A34JJD9972803Q	1125
A256J4OJ7LAZ7B	1312
A1X2UUMY3RSSNZ	159
A3NQW8M92CL9SB	2821
A180CABGEOXP9F	738
A5MU2BHNUOOR9	359
A3IUR0O7NC9SC8	99
A1VR62D823PC8G	1215
AGD5A1IG81SKC	2303
A1M58RMYYEPYN9	912
A1L2STZ2U6Q607	1132
A1EE1HLYUIJPIG	1117
A18FOZ2W81QI45	2132
A2H4R3DOVF10TI	1186
A18HOTPCF2137O	1416
A20TGQOBB3N8FM	1626
A1L2M6G7A2OC5I	2664
ALLFPK4VJC48D	1020
A3CKI6VEH0HBMJ	2419
A2H87DWVVYBD05	2873
A1KXH1783R6WLB	325
A1LAGS8H4A2DR7	267
A2EKR8I45RQSF1	1560
ADWJ56WGUT8XH	2713
A1ODOGXEYECQQ8	174
A2JAEZ0FMAMJVW	2606
A1SN57DOGC58X	2233
AE6X222BEJZVN	1121
A3FAGG3V3AEC2W	370
AMSLN8SSNK1IR	454
A2BJZQUZ70G4I3	2689
A9CEQ9J4J8VI1	1107
A335WG8WMP5O7W	1308
A38HY8YI4C63RF	1641
A2WYCJOJY6QSJI	1690
A2EGNH6NVPQBLI	596
A3TPNC3TKGCCEI	2747
A1RKGC5CRTFPI1	2442
A2AIZM9LGRSDYF	1263
AIAT4UQM6AS8G	2687
A1I477ADGMLVJM	2850
A3S5WYWYKSAI9C	2789
AHCL2WVP0FIY9	1145
A37WVR9M1STQDU	2864
A35PL5FRB18EAS	2009
A354GLN1MK52Y5	84
AVJ4E23UQZ6RR	1327
A2WBB8QN9S617	249
A2VIZTW4DMVVWK	262
A2337VEHDVLBDR	1007
A2SUCKG38D9RSD	1406
A2F8ERAS0M7P39	717
A3VOTPEB5TIA5M	2256
A32M3NV9464KEA	835
A1TPJYU2RPI3L5	1217
A16T0TVEUGHWUF	2704
A1VC68G7VFDGHX	1753
A26UV7ESMW59YB	690
A5XHKZI94YYTH	2814
A2ZYXZ3UEDABLA	1376
A1R377IPZOKLMM	272
A6JRVLPORGU8H	1391
A4D5B7Q8A7PA6	808
A3FJTBSTMW8U53	942
A2QQTEP9U8CTWG	1973
A2OL8PSMSHL947	711
A14SN8YIYK7JNI	617
A2HC9549CZAKNN	2895
A2Q204DY2L7YRP	1241
A2DU8VTIM2APAD	1559
A3W400E8PUFM0Y	2489
AUFW0LEC5N4CS	684
A3DYOLS5H3WZ4C	898
A365WHP6YYSU5C	2221
A1CW1IBKN777QB	1488
A9GPCR9WJQCCJ	49
A3SI53R6YBH1XW	2597
AJ7O8R3PJRS8C	1793
A3REK3OFONWB1Q	52
A1A2U1MG2V2T6Y	513
A3F5I3P6PEWUBN	2504
A130TXFUMTSTRE	1598
A2V1J3JT5OOZFO	389
A22EXA7BVCK1ZX	2400
A176ZYRYOUNNWO	1567
A1FEU9P1IY57XE	1592
ANX1UJ2S3WOAM	1124
A38W0YY9UGX1ZF	1389
A7ZCFU1QPEBNE	432
A28K7LCY4GNITJ	2429
A2QYCCUIMGYC4R	2682
AM1H9HW5AAPW1	1642
A5TXHVSZRK1IU	2120
A3VDO5M0017V3S	2344
A3K7PWRX8GXJZP	466
A1YUWK0O71JG0W	1779
A14C64D8I5RY5K	755
A1WJ1Z7QCAYGG2	1035
A17YNL1FBBH5B5	2813
AF0E1Q98HR1AH	455
A3GCFYN9Q7PR63	2396
A58SMXXZATBHC	1640
A3GCDGXP602IOT	2317
A1ZPY91VE3IDN1	1842
A2Z5C2MD0XL1QB	1946
A13W04LMNR3UQ0	190
A2VBQLQ0668IVL	2662
A26LD9FQHTM8ZH	1303
A16CBDQH44LK3P	2275
AX3U7MPKLPDTZ	2128
AX645IEO2KC14	167
A3SZXYX9YEDGT6	376
A1BQY11G9L773H	1345
A2E444XGJOEHNK	1543
A3R1SCOWB2F7V7	433
A9NIHNF4EVNNN	1444
A11YHS3A7LJEDW	1558
A2UQ0A9S5ONPXY	1136
ASOB3SXL9UMJZ	1042
A3L63YZGH1ET8Y	774
A3SQCTNYQFVBWM	1467
A1YEU9GE4M904X	2831
A1HYDE16Z8XNK3	387
AUL2CD4MXGFA5	1687
AP37T7UPLQGWU	41
AJ0AZ3Y8UYL6P	1638
AP2GDAH3SFXMI	1423
A2DQGD2M6EZRS6	162
A2I7FNNMP8ALI4	1450
A1BHSP8TPTH8Y5	2924
A22BZD9BW8YPZF	1015
A2SWZEBOQ5PXK	1503
AQZW2TIG6PBAE	777
A38NHXL5257E3B	1253
A3DOZ4OEZLP1DK	1517
