B001KOUDH0	506
B00HD55RA8	941
B00004Z2FP	64
B000KDZ1VA	291
B000PSFLT2	335
B004YK642A	718
B00G4SCGNQ	920
B000G0KAG8	253
B003TSE77C	650
B00AQ4BW52	849
B000E7MTT4	216
B00004W430	63
B0001WV010	102
B000667W4A	123
B000P71GLU	328
B002Q8HH28	566
B0000VUNBA	94
B002ZVOLXE	589
B0026T6778	540
B0036GA7K8	616
B00710D0Y0	768
B009QAQ6WG	835
B001F5UY3M	485
B000WEMG4W	379
B000JRDX8U	290
B007WH7S4A	801
B004H4X6Z6	681
B000CM6ZTG	205
B000WEMFSO	377
B000FHAJ90	240
B000WOOAQ4	394
B000EJ11X2	225
B0007UQ2N2	152
B0001IOYX0	97
B0007UQ2MS	151
B007UII372	794
B000H5SD5C	265
B0029D6NZC	545
B000LO4FFG	300
B00GAXLEXS	926
B000CSH7VA	206
B001KOUDJ8	507
B002SIR91A	569
B00GRAJTEK	931
B0063ZDQ66	753
B00KS0F4FI	961
B005G6TQE4	731
B00004Z4MS	65
B000NCWP44	312
B0012QLVRM	427
B005G2SGG2	730
B001H9RPNI	495
B001DGII5O	479
B00BIX12CI	866
B000E1RIUU	213
B00004DTNH	7
B00D2VUUGI	891
B000EHJN7K	222
B000WB13QC	367
B000ZZU960	417
B003AQBJ5Q	621
B004JMZH3A	692
B0002ZINDY	121
B000SQ32MY	352
B003FZAVJ2	631
B0013FO2B4	433
B00AZXBDY4	860
B000BX4SOK	200
B000JF8LSY	289
B001KVZTSG	508
B0006OIZO8	136
B000WOOAS2	395
B00173ELYK	447
B0006U66B6	139
B008U4R8YO	817
B0096DD8II	820
B002JUOWB2	558
B000YFA7HW	413
B002D925D6	548
B0032JSQ52	607
B00CIF0Z0K	877
B0007UQ2LO	150
B003YL4MG0	655
B004I96S1Y	682
B00C3YIYAO	870
B006FLGHGE	757
B00AZXBDX0	859
B004TL62LW	708
B000HHO1RO	274
B006Z63K1O	764
B003YL4MGA	656
B0079GHC8Q	776
B0032JSQ5M	608
B003TQM9XS	649
B00AA8WSSY	843
B0001Q2EMA	99
B0001LEPYA	98
B0001Q2EMK	100
B005T60AIC	740
B005XVBIL6	745
B00GO77TTS	929
B003OANHEY	641
B00336EUMW	612
B000WEMG24	378
B0006OIZN4	135
B000MISU5W	301
B000XTH1GY	408
B000H6JJEA	267
B005SS9EB0	738
B000EDVTLW	221
B001I912V8	500
B007TWHZ6Y	793
B00FBP4QT0	911
B00BGIQS1A	865
B00E0CUPAE	902
B00004RBDU	37
B002ZVOLY8	590
B00AZXBDUS	858
B00025H2PY	108
B000A1EJT2	170
B000WEMFQG	376
B0006JO0X8	132
B000HHLHK8	272
B002Q8HH2I	567
B000BANMUY	178
B0006JO0XI	133
B008U4QX7M	813
B0001Q2EMU	101
B00004R9TL	9
B00004R9TK	8
B000MR6WRG	304
B000F9K7JA	236
B002YPS1KK	587
B0012XXD4Y	429
B000H1W8FC	262
B0026MHWZ6	539
B005J0FYHU	733
B000WOVZ26	398
B004RNOVTM	704
B000HHLUDW	273
B0079GHKTC	779
B000R0WXI0	339
B00GBVCJ1U	928
B000HHQ5X2	278
B001BOBX00	475
B000BQPGQQ	185
B0013I2MLS	435
B0012CH350	423
B000NZZG3S	319
B000ZOM7QG	415
B00BXY0QR4	868
B000XSF42S	407
B000X9DZQ4	405
B000EI8QUE	224
B0019TEHBE	461
B000A1E690	169
B001VNC5U8	532
B000UHDDJI	354
B00004R9VV	10
B000B9SFP2	177
B002LH47PY	560
B000WU5GGQ	399
B001VNC5TO	531
B0045122EM	664
B000RYL2CY	346
B001A5OR5I	464
B00CM859OA	878
B00A0IW49W	838
B0006BFQJS	125
B004INGS8S	685
B00602J3V4	749
B009E74XG2	826
B00107039U	419
B00IJB8F3G	951
B0045VL1OO	668
B00409QKRY	659
B00FDOON8S	912
B0049C76S4	671
B000OWF7YI	323
B006FALDSW	756
B006TLL1HA	763
B00004R9Y2	11
B005T60CSU	742
B006FALDOG	755
B000BQYB0S	192
B00602J27E	746
B000FJX67U	245
B003IWI66W	635
B004M7MTIS	695
B00ARVDFGI	852
B00DK494IM	897
B00004R9YQ	12
B005QR47PQ	737
B004S8JHLS	707
B002JM1ZMY	556
B0000CBJCQ	89
B004JMZH0S	690
B0052W5OP2	721
B001D1FFZA	478
B0006ZI6H8	141
B001VNC5V2	533
B007WQBELE	802
B0013CCO08	431
B0044985A0	661
B004JMZH1C	691
B008U4RB3C	818
B000Q5S7RM	336
B001H1JKN4	491
B001BZNWVM	476
B000I2Z5C8	287
B004JMZH08	688
B000A7SPR8	171
B0002YTVJA	118
B00CSS0KLQ	882
B001F0K14Y	484
B004A871GY	673
B0024ECDL4	537
B00CPGMUXW	881
B000ND3MGS	313
B004JMZH0I	689
B000ZOPXPS	416
B00023RYS6	107
B000NCUW1M	310
B000BZ8FXS	202
B00AQ4CNUK	851
B00004ZB4K	68
B000GA7ZO8	254
B003BC9B8Q	624
B002JQBQZQ	557
B000WEMHN2	383
B008U4QZDE	814
B000FS5YDA	252
B000HJ7AIY	283
B0078XFSSQ	775
B001AHAJXK	466
B00GUJT7CC	937
B001VEJHSU	530
B000SDKGC6	350
B0057AZ5U8	724
B007KAY2ZC	783
B00C3YJ0YS	872
B00004RALJ	27
B001H1LUVE	494
B000BX4SBI	199
B00002N68C	3
B00004SZ9D	51
B0012NTQ68	425
B000F95CZY	231
B0006MTRJ2	134
B0008IT0GE	161
B00004RAL9	26
B009IH0BYQ	829
B0007ZJ1IK	159
B00002N67P	1
B00002N67Q	2
B000HI9L78	282
B001P80H18	512
B000XSF3YM	406
B00E0LFT3S	904
B0007CY2YQ	143
B000RUM0R4	343
B00004RALL	28
B002XHJF9A	577
B00004RALR	30
B00004RALQ	29
B000FJVRAS	244
B002MZ2UOA	562
B00004RALU	31
B004S0PH1A	706
B0006G51KC	126
B003LY4I2S	636
B00004RALW	32
B00DRN4IT6	900
B00002N674	0
B001PCRFYG	515
B001IKU3QC	502
B00G8R2JWG	923
B00004U9V8	58
B005T602XA	739
B00004RAN0	36
B000059MT3	71
B00004RAMU	34
B00004RAMT	33
B00004RAMY	35
B00004U9VV	61
B0001XLSGQ	104
B000BX1H76	197
B004X7BNUW	711
B000LNY4C6	299
B007WZQDNY	803
B00004U9VA	59
B00004U9VC	60
B000071NUS	78
B0015WUQ24	446
B000NJ3R26	314
B000053F9J	69
B000NSGNOG	316
B001B091RG	469
B002CIRD1C	547
B005D6NX8M	728
B000LNWIVU	297
B000BPAVBW	181
B009IH0ICG	831
B008NYF8S4	808
B0024NDVRA	538
B0001WYNP0	103
B009EQF7D6	827
B006JJ27CU	759
B000BPAVCG	182
B005CY100I	727
B000WEPH8Y	390
B007UII5EI	796
B000SP2JLU	351
B001V6WXEI	529
B004A84XI8	672
B00CO6VP02	879
B000FBQJA4	237
B0015031R8	440
B003FZAVZ6	632
B0019Y0YCA	463
B0015AUOSC	444
B000YKJ6YW	414
B001H1LSKM	493
B0079GHKV0	780
B00C215MYY	869
B0006HGP7O	129
B00022OK2A	105
B001JJCW0M	504
B0071E238A	771
B002NC2AEM	563
B002ITKYRK	553
B00303H1KG	591
B0013JJ79M	437
B00353DE0W	614
B004PEIXP6	698
B00D78QBLO	893
B000RYL1NE	345
B00138MO16	430
B0000CBIFG	88
B000X7XQA6	404
B000FI4O8Q	242
B0006G51MA	127
B000HHO8RW	275
B001K2YBA2	505
B00C88DV6M	874
B000F3DUW2	230
B002W8PVWK	574
B001HBH1BM	496
B0013E3TXC	432
B001UV6P9I	528
B00G8FF150	922
B002YOJDAS	586
B001I8ZTJ0	497
B001E6QVM0	483
B0011WP4Q6	421
B008JZBZ6Q	806
B001DRJE1K	482
B006Z63KX2	766
B00023RSUA	106
B000EVE2ZE	228
B000KL18I2	292
B007UII5R0	798
B00310210I	604
B00EUU044S	909
B00AZXBDSU	857
B001MQB6WW	510
B0047O386S	670
B00004S1RW	38
B000EVE17S	227
B000S61YO2	349
B000L0CPPM	294
B000WEOQK4	386
B003MOD2HY	638
B0002YVE54	120
B00004SDY5	48
B003R2SKIC	645
B00JPWZY32	959
B0002YVDSW	119
B0037V001I	619
B001I8ZTJA	498
B00CXACVYI	884
B004X5XX20	710
B00009PR1E	86
B0007NP05U	147
B004YJCP7O	717
B0001AUF8G	96
B00AQ4BYBO	850
B00004S24U	40
B000WYOOQ0	400
B003F64AZC	630
B00005YX30	76
B005P29K1S	736
B000RYOAHS	347
B005BV0DD2	726
B00005YX2U	75
B000AQNQ4Q	174
B00HH4K8E0	945
B00GTDI6YO	935
B003XL7WZO	653
B0032JSPX0	606
B000RULG8I	342
B000CFOUEU	204
B00D78QBPA	894
B001B1KGCO	470
B0032JSQ70	609
B009QAPPWI	834
B00472NNUQ	669
B001DKBDHK	480
B002RMBDIM	568
B001R1LQL8	518
B00FFEBEV0	914
B000P0DK1Q	325
B004Q3NN4W	700
B00744ZDRA	773
B00FZJ9FXE	919
B006R93E42	762
B00062KQ42	122
B004XWTSGS	713
B000I1BX7U	286
B000B6Q6BA	176
B000HHHEF0	271
B000NCWOKE	311
B002B9COD4	546
B007UII5MK	797
B000PGOON8	334
B001REDIZ2	521
B000BQPZLC	187
B00G7NKH7A	921
B009IH0HYK	830
B007KENYUW	784
B00GSQ6HXO	932
B000WEIII0	370
B0009YJ2RY	166
B002SW52CE	570
B003CM1D2M	626
B00F41MYFE	910
B000WOTUCI	397
B0018D6CVO	451
B00004S1VJ	39
B003E7BGTU	628
B001BO8BWI	473
B000F95D0I	232
B0015ASY3Y	443
B000MV5V6A	307
B003P9XACI	643
B000VC1AOM	357
B0019KSUG6	458
B00AA8WX52	845
B0002HSFBC	111
B0010QD5QO	420
B001UTY5MY	526
B00FQGS8HU	918
B000WEKMLG	373
B004E2C0S0	677
B00GTDI0QI	934
B0007M4VRO	146
B0030ZZY58	603
B004H4X6PQ	680
B00JEHI28C	957
B0018U03AS	452
B004S0KV9I	705
B00E1HXYRE	906
B0015AP1QM	442
B0000AH849	87
B000A0YHHM	168
B006QYSF5G	761
B0000DINGG	93
B000PBZFJK	333
B002FYAQ2Q	552
B005T60BE0	741
B004PEIVUS	697
B000V1UU6M	356
B000W8VCXY	365
B00IR99G7Y	955
B000Y1BGN0	412
B00013BUW8	95
B007M8LKK2	786
B000BWY8KK	196
B001ACNWVQ	465
B0030BG1C2	594
B007M8LKJS	785
B001SXUUVW	522
B0006U2FJ8	138
B000HHQ2JY	276
B000CZ30C8	208
B0002IKUE6	112
B000P0FHQ2	326
B00198IUKY	455
B00B7H7SRI	861
B00ABGSX4S	846
B004Q46LW2	702
B007PNBU68	790
B00BFPMLI8	864
B000BX4VXI	201
B000FLV9H2	251
B000W9JN4S	366
B000MOM7KK	303
B0030EK5JE	598
B007M8LKKW	787
B005J24R26	734
B00G8R2PS4	924
B001H1GRPI	489
B000N5WPQY	308
B000HI3I68	281
B000VXYV6K	361
B000FJYSHW	246
B001H1HHYS	490
B001H1JQB0	492
B00602J2ZQ	748
B0006IXXF0	131
B00IPL91M4	954
B00DRBBRVU	899
B00AXTO41E	856
B00A2KD8LQ	839
B00002N8K3	5
B008N4QIZG	807
B0006IXXEG	130
B0051GUQO8	719
B000MOIWWM	302
B000DCN8HW	209
B004X7BXYI	712
B00D2VUMY8	887
B000ORYO4W	321
B004B9XPOO	675
B0007ZGUK2	155
B000HHQNBG	280
B00D2VUMXE	886
B000XTH2FY	409
B0008JGSD6	163
B003IR1TKM	634
B0006G51YS	128
B007109N14	767
B0008JGSCM	162
B0007ZGUJS	154
B00280MVAC	542
B003EZ7UTW	629
B00BPWZTBM	867
B000NVM2L6	318
B0006856EQ	124
B009TPI82Y	837
B003P9XA96	642
B003RDKKV6	646
B0007ZGULG	156
B004Y0F5SE	716
B0013FQ0XC	434
B00EF45AHU	908
B00215LFZQ	536
B000GD8M2E	256
B000VYGDL0	362
B0015UCRXM	445
B009QARRP6	836
B000DZH3XO	211
B003B6KQZE	623
B000VU222S	359
B001AZJK46	468
B0002IU8K2	114
B005FMZ4WM	729
B004BRNUIC	676
B001B3PI1G	472
B001QILPWC	517
B003MNFOLC	637
B0013I71SC	436
B004IMA718	684
B0051OJS1W	720
B00075M3W6	142
B003Z0C10O	658
B000HHQ2PI	277
B004IAM29K	683
B000WEMH3C	381
B003TJ9G40	648
B003QP328I	644
B000CSYMRC	207
B000RNENU8	340
B000WEPHKM	392
B0019ACHR4	456
B001UFLIA0	525
B000OM82J0	320
B003N2UE8K	639
B0012CBRRK	422
B001RCTX4E	519
B007PNBTW8	788
B002NKWTZO	564
B000WEPHKW	393
B00002N6AN	4
B0030BG1AE	593
B00CP3Z1M2	880
B003BVJBR8	625
B007PNBTX2	789
B00D8QWUCY	895
B000W72GBC	364
B001B1KH1Y	471
B0019THNCE	462
B0030MIHAU	601
B000FJYT4E	247
B00GVLDF9K	939
B0026TA5JE	541
B000AORCSE	173
B000WEMGM4	380
B0098HR0WM	824
B00BBQVL5U	863
B000HCLLMM	268
B000BQY7XO	191
B004G5YLE6	679
B00004RACK	24
B008JBVRBI	805
B000GIO0NY	259
B001T4WJKU	523
B001O8C8KW	511
B00IJB4MLA	949
B000XTI5Q4	410
B00B8PLMJO	862
B00GTDIDBU	936
B00295N5VK	543
B000H1PGYW	261
B0017M5V9A	449
B000NCTGQE	309
B002YK4UZ0	579
B001RD7LRO	520
B00D2VUOSM	888
B000HHQAQY	279
B002YK4UZA	580
B001P82AHW	514
B0007ZGURK	157
B004OHAK5K	696
B001I8ZTWM	499
B0009PUQAK	165
B002YK4UZU	581
B0098HR0UO	823
B001P82AHM	513
B00GPVZA58	930
B002VZZ1W4	573
B0012RS2I2	428
B000VU4KM8	360
B00D2VUOU0	890
B00008ZOXX	82
B000F0BVYE	229
B000FI2VHM	241
B001TRELMQ	524
B00080OD9Q	160
B002J0PMOS	555
B0045UBB2M	667
B0078KWAL2	774
B0007ZGURU	158
B000P9URDQ	331
B000RYL1BQ	344
B00008GS96	80
B000E7YYDS	220
B001H1EPHK	488
B00D2VUOSW	889
B000AMCAVK	172
B000HCNEW2	270
B0019NACTG	460
B000GIIQFC	257
B003TFE7ZM	647
B003Y3E55G	654
B001WAL3WG	534
B000WEOQV8	387
B006OD885G	760
B000BX1IL6	198
B00FOM2Y1M	917
B0007OER2G	148
B00004RAGL	25
B005MAHAV0	735
B001XW0WIY	535
B000FCEPMM	238
B000HCNEUY	269
B000NVDGFM	317
B004RKO640	703
B007CW208E	782
B0045R5VT4	665
B000WEOQWC	388
B0045UBB0Y	666
B00A72FSR6	840
B000NJTFPE	315
B002VED4NI	572
B00CVG681G	883
B002LGY1LA	559
B0017K651A	448
B001UU01US	527
B000WEOOSS	384
B007TULFRQ	792
B000WEPHBG	391
B008RGCA9I	809
B000VOECSG	358
B001PL7XJE	516
B000F97DYC	234
B001DKTHNC	481
B004Y0CF2I	715
B00I8G6T44	948
B0098HR0PY	822
B001BOAE46	474
B0002IU8UW	115
B001FK81PU	486
B0000950PZ	84
B000BQWP0Q	190
B000IGGFEQ	288
B002YNSADA	584
B0019LY8QG	459
B008U4QTZ8	812
B0000950Q2	85
B003959G9Y	620
B000WEOOUG	385
B002YNSADU	585
B000F97DZG	235
B000OWF97S	324
B000MRD5JO	305
B00HH4K700	944
B0007WFG2I	153
B00IKEU74M	952
B0013LI4GM	438
B000ARMH4A	175
B000E28UQU	214
B0052WJ3UY	722
B000WEKLTE	371
B004FVEDAI	678
B00DD6B9IK	896
B000E7SU3I	217
B000BNKWZY	179
B00ALH3LH6	847
B00JGLK62Q	958
B0071E21ZU	770
B00HH4K548	943
B002EJLLEE	550
B0096DD84W	819
B00004VWM1	62
B002DM1Z5C	549
B00ANCXJR6	848
B000WEKNYW	375
B000094YKM	83
B000WEMHGO	382
B00AW72V4E	854
B000WEKLV2	372
B0087RDGL8	804
B0002YTO7E	117
B007C7I13M	781
B0018U0A3S	453
B000F97DWO	233
B003AYUWMO	622
B008U4R1VY	815
B00004ZAW4	67
B00AW72V58	855
B0071E1YJO	769
B00IJB5MCS	950
B000291GBQ	110
B00J96ZBB4	956
B00602J2IS	747
B00FGIGT92	915
B0032UY0BK	610
B000BQLWCS	184
B00602J4MM	750
B00004TBJ7	52
B00004ZAVI	66
B000PBXESO	332
B003VYC31Q	652
B000RUDBMC	341
B0079GHJXY	778
B00C3YJ1ZQ	873
B00004TBKI	53
B000BQPW6A	186
B00CFM0P7Y	876
B000EM2SSG	226
B0000CBJMQ	90
B00GBV3982	927
B000BOC300	180
B00HFSUL9K	942
B000QD7MZ2	337
B002Z8E52Y	588
B00365FIBC	615
B00C9Q04BS	875
B000WZ4KO0	401
B000BQRF60	189
B006GKCMHC	758
B00E0LFRT4	903
B0030T0RJC	602
B0006VK68E	140
B00008Z9ZG	81
B000FK010Y	249
B00005AKZE	72
B000P7FVX4	330
B00004TBKK	54
B00004TBKL	55
B00005AKZI	73
B00AU0BD4M	853
B00004TBKM	56
B005968T1M	725
B002NKYWJA	565
B003G5A0TW	633
B000H5SZ1Y	266
B00GSQBYNC	933
B0030GG2GC	600
B000RYPZQ8	348
B003YUDF8W	657
B003E5X9GK	627
B006DX16PQ	754
B006Z63KBY	765
B004J15ZYW	687
B000GXPDD0	260
B0079GHJWK	777
B000OV8OTY	322
B000E2D3E4	215
B004VP6HM0	709
B00HCQQVWG	940
B005VZYCLM	743
B004J15XRQ	686
B002MAPZYC	561
B0037UZZYQ	618
B000WZCSTO	402
B001GJ3FIS	487
B0000DI84D	92
B000WEIHPO	368
B00004RA0O	13
B000CALUI4	203
B000W496PO	363
B00EF3YF0Y	907
B000H5R722	264
B005HJIZHO	732
B00JUQI4JO	960
B0030GEXUO	599
B00004TBMV	57
B0000DI845	91
B009QAP6OU	832
B000BWY3OQ	194
B0044YNA0U	663
B00I3BUSHS	947
B00D41REMO	892
B000WEIHPY	369
B001JF5THE	503
B00004RA1S	14
B000GD3L0C	255
B0014NJDQ4	439
B003TSE7A4	651
B0007LDXLA	144
B00104WRCY	418
B00004RA3E	15
B000EHLTIQ	223
B000BQQMJQ	188
B00HXCPC6K	946
B00004RA3F	16
B008RGCJ5I	810
B000279304	109
B0009J5NRW	164
B00004SD73	44
B00004SD72	43
B000UJZCBS	355
B0037AOVTQ	617
B008U4QI18	811
B00FE1G57M	913
B00AA8WPGE	841
B007UII50W	795
B000HX2DGE	285
B009QAPKL4	833
B0030BG1JU	597
B000LNX06C	298
B001CMO9NE	477
B004XWULZU	714
B00004RA4G	19
B000P1TB9K	327
B0017SUEE6	450
B00004RA45	17
B00004SD6U	41
B00004SD76	46
B0007LQ3RQ	145
B00004SD74	45
B00DRBBRQU	898
B00004SD6Y	42
B00004RA48	18
B000UGT94C	353
B00AA8WPGY	842
B00004SD7B	47
B000087R4E	79
B00004SQ1X	50
B000FCGS6I	239
B000GIKXXU	258
B00IN2FCQY	953
B0002IQ96Y	113
B0015AOT4W	441
B004Q08ASY	699
B000LL4PXQ	295
B0019BK8AG	457
B00004SQ1N	49
B000E199HA	212
B001AN7RGG	467
B001IDO78O	501
B008U4R4AM	816
B0012NVHVU	426
B0012GTU3O	424
B000XTMG8W	411
B002WKO7LY	576
B0060UO4SS	751
B000DILSAU	210
B000FJYTC6	248
B000A0VOD2	167
B00C3YIZ5S	871
B00G8R2RPK	925
B0042KX77M	660
B0098R0600	825
B004AGWPK8	674
B0032WLJO4	611
B007VX11O8	800
B00004RA82	21
B00004RA81	20
B0031045XE	605
B002FV81DA	551
B002U82A3K	571
B009F1R0GC	828
B00005850M	70
B000H1Y4EK	263
B002WJIQGC	575
B000QTMT7W	338
B000BQ81A4	183
B0006TYH2M	137
B002ITMVR6	554
B000P7345G	329
B0073ZQZ2C	772
B000063XHT	77
B000FJTV42	243
B00004RA8P	22
B0007OPJM8	149
B00347AJ9S	613
B003NTGXF6	640
B000LNRVXK	296
B00AA8WVPO	844
B000HMBJ74	284
B0061O2O8K	752
B00E1CS5JQ	905
B00005LEXF	74
B0030697TQ	592
B000X0170O	403
B0002XK0IC	116
B000WEKNMY	374
B000WEPFOA	389
B0030BG1HC	595
B00533KOIC	723
B000E7WLDI	218
B00DWY1VZ4	901
B000BWFESU	193
B0030BG1HM	596
B001MMU0K0	509
B002Y57MGE	578
B00004RA9A	23
B000FK258K	250
B004L666PM	694
B000BWY49A	195
B007VN2G5G	799
B004Q3QQNC	701
B002YK4V04	582
B00GVL015Q	938
B00FHXNG6U	916
B000WOS9RA	396
B0096Q19YU	821
B00002N8NR	6
B005W1UV4C	744
B007POATV4	791
B00296C7PO	544
B0044V3UFS	662
B002YK4V0E	583
B00D2SPZAM	885
B000E7WLE2	219
B000MU2MJA	306
B00192AO90	454
B004L2824Y	693
B000KL6T18	293
