A3S0Y5GVW1CYRW	635
AWC8CTW8N2XVE	71
A256I61TYLV8D2	427
A1PQ76H0AFQ0CR	1496
A1F7YU6O5RU432	637
A16TBZ38B0P4YY	1074
AIBRTGBN07D6A	1182
ATQ22E6YAUNXP	1606
A33LP3KJCNHM4P	1127
A16ALXKQ02SKYG	1359
A1047EDJ84IMAS	1561
A3QF3U27A2LA0P	517
A9LZ6MRFYI6US	88
A3LL0FSGS4MD2	319
A1L5W16FV3F8TF	771
A2GLFYQFNJLSU1	1235
A1YKWHOR9U8SWX	522
A20EG26THALF90	72
A1WDGQQOH0V4QX	1314
A267FU71Z01CIH	1667
A3RUJWB3831LGK	921
A29M09QBG9TZLP	1095
ACVDL5QRCOPE1	1470
A361U4SXK7FCQE	1567
A3VBXQKRM7A4JR	651
A2SDRCBPIAXVDW	1216
A1D74YWB3PF5PU	31
A3MQ15651KGVLJ	1087
A2VYA302TO2K1C	1586
A1OA2ZW406NQXM	1336
A32VUK5VY3V11D	814
A3LM29NNR564RU	735
AYWUHB7N8XGZQ	1380
A2OBDNQ5ZYU1L8	1124
A3EXWV8FNSSFL6	65
A21EDMG94ID7D	552
A12JU025JDQ2UA	1682
A21WL26MHRG3ZI	880
ADEZOPMPKK146	527
A274MXTX3DYLUV	1236
A1L16DR7FY214A	464
A2M4U0ZK4R3ZXW	170
A31W55J90T8NFF	142
ATMQFK1UA9QX0	1313
A17OSOO1PIUG7U	1349
A2G7PZWE2DQVE4	855
AUITG1DJ3QUGK	1574
A2GOHBNQ58WOKC	1509
A2068BC3ZXAVJQ	672
A3KVV8JFC2G6WA	919
APS831ZLF95PS	550
A24FY1EBJ7EWLH	972
AQZ4PHIEEV5N5	1083
A2AAHDM93LC9BI	1016
A3RYSRBRTZB0JD	1193
A343C98QJO0JBE	648
A2ZBV3JLSMVIPZ	309
ABDR6IJ93HFIO	1436
A2VOW5HNCUIPCQ	304
A2LOCNLCDMUKS0	132
AEC90GPFKLAAW	1048
A1VBDMNT6I8RE5	1034
A1YZ8KOTNU1BEU	1378
A10M94ASQEBL56	1475
AIWDGRTLV7IQF	1640
A3K93OWHKHGI9V	782
A2T5R4NOTKFBQV	1497
A3HUC8541SJ6UT	1519
A30ODR6WBE61UB	882
A2O24PH803E2EX	74
A3I4QS0F350D17	686
A3QMIWXU2RGEMH	1046
A281387UUS2IN5	717
AV8MDYLHHTUOY	955
AXKNMOECIV3ZA	684
A2U9JB9JK34XZU	1678
A2EPG25IF8BNCB	781
A26BP6S06QQV96	244
A3SMD3T0QTN109	1473
A30OF3ZLZEJVGT	73
A2GNK7WUTIWOXZ	343
AB094YABX21WQ	452
A2QRXQPHDMFCQV	1443
A130VGG4P4PW5J	165
A2C9XE9I8RSKNX	1144
A1ER23A7CRR5S5	211
A383XURHVF8ON6	119
A14JQ9KONEWJHX	870
A3U029B8Z5WGI2	1035
A1MR1VMK999I6O	965
A6XDZ1MJ0B1A2	590
AYO1146CBIV5C	1417
A11T807LX2EF00	1063
A294SHLWPSG1BP	1213
AHS6PX6H22WW1	710
A3Q1J68QY1MZQ9	949
A29JJA5Z9N0YAJ	1432
A3NEAETOSXDBOM	1515
ARIO8O6NUZU4V	816
A1LOYW8O8J41SG	925
A3FS3FJPD3RJTD	1604
APKBGB3JBWL5X	203
A2Q8HEWTM998RT	266
A3H8PA7AG48K33	639
AS0CYBAN6EM06	4
A33SFSEVHL5SHK	604
AG71XMQGQ2UTJ	1204
A2E9B0YO4AJJLM	461
AMFQX8QUHYS3J	207
A1RKPQ8WFKP7E1	375
A2M6OZ8KDJGIJK	694
AEA87UQE4GY9K	888
A5GPH59NDWJRB	131
AZOCADWL9N2H2	201
A1UMSB7LAW0RIR	291
A1LSI6FHSA7VUS	858
A2JZ8T64YZDQSI	836
A15D2X8MICR2VQ	1596
AVP1NL6GYMVR	234
A33Y8C4818EJL0	1049
A3UKWQS8SRW6IO	485
A2RO3VB5MDP13B	860
A2IIB10X0CECYV	778
AQ2FC1DLKVD8H	897
A3T1LD0C65QCWK	163
A173YMJ9XFVRSY	894
A2XU6J41ZQOJ2V	405
AFB7MSIPJIW68	743
A1LMWUQBBX60LA	727
A25JGOX1Q1JCDS	1540
A311RQP5NEHFWX	316
AEHSQDIHIQ56X	1351
A3JV071KO43Q5X	762
AUV3OR951650C	1078
APW0OINC8LISZ	133
A1A1BM6N28X9J0	995
A3094EPI56GKZ6	112
A3JPTQPOKO6TVO	1414
AWKZAUC0D8DYL	1493
AR7TAEEUDHMUB	458
ABLOQZIL42W7I	596
A1T4WP46IH62CJ	1662
A2OD0F0NRA8YYV	47
A2S549B4743R0S	333
A5I3B25LKW8GK	1506
AVN5LJBRV9UJS	846
A24UA6W45CJXB	841
A147FUNITGB21I	1265
A3PE884TA8529G	1023
AL3G7RTXMGLDQ	618
A7ISHY27N60OF	175
A2J557IQKW3GCP	1553
A1PXOVIVN166E4	253
A30UP2KKD5IQEP	893
AY49JOXTLDOG2	1190
A2OFUYGGEOYOYL	1207
A31RSZYLJNYLTZ	1202
A3Q15U42UMI6NP	61
A30U2QQN2FFHE9	206
A29HOIX0P46OKE	701
A2UCZAWAN5QMJQ	35
AMMNGUJK4HQJ5	1255
A2OCDK0BOW6UCY	563
A1GUN2J1FDYNF3	1094
A2C1IUWDR4XD1M	729
A4VGEHUKF0SGA	927
A3EPJSPH03AS29	1270
ATN4J5VS8Q0YM	467
A342PAZ5NSQRM3	1649
A21I1N8JO0LQMO	906
ASPL0SF3VVEZH	1458
A37NAQ1XLYKNY0	857
A1ZNCMFIECPTVT	1274
A2SH7OWE8QJYNC	143
A2I0Y5YJDLOGY	260
A2OF24ZS8R9GUK	460
A2QDOJFFLFGF18	1071
A2THK4LTZ1EMCJ	180
A1NGFGBX2VCQS8	1084
A2KFUQT83WOVE1	1381
A2Y8IDC1FKGNJC	1334
A8YM93QZWCB23	562
A2Q8GFSEUSGJ51	1456
ATCT22YM2HUQ8	197
ALNFHVS3SC4FV	569
A2G7B7FKP2O2PU	571
A2CVP31XTYSZFE	565
A12F7BSYXFU5YC	849
A1C5TCCR2IGKBU	295
A22KL4WOK6GTW2	1338
A2DE5TUGGKD9G2	152
A2VW9MK5TYJNTM	37
A240FRPD4MEXND	583
AD491ILWROYI1	595
A1ZZR25X0CNOJX	837
A1W22V0L8EJVFO	1556
A12O5SEIF162P8	1511
A2H44WVZS59KKT	1278
ASJZT7DM51QEM	1616
A1O8BS2HKE5Y0O	1147
A1TIVD0Y3KJSCN	1346
A3HFQT4IPBUA1P	1416
ADU56N9Z46FTF	924
A23OZ5MG2I4F4Z	1539
A37XQ1R7WFPXXP	20
A3L4U5U88JX06V	518
A1UQBFCERIP7VJ	661
AXR3CV6A4FMBG	1488
A2RQOO8VYAEZZG	1125
A3JS706HQGMB2W	120
AHAJOKPTCGT4N	750
A10TE5IGT94LMC	1671
A2YCEKVUN1W5F1	690
A10BGNHGWPN7ZE	94
AE0CF0D9PMHL8	1421
A3V0D97QKXDN5R	235
A3TYK94ZGTM1HJ	783
A2MD6815TK32I4	122
A2QZ1RQ0DSTVQD	256
AOAOARIH72UWI	474
A2RHDFTHSTKTYK	887
A1Q7A78VSQ5GQ4	1638
A2EMP366TTS6E1	657
AMBJQQSRCAOHS	1133
A2F1V6JKYFP67M	23
A1M92239OM8KPO	1366
A2Y3WWPUKIJ59I	1566
A1DG75OT3Y49EM	824
A11PK2MO25K5QW	164
A2HTPS0JV3Q8ZD	904
A3CMW1N1WOYZT6	1492
A282RNKOO2P5RT	1665
A2K8J9YDAB20X6	81
A35W3JQYP0M655	15
AQ2UN38CMK119	1419
AFHYEO3Y1IIDD	1645
A2JP9E1H0SF392	288
A353U0L2HAMSHV	645
A3DRILDYXE2FUB	1422
A35FBTN1J2CYRR	99
A6WJQ1C01N36K	502
A1B6O7SAIYG2N0	614
A1APJ0Y0NP4J1U	1449
AN4HRAGRHHX1H	636
A39HU59BYZ61ZB	1673
AYNTULRNAIPNY	670
A3JVN244YWI3F3	847
A14JBDSWKPKTZA	1358
A3P5VHO2OTPQZO	1382
A5U5T6EWH90O0	1044
A37AO20OXS51QA	354
AHG0N8GME19U6	1298
A4QXTN3K865NR	1435
A1ITRGMT80D5TK	674
AQ6AGWKWMTY8H	139
A1XK4VP74IB9TQ	929
ANL4KC4GZU82E	697
AHQRU3MRORIWQ	1008
A31RULW0KNYJ5H	577
A386OP2O7Z5Y5L	1253
A2JSYW3B4KPD7I	8
A3V2WHHZWUYLX0	441
A3I5YPJZMTG1QO	1260
A218HNEVZF8LT6	876
A13H2ZRENPV9E	1367
A1CCBLW6NH70ID	262
A1Q3A76X4XQTL6	591
A1GF0Q8VRMJDNF	227
A2GPQZHM465OUK	93
A3AZI828WJN1CD	766
A2O7GDWNVZIZNP	111
A2I6MCD1UK5AT7	685
ASW22V6LI995Z	1085
A2ZKQC0XCIIAEM	233
ACYR6O588USK	1468
A1NKUPJZFRD0HB	362
A2V3THN58CDZLC	612
A2MOD50IHEDH3G	1146
A2CV33795L4KHH	1379
A15RL5IYZ0536U	1324
AQBJQG8EQEEL6	49
A3P2Y59V2UEHLW	1527
A20QV2D14GOATO	1465
AQBPQAUZPA4FY	505
A1WDM0EFA58H69	308
AEFTIUQHSVUFX	368
AUCE6JGJQ6QZC	224
A2KZLD65XZFSDG	1530
A1YLYABPLNL8O0	150
A2KEINFDDXD24D	1483
A2V63PKTP6OTYY	1246
A1F3C2ILUFMDEW	1681
A2LAS014NSRW72	960
A2NUBL2UYWPBWR	444
A2XAWEMPKE9GDT	310
A219MKQ3CR0MCE	1141
A1VK8XPVM7LRAO	1175
A2QK7UNJ857YG	3
A2LB2ZZ8VSIDWI	1444
A27HB4L3I1WJUR	130
APX99TCDHNEFH	429
A2W8F49QLULA4U	736
A3W012M8PJBW7G	866
A3JUHP1E3WUHEA	1576
AVU9EZ7I2ND6D	1328
A1IW84EMD990S4	803
A1OODBE47LKHZT	908
A1EH2S92FHWZRP	30
A1501C38OCSEMA	554
AIVZMEFEAGF3	1391
AQFORCKKB6F8I	1151
AKZIFLGVDZQUR	423
A3CHIF3EHXCLA5	1271
A1EO2INX5HXO7H	936
ALUJ15UFI1422	1077
A3SYE6NEO8VSU0	1198
A30TUN35ZE3NEU	364
A7RFDGVXDYQLJ	832
A8NLXTMCLRUG2	355
A1II2ZRPKZAQQD	1277
A1BBKPMZZL3LNQ	1522
A38KK0SZYEH5UD	239
A2507ZYWGMY9BK	1297
AW07NZ2EGA8PP	403
A379IB3EYAEL5	560
A15A2KHW0KHJ8D	173
A9BWUH9XKZ2DQ	1229
A1MAI0TUIM3R2X	1395
A3L61G6N7AT8N2	218
AOVROBZ8BNTP7	450
AC61U16AJQ8X7	884
AJBF0L0KVJG8J	1589
A9O1Q1QUUVZC9	292
ANOAFB0GOMU5C	134
ABVYGB2TKBO8F	299
A1NR3C2ZZQTCPC	251
A1GFJJ7Q9RVNX4	366
A2CNGARED6OWWU	1398
A1A46D270HU3EV	226
A3CW0ZLUO5X2B1	951
ANBTTR2QT4C7	536
A28ZDVY6NV75P	1211
A1KJL47ZCIK0JA	50
A3EM243NDJ4DF3	1112
A357B3PUHSVQA	1120
A2X34LIRHZ7OIN	346
A1GARI2JT6EAWA	1327
A2NX6MFZP8TM6S	53
A3OXRFCJI67IMN	455
A26E2V7YIFF4TX	755
A3BS86QTFJ3T5N	804
A2L4ZGN7GZJ95T	1281
A3M2O06MCHJG18	1594
AKHFY3VCNZL2W	79
ACL0T7X1THPAV	468
AS6SH2JM2YY3H	1090
APC80YXO8LXWE	40
A3QRR8PSCBI07C	619
A27CTW0GPEE0AZ	1014
A350HRB16YUX9P	1455
A1SP366J07MNU	952
A16BNY3A5WEDPO	80
A3LDLV1GWQJLEQ	1563
A1XVHLQMGSBZ1W	315
A2CM63X1NLPFHW	711
A2CNXS86JY4JV4	1240
A3F8UNC8S3ORF1	1245
A1BKJNAWJT2TG2	767
A2UBQA85NIGLHA	499
A23RQRX7LO7NG8	744
ABY7ZUPSW3EQ9	1247
ABBCUMRFQ5PJ3	917
ATGB1M1D7UV24	184
A3DGRAUBQY2L96	350
A3VGAP2KLCBNBB	1392
A1VYFEJM12ZP11	1625
AVG353O67Z75D	406
AQ3BJ8I17Q2I	500
A3BNMHRW2R35LK	454
A1I7QGUDP043DG	1158
AOJ7QVVV2SXEL	761
A3KHS90UO8FHWP	1257
ALHKJO0ZB0WXV	153
A4BNJSZVARL5W	1559
ABOTQXNUBA1MM	1286
A1JFGBFN1W5G6U	704
A2JNGOT2TEZ09L	22
A1KV37TTH7TOYJ	1543
ACR4HKUT808U1	296
AI5OS4RQQIUMJ	412
A141W8WHW9AC3H	1220
A12E0Y0J6584RT	1310
A2PK64OVZA1U8Z	414
A19YOYY7FLQMA6	327
A2Y4DU3VZ6M153	284
A3VSMUBKY8HYB2	1457
A3U8CM3MTMVHV1	1528
ADY836HK6QSYR	638
A2H2FT8WV5X6SV	1194
A1JDXWQ82RVSYC	793
A2HHAV29CZ1OIE	1618
A1DNRUA5SNPL2B	840
A1O97WKID9L3IA	473
A3I2XRSKNKDVWA	826
A1IU7S4HCK1XK0	1232
AYB8F47I2FBN	503
A2VP6ACQ3LJH6E	1148
A28UMA3GW9L124	1633
A1V3TRGWOMA8LC	903
A2RYJB90SYTD0X	706
A15T9G38F589KM	1038
A3F8W37PAWY890	1376
A2WY52YD5GAEIB	1042
A29U3AWYCDMCE5	630
ADXVZUT1HHW2M	802
A1JH8VRRB8A9RZ	728
A13H5US9Z7L9M7	1652
A31QY5TASILE89	1150
A1ZVFCPHCWFV71	1221
A27XEJX3W4FCUK	902
A301B6L3TCD7WL	1513
AB5X63CW9O0R6	322
A19WEEGB05YAZ3	576
AHQBXGFFMBBC9	1123
A199V9Y5ER1L5P	1051
A3EX36SNRYD5VL	1103
A3OXB8POGTLMFY	947
A30IISN5P0HTII	157
A1A9PD00UVHHVI	463
A3DQUCHHTFAOLA	104
AN81JUYW2SL24	680
A2AEE59H4RYZIN	188
A1IBKN1GXYJ3K4	990
AYPIF2S8P3RZT	1372
A2HMXAN3P0NFLO	721
AE2URYCBT0SX9	420
A1WBEIH7Z37LN9	579
A3CVC8TCHFFDK8	277
A2QPC3K1M3CX9L	702
A2UT0FWM1DHKFJ	1091
A2PU80LCKRMC9X	1237
A1F182MKY3SERC	540
A2TYOD3FKGRPB1	1536
A1XFI340SHOS5K	1121
A1M9126YPQPS3L	545
A3MX12O0RFMWW6	457
A2QWEEYO8QLIMI	564
A3VVKC910FN4EK	1356
A1J1NRKY975WOL	1669
A2D3MU80ME36SV	1656
A1W4F91DH3XPB2	1068
ALDV8DDZWWPYE	1394
A11RO54KL67B3C	389
AVWWFK3FZDEL2	456
A22M9VM8S9YCZ6	118
A3CCEL2BG4EI6U	531
A2WVF9ZQ068DN0	1050
A1UFNTLZ3USADI	598
A2MUGFV2TDQ47K	1057
AL2AR87CTYXDU	731
A3NGOG8Z78AZSD	282
ATJ0W78OLZBD8	390
A2NPQM672LHELI	1234
A2Z28WCCXGPY2N	1363
A17FZHFO27B26M	1580
A3FV7ZGXGK23OR	351
AV67P142JTRAH	1624
A1VQBEW0G4IH1J	1631
A2OTGX253O4J4D	1620
A37E6RW5BUX4U0	1503
A15KXG12RBNMPE	616
A3R01WHD75L6FG	264
A3RGHO0Q938FRS	957
A2RIT060YF83TZ	342
A2NETQS1BKVVTI	912
A2GYV87WW0DMSN	1170
AMYTL79JMGQ6D	1554
A1IWR4YH4ZA9BM	1469
A7E8Z7IECDRYF	442
A11YXY8BEWZ38R	1134
A2BL4U089N7E4O	1516
A2YXYJ4JJC5BQB	1533
A1B6SIX2I161O9	1611
A13AZ6US51ZT3V	789
A14Z6D3IRJ23F7	379
A3H8DI1HZF6JUJ	383
A9GHBS7L43KX8	1659
A28B5ZUPE5K7UU	1529
A1UWJIBXIDJM1X	1521
A1OVFX7Q3UHLL0	520
A13R7SLX1WZ2V7	199
A2FPDIKTHRI7U9	194
A28FJ93TJSSQS4	1052
AI9F70TSNSCFN	116
A20SEVQ6ZDT7WN	123
A27QMQT90EYLUL	373
A2LRNLAV0ZIL4U	483
A18RIOMAB7DJQ	161
A2B5RVOAEPEDLH	1156
A1JBEKU5TYIWE7	312
A1OA65HXZIINHR	575
A1FHUYGO3OWWRF	258
AOMOTMG7R8AUO	433
A1CTS1S3XB19MD	158
A2YKWYC3WQJX5J	1097
A1RZJ25XHIYUBQ	519
AKZ897256POEL	409
A2MAZFPECIGJ10	1472
A1YH6DMZOS59A2	676
A22SBGHJME45OH	1683
AM4VIUMFBO2Q6	603
A2V92F5R7MLCVI	1117
A2X06FP2PQ6EK0	43
A1WHE1TZW3AN2O	465
A11LNPG39A2ZV4	795
AO4RDTZLAGCJ5	138
A2IETP3EOYU4UW	84
A1TS45JWJVOSSW	14
A25TNBMJ4ZO7RD	416
A10Y058K7B96C6	1288
A3BXSR4ZFZS72V	907
A1LFN5TXQ0B1HB	539
ANFJYYQ0P35CW	247
A3DECRYWZZM0SO	300
A3L1VJMHFWONCB	361
A37USOKUTI724H	1001
A1QRST0A3IQIEF	145
A30Z0GG96D11EO	677
A96K1ZGW56S2I	788
AF3BYMPWKWO8F	1487
A2CC7WEZ0EZ07A	597
A3B4ZZXYW0XDI1	321
A19XBW5WUDH1Z	1364
A3CG93783LP0FO	238
A1BZN88T4GSZG0	1482
A2MO8QZTNYYB98	1098
A1VGXHHR08G044	6
A2O8LMXTUV715H	852
A39Q9G7J70A056	1601
AFZJNYR931ZCN	1107
A1FDSZISWIXH1A	1569
ABQWMANK4AR63	749
A1MHHXZJ457066	739
A6BJCVLQ54ZYU	827
A1KY5G5FP31F2F	890
A33RFWC1RPCTMX	892
ARKHPGYNZDKGS	948
A22S7D0LP8GRDH	1607
A11OTLEDSW8ZXD	167
A1J6PR431OQ7TW	1621
A35HUT8MQMT21L	933
A2RC0BRR50ZFC3	159
A22I55P15NSAOX	495
AUAX1QWUCYKSX	1384
A15JB2HEZ6RKGW	1370
A3V7D0LH8L7BG0	107
A1Q4MNIUESQTBM	149
AT5F1MKA8C2IZ	1446
A1LHAXBM5GBJS2	1420
A2H2I5FY1PUHP1	1352
A28DEENZR1ER2A	90
A2EQ7YNXILB1MN	1140
A1ACM1CBGORBN1	1636
A1HI4VM5Q4LUET	75
A284S1T1LVRNMT	115
A12B7ZMXFI6IXY	695
A1SCANWWQTEG9I	1106
AYEGM7L3RKD3C	497
A1QRRMR2MQCN5	900
A7ATGJ0YIAFL5	241
A4GI4654JA8NK	748
A2AVMEB8PQOTTE	487
A1G2PJDZG31P79	385
A2KOV8XWZOZ0FQ	621
AH7EXK88CDMP9	869
A26TQJ4USP2K3C	101
AG7O531AAY3NX	404
A2HY9R5BVVWDXW	11
ARD1UH43GR57P	349
A35OOJBK1V9AZ5	593
A2P739KOM4U5JB	1018
A3T6HX48F66512	1280
A3J2N3MC99CLB3	549
A5SRJXCOQA2U7	763
AI0BCEWRE04G0	24
A3FRF7VQOR28S0	1131
AK6L2HOVMNIGZ	261
A19OR2MAL9BDQ1	1168
A2XN3MNIRQYUJA	1534
A34CKIMZ969UW7	278
A14MSHFCXPARFS	1613
A3JRW716H3AX14	970
A3GSTWRM0DOU86	334
A2XIOXRRYX0KZY	967
A139L1T82ZG1LI	228
AXAJXJZUL2J5P	29
A1FXY0GUFHEI59	32
AEKCQC509K623	1316
A18H3X0XGMD1K0	1355
A2BLFCOPSMBOZ9	931
A3IGETH1M17L0W	1171
A3NO9NOCWLFAAJ	492
A3IOCPLIMYDBCD	821
A3DOPYDOS49I3T	930
A2PMR2PIGWKCQ9	1610
AM74IGYP9MFNE	144
ALDYWG0CPSYUF	1653
AOAGAYZ1BAXRS	381
A3J8MTWY8O6A5O	1546
A3U2P6DIHN5S59	328
AOHNLSWSOLK8N	87
A2806I45H42REF	410
A2DJOMRXLPK2X6	1434
A1S7BFT0HDF3HA	1192
AR4R0I0ISSUJ5	339
AGGAQLXPVGM5D	268
A1P27BGF8NAI29	140
A27ADCSD15F3GL	1520
A2HELIKP5RV27F	1285
A28TWWUAWFVCTR	942
AEMSGB00FL3YO	1591
A8WEXFRWX1ZHH	39
A3KGLXW3EYDTUH	1668
A3ECRGWV262FKV	200
A10H24TDLK2VDP	1167
AJ2ICMO59T3H	719
AHQ13I9CI4US6	1331
A2PBMCBT1R8TTL	1629
AZ4Q3VAK6CIJS	1460
AYB4ELCS5AM8P	1474
A2582KMXLK2P06	36
A3QBCX2QMKJ7AH	1489
A3QNQQKJTL76H0	875
A3FOSLM5G1BO63	650
A2UQE7O9HREPPV	46
A1UP5CIELABXA7	114
AJD41FBJD9010	834
A3F8T3BRXRX5P3	615
A1N6KOCSF74XZX	587
A2T04VAIXSKJH2	1490
A12DQZKRKTNF5E	1428
A3EU21JSI4F2QH	232
A1TN8A6PENVN8D	421
A3BVDW4DOLJAN0	585
A2WW57XX2UVLM6	1508
AP8EXADSLHZET	696
AQIJ3ZEEVCIKU	1284
A19FRW264WZTGP	971
A2OKRGHIYTBQ6P	812
A2IDRAYYZ5GKBZ	806
A13XQPWNCS2CHP	1498
A1XB63URNE4OI6	356
A3BAE79NXFDXGV	1637
A3497NDGXXH92J	325
A8SPPHKETDZ41	1267
A3A15L96IYUO6V	664
A1H7GLJ82TXHGA	1169
A3BC2X5EPQWAI	718
A3977OZLNA8LCB	738
A19NP8YYADOOSF	1076
A146H4KN4LFR60	1326
A3HAA7H8PBVM78	1309
AHN86VFJIJ2JP	642
AWE13F1HOCZNT	1333
A22CW0ZHY3NJH8	1139
A19JGNU2XCZAOJ	1544
A7YZ3016WW2MG	439
A1AHZFR1WSKYUL	780
AEWYUPCNDV7HY	1361
AQM0K7MBBT4AY	98
A1MLLSO8CHU5LB	402
AOE08SWK4RX74	1287
A38ON1MOZNBCGE	1590
A2U2R11YRJB08G	526
A1DGD9DN29RMTI	1670
ARAKTT5M3DDYA	557
A23WE2XLY1MROA	1478
AM9APPMIE1BHZ	1603
A27DITPCCZIVAH	1655
AKKLW7GVQFQNA	1525
A38VQ2TIPPBKNN	1588
A3CNH1B178EVDL	1203
A3R1WFO4KIUQXZ	1547
A2D7B5I7ZQ51XL	962
AVH4LC6EDRVWG	977
A3EXKNVJ9W62NT	877
A34IBXM7E8CPWE	1345
A3QDDEW6RXVEAY	1502
A2DI7UGT3YX4Q9	1079
A38Z8ZXX1BPFRL	160
A2I5QH4F5FDKK5	1089
ADB8XCKNSDY5Z	1481
A914TQVHI872U	1262
A1IDWUYX4QXTUE	479
A96JD9312DHWC	1111
AK5DB61C13CN7	1135
A3BJQ7K7JQDYJY	1149
A1M1Y5UGONAW06	1153
A1XVF5DU3N05OM	582
A1FMWLZ9YY91XI	275
AGVWTYW0ULXHT	1619
A2XX2A4OJCDNLZ	510
A6FIW5DREWU28	57
A379DLIAF0MFM5	1072
A16YU3GRGCD95S	1571
A3GMVCTJTHYG1F	1070
A2E3NAL9ECE7VS	1019
A1ZGHA3IJV01BK	1552
A2SLX6UHHYCMCV	1061
A1DFLMM3XF5D8G	1226
A3TAS1AG6FMBQW	681
A1OAL7C03F11XX	162
A1YGIUSI2JTTSC	1268
AVBLGXSWRN666	33
AX7317G153T8W	752
AK8LOFYRZJJW0	986
A1UHKF1UQ3EGW4	1641
A2FRTWC6THQZU2	626
A2SDZ3LTITSCCZ	193
A1EHDVLCSOU57Q	1293
ACJT8MUC0LRF0	570
AZWN07AES8EP9	417
A3HCZTTUH3CW9Z	1383
A31BD4RXCON7QO	580
A1HOLJW15Q5S5V	1479
A3EWNT4ZIRF9UT	297
ABSIVDSNICG8N	1186
A2X6T0LVG2TZ76	1219
AIHQ4AXV5CT9N	168
A110RCAHQGV8K6	1425
AXNSVQFROD4D0	512
A2W9GX82SLKROQ	478
AHUT55E980RDR	1075
A3LO1A9N0F0TXE	401
A19XMHRB3G4DIR	209
A30QEU69W0VTWH	885
A1JBBR4MNGQ70G	1486
A2UQIQUOAB47OT	993
AQ0Q16BI0ALT1	1660
A3BFDEBT5IV4UN	470
A2E4R7YISIM4QM	1551
A3LP42GW4T7Z0W	86
A3AYSYSLHU26U9	407
A188JOXWF4EY1R	1644
A2S8UM9648D5OO	613
A1AIWRWQBFLCJ2	45
A3FPTGF6TRQGA6	671
A230K9FUKDTQAZ	1239
A15CL28ALB7MTZ	1480
A4DVZ4SJ5NXZ3	59
A3BTL4FV6ODKAT	471
A1BA72K4VK1UN1	1266
A1Z54EM24Y40LL	601
A2Q9LYR2MLWR7C	712
AYB8XLKTYMTTX	1598
A30JPZ9TZ7I61U	643
AFKUKL3MZ9KM7	370
A1M5ZT35YX6TIN	1347
ABLGB9EUO0DJQ	1254
A2YB7DLC3FOR7W	559
A1HTWL26WM2NVU	374
A3LGT6UZL99IW1	1086
A1HNE9Y9JBAN9Y	1413
A171YHGPD2RYVD	311
A1XR58IRKP3HEZ	323
A2T7GZ74MZI0MN	1215
A2HV5TMXW0NTLD	1225
A1GYEGLX3P2Y7P	1259
A2NM1E6U97A3TW	1322
A349KQHU3JGJ47	1635
A2Y4R982HCHU6K	19
A1IZJVLNMFACS6	1605
A33QUFNY4E5D0	584
AKGGVHCCW4RKA	172
A3R19YKNL641X3	1651
A3DX5F0CW34Y9	1628
A32WT1ZEE4QGZB	732
A12Y4GXCN7WSQY	784
A1BEAJX2PIQUSN	817
A3H7NPNDMGLOU4	678
APDPA11IZPYLN	489
A13PRL6D3KE38T	1212
A377LPVLLAI42D	185
A3G007LQX6KGOD	1093
A1JO1TCCHTE5LQ	1557
A3VZH0PWLQ9BB1	263
A20EEWWSFMZ1PN	63
AIW5QFT82M5ME	856
ALSAOZ1V546VT	1015
A2FVD05Z2FYW1P	1524
A3U41ZL33SS92P	221
A6HOWM08PLFZ5	1067
AI2XINIZFPBI8	1388
A19BLTHTZ7HQKU	1538
A3JHC8O59WDHFZ	798
A11OQUV1ZI2MT2	1507
A1XFP2FX9BTPGA	178
A126CN6N93XLZU	9
A21U4DR8M6I9QN	726
A18HE80910BTZI	848
A2RN2AO4BE6F4K	1602
A2R95Z7PTF5ZRO	958
A2IX2PCXS5O2FK	1320
A11EXFO14WEJM1	1599
A253IOATGMT2UP	89
A1A430QXV1N3VB	136
A26KHZE0HTS057	1494
AQSO96KX9YC8T	1582
A3A5ATNHC0QPQA	1318
A3C2A3D2KG1F1A	223
A28VIMG9J06BLP	617
A17HMM1M7T9PJ1	154
A1MW5TA0TW43TK	446
A1MZZ60IK3C6W1	453
A2X2WTEVCZ5L8N	1390
AC57A1QMUXK10	797
A2YEZ8Z3BW2SKG	1010
A1QRQT1FAQX5V3	44
A1MZEMD0EDETS6	307
A16K26BEGNCXXQ	443
A2JTL1WA0R3J3V	515
A3FOOF7Q2GUMXX	943
A2SH6A32BE6NEV	100
A1CQ0VCGOTC8E1	305
A344M4952B9D8Y	1177
A230PPNNJYJ6HR	707
A36B7TZNERS5IW	174
A2AOZQ3WTNVVOK	1054
A3U5HKDHPYBAK3	586
A2B46SV9H0FIZ4	1228
A17DVWUVQBSNZB	202
A2KFAEOHLMLX0H	831
A9RHHBQQWFYGN	532
AD05LV5A1SLER	106
A2ZB8B7VQONZA6	1477
AW7BIYHXUIZ62	1109
A1HFT68GJ42LTM	747
A2D1LPEUCTNT8X	70
A356RFKNIG043B	1040
A3V15SFD7918WZ	1305
A3SLC8F6VIWXIR	182
A1EVV74UQYVKRY	658
A2M9SDNC012LQ7	1464
A18NPNRL7UB7DD	332
A22VNXHU6IZ5MT	1439
A2UM324B00HBC8	1099
AIEEK7AHXKZCC	964
A5II29J0V20A1	1466
A30IP3E4MDQ36	147
A1AFEBSIOZ2G7I	938
A1R2JUOGIYH6HO	1615
A2I98OOPNIJNYY	440
A3ADFF2T87Y56V	155
A33PVCHCQ2BTN0	411
A2XWNL7JV2VE7	1348
AP8D74QD9LUUL	1597
A13Z96HR8EEF24	737
A3QS4WWC1LCA6H	935
A1UBSC80601DN1	1256
AZ8XSDMIX04VJ	546
A3CVG5ZYP9T8R1	1143
A3V6Z4RCDGRC44	498
A2H667ZUNLNTF1	1462
A3N0P5AAMP6XD2	2
A2538LMME8Q5KC	326
A30S5MTFNNNOH0	551
A2I2KPNJDQ9SL0	176
A3Q4TYJVAM4IRM	484
A1SINHLUYMCCRK	1353
A3JCWGHCVC2ZNF	534
A191NP0360BC6C	148
A32VP23GRB2UZJ	625
ABUE0ALHKWKHC	659
A3J813UTQZ2ENT	242
A3U1WPDQLP9CQ	1047
A9P0R81XZHNVL	1397
A2GY5WCU9PKTMI	822
A3V7U9EXHP6U6Q	872
A34F1PBHEBXQVM	1592
A1BTG38XSGYLW3	1130
A27H0T39U3FZB5	819
A31DVKL8JE4XAH	1102
AFBUDZ63FOLVS	482
A1S0D037M0D71X	605
AWRMRVKPJSZ60	371
A1JJ489MVMW8L4	913
A2SMFI7JZ4D9ON	785
A27DDHWHE540I5	16
A3M67BHA67S49G	628
A1DQHS7MOVYYYA	1373
A3H7V57O592BRH	95
A1HLJJ6MKZLR3Z	60
AI0NMYA3LKXW1	219
AO96PLO6E3MJC	542
ADS99W8WMEXZ2	1066
A3QKYFU781YTKU	839
A3NUUJF2S2ZWAD	992
A3PNBZ60XRKZFP	204
A13ZQEG6DSUW3H	692
A1RF9YK4BK5TRH	1368
A2503LT8PZIHAD	652
A2AC6GQ24S45GA	1291
A2705TYWNRS495	1283
ANY26SOCINQ6V	1548
A1QOK9LU90ACF7	753
A2XAKGRUHIE2ZA	438
A21YYC2SYN5NDY	1275
A3B620VGG3J6ZP	1261
A38NELQT98S4H8	358
A2G9UDL72YUTT8	1399
A21DG8HA8O1BG7	553
A2DYMDOAJURO5F	634
A16CJ128Q2UN62	734
A4WEZJOIZIV4U	980
A9RTRKZM3IEOY	1248
A1HRYC60VTMYC0	293
A1XLLEHKFY3TN2	742
A2PSD2R9A1CXG7	1632
A1K94LXX833JTT	1643
A3W0TN7H2DTW7R	1674
A3T7V207KRDE2O	34
A3MFSHR6Y6BDM6	254
A1UYZEBGMW65FY	1129
A1VFCZR846ENW1	135
A3T1HR8ZU00BSJ	1463
A1NIGUK4M2ST8	1164
A2UO040HWOP0C2	5
A2YHEND6PBZGZP	918
A2X6J6AFLLYVXH	1505
A1B3GNO9C8YX0N	594
ARPB88E6F2MFR	1196
A24XUWT3SCRAPT	779
A3MLKJ1HHA2SX0	1088
A39CP83FB2L0CC	447
A3FBM0RMCMAABV	668
A2NYK9KWFMJV4Y	1685
A16Z9C8ESLGOPL	52
A2HALHQIXTRBIR	1037
A1DK1882UY2PJK	369
A17YPB3JICRUK2	589
A376OJHLE6SU9Q	666
A30T7A9CIAUDO5	775
A1ZJB4TGU85WBC	1242
A19VW07IUHNV1R	760
A3SP4ZEZF3MNJC	713
AYOMAHLWRQHUG	984
A1318JHVUMU3BQ	516
A33JTFRM6S378Q	77
AQ37BLIIWLN3D	813
AJQDIT55SZ3ZX	1387
A1YVO5V1SO18DZ	1105
A3R9X003XW0LNR	329
A3SJU1AGUIIH91	91
A2ZT9UP11DGS0O	881
A2VEUILN31F5E6	1173
A1RLP0R1N8H8C4	1162
A1H8UMB0BB6SGC	215
A2QCE7L6GRE3MT	1224
A39NB225G8LYPY	1157
A1D66M3GHYU8HF	386
AJ6H9ZV7TJUUT	1365
A2SZLNSI5KOQJT	976
A19GSC3QMK694Q	1585
A34VRVI4CSI5RQ	886
A2IFKH3TJ10387	1612
A2M3C1SRCBA7F2	78
A2Z64GS4C7UI9S	345
A1I3XTE6TO8E23	922
AQCJTBOXDXL80	756
AWC4RT4GPNVGI	451
AXETJKRX8OH24	1128
A2OL5WLCNZVD9K	1136
A106ZCP7RSXMRU	558
A2OD9YRY3HA5CJ	378
A913X3CZ55YAA	190
AT14ZGW24ICIC	1453
A3MWUPZ35A3T0S	51
A30X750M8V1XXW	488
A132ETQPMHQ585	609
A2L42QEWR77PKZ	851
A2E1EFNIZL2FVA	1617
AQH1SWR5HA413	1002
A1UAZ6MNSZKB7G	1132
A1U7LS93I03MFW	1410
A36PFPY4O3E1DV	978
A1EMN4T3ROJDOO	1032
A397CWU6DM3O5G	1161
A23E9ZPS2RQZS0	1499
A3CD66RRX3N3WH	1210
A2HMKWIVB91B5J	216
AZMY6E8B52L2T	273
A17V9XL4CWTQ6G	825
A2Q8J8IL6V9M5T	1514
A2BAAKZHSUGCDP	811
A3977M5S0GIG5H	1549
A16AXQ11SZA8SQ	1059
A28SJIWI2KA2X3	1676
A36A1ZYZH8568P	845
A24RCBRDXRXR0Y	1300
A2ZJOGOZVGBL83	1451
A3BIDZQJT1PU2X	357
A35ORHRXYF9HM1	1614
A1L6PD52EJ98IK	1230
A2FLJCVP5XX3C4	1243
A4O8419SE829C	1459
A20N2G3UIZ7DFF	1627
A17VF35RVX8OEB	1423
A10O7THJ2O20AG	1231
AEN44U6T9R93	898
A1WJV6LHZUMFQN	776
A2BYV7S1QP2YIG	911
A3KZCNV1N8R9GC	998
A3D0HMC6RQT0N0	1024
A2HADFGH442QE7	222
A1ER5AYS3FQ9O3	287
A2W4014S06NAIT	1013
A2RME4353Y911C	810
A25VJ7GTBRRL5A	1408
A6IOGLC4V4ZIW	1537
A20CQ20J30DJZT	62
A35Q0RBM3YNQNF	1337
A3V1A3C9DTLPME	352
ALAH64FCJ33FG	1572
A28EMTHVF120XV	1454
A2I6FFCUE6KID9	850
A17771LTRWSKQ5	1258
A35A5S6H1WROO6	700
AOEUN9718KVRD	663
A4H4KYSM2KQ85	1012
A3JAITM5A93M0U	868
A1X036J0POA30A	1241
A3D4VYPFBI08C	18
A25TT44FXNV0F0	183
A1ZBEIL78MLR9Z	249
A3HC6KXDKCIL6I	844
A31XW1RTQ4ZG9W	987
A2MY9VXHZYAHUZ	1332
A3R5GTYQ50QVMD	647
A3MMJEMXBJOJ8H	246
A3GE4FTGSVACK0	863
A2L35P0VQE7LBN	1431
ADVSW4W1HHYF7	513
ADVAOWPCRO67	624
A9J5SLYXUCWO1	330
A3JPFWKS83R49V	1550
A1V81ZAUGS0LE3	1311
A1ZTE3K3EN4TS3	1584
A3PFU0D714E109	623
A1I4NHYX40MFD	289
A35LT14WG5BX0T	660
A1WD0BFEFRVKOE	1445
A3LVHKO79TMUYH	317
A1660JZPHFX90N	380
AK2FSJJ7GAN8B	1389
A3F3B1JPACN215	212
A2EXMXUEPI63VU	265
A30R8VFR16RE32	916
A1MKPMJPD22YY	1448
ABE96P67CUYFY	1386
AX0ZTNX6KVJ40	1025
AFVQ0AN26TVBV	592
A1H2FM8MV7NRLY	1510
A1MX5SFO7BB49P	415
A3OS1SO09S3WRJ	556
A2T66Z9VGCWXQA	376
A2V5M5EJPOD2IU	991
A25C2M3QF9G7OQ	530
A2ZK326GSTY6F4	588
A3IMK08UX0I46A	1110
A2HRHF83I3NDGT	68
A55LS2HWPQB0Q	573
AV1F8VNJPLPTL	1568
ATWYIYO50CO27	12
A3IR834T7AROBT	1485
A1AVF90QEZHCYV	269
A1C7Y31S5QXNTR	276
AE88D7OM7YU99	1295
A1BK60GZ4QME6I	1028
A1M2C49S4GG5CA	213
A1X2LENOF84LCQ	608
A2N7MS3Z6F8KT6	1675
A35HOUWHAYZZN6	1630
A10ZBR6O8S8OCY	989
A2REQUI85URT87	770
A2ZJV0MY99ZUOA	38
A3UOO0M3ME41MJ	1532
A2M8E2W9XZKFJ	313
A2YINSSVUJ93HW	1315
A2AXVW7HO5293Q	1344
A28XR93SVDJEUB	279
A3A4ZAIBQWKOZS	491
AWKF8G9RNSEWY	547
A9Y5O2R4D6EH5	974
A1UUI7PFQ5FU4E	1264
A3QL857ALV5RCJ	561
A18MD1STIYKIDZ	528
ACYMT1PL5FO9C	1217
AP3POU60V3IKJ	705
A3CSB6EGX7D2Q9	318
AYIU8KKZ6VOLU	889
A20D9VGCF3P13L	698
A16W04VASFNFOT	843
AM8OUD9CL1EST	1138
AW4UMAYI7VQSU	387
A34UVV757IKPVB	347
AO1Z0TQWCRGL4	472
A25C5MVVCIYT5D	1609
A2XNCEHLFPXAUJ	181
A2K5AJK0ZAWNUE	431
A3JV4PJZD5O4NJ	1415
A1P043IW9XANEZ	1174
A1NA0JCTWZKGO8	129
ARIDN94LOCQFD	1165
A74UT8IQCM0I2	607
A1OMXVXXP07F05	418
A3H7087YTQO9PO	1565
A3D1TZH619NKHN	1545
AZYJE40XW6MFG	954
A3LWC833HQIG7J	1152
AI8EMB0HUC6Z5	1227
A1Z7FZP81N8CDU	430
AIELWIAU50HWW	69
A1TR1R2QKWRSRA	994
A2EF1YXI5VB622	432
A1NRMTQ5SZPZA	1036
AQNX0WN00JEVE	259
A2263F1WASP2PG	408
AJ0HFDY5BB77Y	1065
AG44D4EQI5ZRT	1296
A23WYYRAFC9PW2	363
AR36NHA9Z5WGG	377
A3L20U76EG3KP4	85
A21BVL7PKG9BX8	1600
A2755W5O6ZFBH7	891
A301HFA2O8DQHU	1179
A3GZXRARAG06TK	335
AH57QM6YHIW8M	1113
A2PLSZ90SNG3FV	683
A1O3OR95BNKHFD	1299
A1FZAZE34727U5	764
A3QX0ERX4D03TF	425
A1X1CEGHTHMBL1	66
A2JCJJNY43QQIV	466
A26R7LLAFTPC3U	1116
A1PC1PA37I5L7G	397
A1WW7HD6IWR36R	632
A2798LQ4A1VV2M	1427
AY3XPKRAMKKY7	306
A1EOWA2QJR1PZ3	509
APWCLRB3H1AVJ	301
A18QNMVRG08DU5	359
A1QCZQTJNK3MU	394
A3MHGA6BJJ7P27	1118
A1R4BL5MYUDNDJ	1154
A2MJ8OL2FYN7CW	1335
AG6TX1ZJHLMO7	1244
A2DJFYBB2L5VSN	909
A3FEGTOLCWXSV4	959
A3NHUQ33CFH3VM	981
A216NSW58Q3SCJ	1155
A17UNMURMLX0ZE	280
A265WQABDR0NE1	1424
A1CXEPAONAMT7O	535
A1DXLFDS7364SM	338
A23NSKTMSPPBTR	606
A3LGDU5CSPVI4F	796
A2NB2E5DXE319Z	1100
A1IOSNSY31L5EI	823
A3OMOR0QCB74TM	1292
AHMYPTDP5MBFZ	208
AO1TKLGRNSFDL	189
A39LRLKACX89IP	320
A2QK06G5K0FVQH	1407
A1WOOGA436WR4Y	928
A2TYD5BZEYM2LC	382
A324NSSUFHQN7L	754
A2S26YGSVXBCFL	800
ANTGGAQYPSWHF	1081
AB0Y33G717HOU	1339
A2VFFSSX1O45D5	1657
A23GFTVIETX7DS	187
A39F7XOVXQ0LZK	1406
A3BWETWR44W9X4	83
A2ZY49IDE6TY5I	27
A16I6WJUEBJ1C3	1308
A34CSXOGVYF94S	1357
A2YJE1LWDVOZ52	720
AO9UNKQG83BUP	1484
A2YV6F6DLENNTM	667
A1M5M5RDFM64OR	600
A3QD59N3M7O7KB	243
AGXMC3ITWZASE	525
A2J8289OOT5DE4	982
A1ALOTXWL76OY7	662
AF03NDXR2PIFX	1404
A36MP37DITBU6F	1009
A2R1HUYHXV7H18	1039
A249NHC5FM0FTK	248
A1U6RLUA8D5DSX	7
A3QD7VWBD470D2	1442
A2T3ZZTB6DJF8S	740
A4G5DLO38FF00	864
A3N4CUW4UYC9I3	1062
A11P105WVK5240	923
A178IK50SI5GO0	360
APKD4O1I1IJF8	395
AACT4ZG8YBBUE	633
A2WM9XR8TSG60Y	932
A2OAD5Y7MXUOFZ	1043
AO09RWV40IX78	1306
A1T547OQW4TLZX	1325
A34DQINHT6NYJU	475
AD9VPOFWTWNN3	55
AT53ZTTO707MB	331
A156P4FPL8OGXB	675
AL5CUWBFBMWYQ	1405
A21A1A2P3V1JGP	1680
A21ELWFJMQSXSO	529
A1Z20HZHTBEQXY	724
AMS2CPERWN7JV	1160
A3H8DWU2Y45605	1180
A3KQDH3HOKS5HO	915
A14RYRR7ETV3UY	1396
A33PBU9EHZ28PC	567
A1VY688L9N9QXD	1222
A1WXJ1I42UOQ2V	1302
A6ZPLVAUQ6695	1290
A19123D9G66E0O	946
A2T1YU5H4QNAR6	96
A298GL2D0BHGKZ	434
A88WV7924NGXQ	303
AGVDI7RLT24WJ	1191
AX7QMRXX81L9K	1626
A24ZV048V7J0MT	1564
A3MJARDJ31M698	853
A25VQ8U9PPO145	1312
A1SOTV1K4O5OFV	314
A2KHG3JOFXQ4CE	1371
APDVHUTTR05XR	476
A3S3R88HA0HZG3	1195
A1PI8VBCXXSGC7	599
AXVKMYWNIHK7W	1461
A2BXMHV2B0QRCM	459
A6SZZSMX7DQG1	1518
A3H1KOK51II1CD	220
A1FDVT0DLJWV78	988
A2I5LVVQ7WXEH6	1022
A2IMLOJ2Z2QEU2	873
A2LA45UTUTZKM0	537
A3Q7TY0T4PQULD	198
A1F1A0QQP2XVH5	746
A26OPNLJ0JYHPH	286
A3SGRLT3AYY56L	548
A3AF5TL5080AK6	1200
A4QVHCWC1RD7D	1172
A3A17M104Q794	1181
A2LFWJ8X817QGX	97
A1T8J9GGK7WCFT	1577
A19HT7YC1UW3D6	255
A2DG63DN704LOI	1011
AGEKVD8JPZQMT	1073
A1OPZ3BUTEL47R	818
AW6J9IILGOZY3	1033
A2W0XCWOK3MW6F	151
A3RZPMYJUGL1E7	627
A2KQT4D0OZR569	1056
A20G074MWH9U7O	271
A1LACH6MLQWZ	28
A2J14781GXRRKS	544
A1ZH5ULI4SBO48	1197
A2Q6Q01QQG897T	26
A25WJCAP606YMP	829
A1IQU3X8AT0TNJ	196
AV97FVTK1KFXI	137
A3KVF4JBEAE8O1	945
AQGXXZ3YNMCEJ	367
A2JNO9OR8FGNR4	481
AVJ3TDNVS4A81	555
A1RFZGWX46N8H7	820
A3BXPLX5RNFSO3	920
A28IIVKXOE1ATF	1007
ADZIJQN6MNRAB	1663
A3DCGRS6FFE7YV	1323
A5ZGJBOPDRVQL	808
A2X1IIDFC7YSZI	1369
A39B1M31T3QRPW	1206
A26E68WQMH85NO	67
A29KJ1B32SL5FD	507
A279A4Y2N1CQ26	568
A11I1I9QLMAM1A	673
A3INN916E4VION	910
A11C2FBX83TS07	1531
A3M7BCQKSQAK4L	1438
A27HLTDITCL1O8	1642
A32GW1R9MW0XOH	127
A27D0VRNOOUNRR	1650
A27QXQQOLAMRRR	968
A306153FTKS9PL	1403
A1MZL91Z44RN06	214
A2ALA1RT2C1MTO	862
A10UX39D7YO6G2	1214
A1DRM3JV6T5O6P	353
A3IUD6OUAS0A9K	691
ARPHY5YZ5I5L2	1187
A2I6KBFBFIORH7	541
A2BO5VNC8C319B	281
A3S09ELON58M3T	809
A3MY639RL2TNK8	506
A13YN8BH9O1WH6	48
A3R7RE5O61M112	1393
A3KT85K6QPMGSV	236
A2IK6FJZPDAXW4	1122
A3QYDL5CDNYN66	1114
ATATFATLWI4XM	372
A3PVM541IR8EYE	1003
A1S9MKN5IZQTVF	629
AA91O96C1Z18W	1276
A7ZRLKN8WIFK0	1542
A319Y83RT0MRVR	953
AY1EF0GOH80EK	422
A5IRH1LSLM34L	1176
A2LXC5ZHHP0WXP	1045
A2CQH041Y2RHD	1677
A2VWA1WFR5TQ2T	302
AJES485KARIKQ	944
A3MRUIKOIGZ6QY	1317
A1L8PL08LOYO9L	1412
A69USHFWO2DLY	757
AIGFPTHPKF1S4	428
A1QBOC76MIOJYP	1289
A15XI2BEGGFEOW	108
A1437CAM9CNC1E	1562
A1MS8EOFY6WM63	708
A3AG5QAT8L0I3R	1648
A2TI5R93FF69UN	1512
A3MJ1OH04JQNQF	799
A3CG6YLYZJXQG4	1273
A4HC7SZCPNOVT	801
A2AF0NOCM71J0B	82
A2LASORRVJQI66	733
A641JBBT6V2PT	1452
A1RPTVW5VEOSI	58
A2Z2FATA8JNL54	1341
A100WO06OQR8BQ	294
A3B5767B1YDFSS	905
ABKNRVFFLEA3M	1623
A34GM17T6WTJDK	1000
A3FKPBNI7UWQFW	1343
A1XMP5A5K8VD0B	1429
A2IT7S59GSASN7	1163
A1X3ESYZ79H59E	566
A314KKDIJWCNMV	939
A1HBI9BBQIG1NH	1166
A77A7UH2KORVI	250
A3DZFEICHK5LF2	1426
A1W415JP5WEAJK	166
A1E50L7PCVXLN4	644
A3HQAPXAJV7PRX	141
A2QW4L4QLINNOI	113
A3N27L13CWJ9HY	1005
A1EX5SK2PD0XLC	871
A3T4OHEAHOJ700	963
AE7V92R2LVEJF	574
AKN6V9Y0YH421	1185
A3AYF9CD4PXDJR	169
A3TNZ31U9DD7UE	1622
A1WKQ94M45D8MG	996
A2MBLVMVDLHK1L	365
AAPOXNROSLHPN	1523
A2AUZFU4EN8RQ6	393
AY3D7DG5L5WCK	649
A3HEY6YGBB1CBQ	1517
A2QR043WBXXX6L	391
A2UFNB9REUD4I3	1541
AKYDGCKCY7H9F	324
A3V1AHX8P4R839	1634
AGGDI4VWPPZ6J	578
A2OR94VN7XQCUO	895
AWPODHOB4GFWL	195
A3M0WGXET9HOC8	1126
AFICF7DKHTQ87	714
A15HQSZA5II4FN	772
AOMEH9W6LHC4S	815
A11HXOFCYE85QE	252
A2JSUDNRLSP5MY	210
A1NOV41485TE0D	1342
A2C0TQIXVX0C7J	722
ARTSSZHO3ZYYR	17
A2CVXUY1EYQGGA	1385
AT9U5ZE5OO84C	1069
A30V3GG6U3SAQK	336
A3M7R4PD0FEPUB	1272
A1GNYV0RA0EQSS	950
A2FBPS1P12N24T	934
A277GP2U2TXH51	1017
A2BCE305MUUP8R	665
A1IH42TUIZ2XJL	830
A1GCZ07XRJX858	523
A2N3FZ32U932P4	1526
A2B7BUH8834Y6M	1307
A39E7IWNHY62JT	1402
A1OLRW8T44G8RK	1374
A19JDXB5R33C7R	1360
ADDDFVHP3CSVA	490
A2TXMYYGSZCSZ1	961
A34TNH973Q9XT0	1654
A1H7Y5XKPGT0OS	486
AHFFTUJYI47XD	1447
A2KAQNY3K8V42M	1208
A6SM104267C1C	1411
AMZCZBK1EF1PV	833
APW4SNUQVAMQ1	426
A3N37IWYXIEFL0	270
A3W06YJC2YACTH	703
A2Q9CZSNVBAQF0	504
ALDAF4VVLFRHP	835
A1JZFGZEZVWQPY	0
A2ZJMLZ1IA2YA9	1558
A3LN4AOPBIUQWR	1418
A2MSQNPTNAAGL1	1340
A1KI3173CO6TK2	1664
A1BPOCN80KYWXF	941
AJ8SVXL3SJN7T	689
AI5EIS34J73QB	765
A1C6RZG7XQZBUZ	914
A1PTYP1MQN1TZN	1450
A2PCJ19IEGIDAP	1238
A3CJ7MHAS9IMAM	679
AV866OAD7CRWY	41
A3CWEK9HY2VPDL	1583
A3K85S74WQ2DX0	424
A39GKCZWTMG27E	653
A1QK0XCAPHIW1L	1647
ANHL7BB84WJMF	1476
A2PPQX95MIYR1O	842
A25UZ7MA72SMKM	1467
A2VH0UT5EQFB6P	758
A2YEOR4XJ8N3QE	867
A1DH3QDZX8Z7GO	979
AJNW2SVETWAW1	1504
A9KLAL1CXZ0W5	1006
A3ENX1Y48DJQVK	105
A3S0DBBR693O06	901
A37CMWV7LHWW28	699
A2OJCTT5WLB2HR	997
A2MRATV8NMBK4	543
A32JCI4AK2JTTG	1
A2OS3TIVAKUAHG	937
A278V4RQOW79GG	1319
A23ZNGL704AW7O	610
A1PAGHECG401K1	1661
AX329NHW6B7BA	1030
A3963R7EPE3A7E	191
A2HN8MZJU7QE58	879
A2A6E98JMFLIWU	865
A3VI2VETB90ZG5	656
AAA0TUKS5VBSA	1354
A91TB0WX94MHP	975
A2Y1WNETD9AYHO	445
A3JQ58CZBV3FOZ	741
AZV26LP92E6WU	21
A3UW0PQLDUACMH	1301
A2B8GXSCB1R05T	1595
A3SDBL8SJC2ME3	1199
A2P1A0QD2AV63J	1142
A1ZU55TM45Y2R8	462
A2ZT5LYQVJQJAU	956
A1OWRLSD7LTSQ9	469
A1MT3GT9YHEDFQ	511
A1ZNLTEHELZ9PN	179
A3CU4448KHG57X	1145
A2C6X6KM79Z7F8	25
A10Z8FC0SMU5VQ	572
A2OB533I9U19K1	110
A1ZZ5HSJM7EJZP	13
A3VK9KSBA7Z4E1	245
A3C2JQC6R2K52C	290
A2MYOHKAJG8KM1	859
A20FK68BUB1IVA	1377
A2ZFBVF5EDMVBK	1184
A33ODCMYBYASGY	496
A2RX62V4E2BF5Z	641
AKC7KN3ZXNJ8M	725
A2YQ2ZI65F37N8	494
AXTY9ONS7I6IT	1560
A2U631KM7B077F	792
AUUUWS9MPKVM5	508
A2KMV056844YV2	969
A6B92PTV0Z1SU	1137
A35WNE2D0MPH4L	186
A38K04MT5LR0JC	669
A1HLGQXEOOMLM	1375
A28CCN6VYHRUKS	1223
A34BZM6S9L7QI4	973
A3EMLR8NELLSMI	794
A3AW05VYWC3LX8	1031
A2T99E90CFQA7Q	231
A1Y32FBX45NCNL	1269
A2PNY0VNZHU8B2	1205
A27OBJA1YDQFZI	828
A6YT8ATZ4SEKT	940
A1RRMZKOMZ2M7J	1294
A1FPQ54AIB26L0	1608
ADFLPF6FI3W0O	1188
A33NUVKG22QKRE	709
A36MI5QFKJE0OO	1252
A21T2VURN534I2	217
A3HPCRD9RX351S	128
A1EXGL6L0QQ0M5	1096
AFYQ9V4XBVCJ1	1108
A3N9TOPHBENB9I	449
A28WXDXJA1P0MC	787
A2G04D4QZAXL15	1119
A225UWT247BBBH	272
A1FZSWC07ZPMID	340
A1GGWEX2RW0IRW	861
A13GZCHAMKWYBT	435
AAQ9NJ480N9W5	768
A3Q11JB1BTGPW1	631
AHPV4F8IVSC39	1575
A1E0PC3BK0JF4Z	1183
A1C4X193GBJO6G	1250
A207RZZFU7MRH3	448
A22GTQLI6RSTL6	1555
A3OXHLG6DIBRW8	64
A38RMU1Y5TDP9	687
AQY5XBYSENNZQ	1570
A2ULQOGN59LDNK	388
AWIF8AR75LL9L	983
A3M2U2803IED3X	1092
AY5PS2AJ1JS8F	1233
A3JT29L4YFEIMJ	1666
A4A5DBXT8M1E4	622
A3K4AJLVHAH4OZ	1053
A2TRRYYCPKMA9D	1201
A1HOLE9R6WPT85	1058
ADP8ROI8NMNL2	1471
A5CDMTW6JKV5G	103
A1C4XZPPK9CBUM	1209
A14DL8A4BT8YFK	1535
A1MC6BFHWY6WC3	501
ATMHSONJ55YN6	805
A2OECBTX7KM6FJ	10
A1Q70K27GSE8U4	205
A244O7TUMU0EFQ	524
A18ECVX2RJ7HUE	237
A1E5WXNTI7EO2A	1578
AYBJS10LP5OPK	883
AFM8HGCK7GHGB	1218
A250GXRD2BGQV2	602
AOPQ0KA1B7BFD	926
A307YFSORUAXSQ	1430
A1GGRLPGHPBBPY	1581
A22PUBSSNP54L	654
A1D9V11QUHXENQ	538
AAPPWNP9FWVWS	437
A2CZ98V784SRJ0	1055
A15EJ2O8NMXQQX	126
A227FWOERHH6QG	396
A1IM4D3R61A2K0	1004
AD8K962GI8ON9	716
ALYZJ7W14YS26	1020
A1NFXS9QOKWGO9	92
A1L1S42BOGPF96	177
A1YJMG0QJXZLD4	436
AEL6CQNQXONBX	646
ASW66VC3E3GQ5	156
A1EZTCAKW2TIJC	398
AIREHOF22MIBM	1362
A22CHQDM539WPB	533
A33CYHP1759V4W	759
A2MR696ZU17F12	1159
A37RCN295YXNKD	854
A2YAONXLRZBANO	1178
A3DD96LN8U1NM	1263
A3CEUT263RNUDO	1491
AHIK7BUXFRMT8	285
A3CT06MCFIMAYE	791
A28YK7B27X3N0N	1409
APZQX1JYI2FS6	230
A3AY333WHF4H3E	1321
A1NPCBNK43ZREP	124
A1KDM0N4UCEPHA	480
ANSVSRYUZYPJ0	786
A3006WHOAYJRLI	1437
AJ7HPLHB2A5M0	399
A6VXZ1EEPRTLV	521
A1DWZDURXHV1U9	117
A204KVEV30UDE2	229
A2WLNSZ9U0T1S3	715
AG8DPYVTLT2C2	1021
ADLVFFE4VBT8	730
A1YHEWRKR18D68	774
A209G57KXCBF4C	1101
A15VFMU0WO8ED2	42
A1ONZ8JRPLBNUI	1441
A601IGAG8FWGW	1579
A3K6IR2LH4KJ5V	384
A1WXG10FJ353K0	1440
A2ZX3T7EKIVXVK	267
A1J5HIF41ENSMZ	1500
A3EK7D0I8GWH32	1658
A8UM78SMPSHC0	655
A3EP54ENFCRJ69	1672
A1QVJ5JS7U604G	807
AHRNDSKWH1YBT	283
A1U6G2QW8BOVCY	1329
A3JA893PH2V0F7	1573
ACDJL2NYQL0GT	693
A3NDUBKYPI47N2	751
A2SSV6KM3W1VFD	1303
ACAXV4V8PBCE3	1104
A3PIPAV2NS9A66	146
A2WW6PUV8U6TI5	257
A3IVDLIXVJCRDQ	1501
A1CFIF0K09G85S	240
ACQYIC13JXAOI	1646
A1LAGS8H4A2DR7	899
A1ODOGXEYECQQ8	121
A2DA2NJZ2RIYAB	1060
A31K6XBC9DQWN	1251
A2BEA09YSMNJHA	773
A1V3PCKVCJ3TTZ	54
A2AIQYXKN9V80L	745
AAYC5IIXAM7UQ	344
AYUF7YETYOLNX	1304
A14EPTYN50XSZV	838
A10Z51XLV63OA6	76
A33Z1AKRECWVTX	514
A12UZGLT0A69G	723
A1UZWQTU7CPAJJ	337
A1I477ADGMLVJM	999
A2IDHA68MY29FH	171
A37WVR9M1STQDU	109
A3IQXED40ZZ2T2	1684
A4VMQ6ZTSXSSL	477
A2ZDY0V4Q1SZD7	620
A2C27IQUH9N1Z	1189
A1HYH206E18XVC	1587
AVFHOYQOT5SRT	274
A2V2URLB31HG59	1029
A9H8BHRTUPF41	874
A1R377IPZOKLMM	400
A1BXVZSQOJE6UE	985
A4D5B7Q8A7PA6	1115
A2I3XS9TO93Q0F	1064
A2OL8PSMSHL947	225
AL5DKZ4E6XV45	1679
A120ULF73SUTI9	192
A3T8WOFS5RD2IR	1027
A3919C6CEY5A3G	777
A1HGXLP6WATS4B	1279
A21SESEJ8E52B7	493
A9GPCR9WJQCCJ	1282
A25LE7PMMSB629	348
A2GBXLTZ8N93CH	769
AX7346P5MUWHZ	1350
A13MKSASQ6YWL7	413
A3REK3OFONWB1Q	1082
A3MPQZFJW5BJ0A	392
A2V1J3JT5OOZFO	419
A226GFM0Q9L37H	1593
A6FIAB28IS79	682
AVU1ILDDYW301	1330
A1LA4K5JF78BER	581
A36JJH149IB4LJ	790
A15LK8DSFQZZ52	1639
A1ZPY91VE3IDN1	1026
A1PNT1D0OBHLPV	640
A2VBQLQ0668IVL	878
A26LD9FQHTM8ZH	1080
AX645IEO2KC14	56
A3SZXYX9YEDGT6	611
A18LBGL7L9FEZV	1041
A21W7ZA2FZKOGP	1400
ADOR3TR7GDF68	688
AOTMP0OKJOUWI	1495
A14LG64GIVZIGS	125
ACMWFQ6ZUUCQG	1433
A28I98PKHZZKVB	1401
A2DQGD2M6EZRS6	896
A1BHSP8TPTH8Y5	341
A6J8D9V5S9MBE	102
A38NHXL5257E3B	966
A2WWL6ULY51UBU	298
A1F0ITW7KPUKQI	1249
