A356RFKNIG043B	371
A3CUYX2VXZM9KO	678
A4BTCECGQAIUI	116
A781ITP3HE2N5	72
A1GM034H7XPDEW	565
A2WZWY5MQTXO0R	806
A2ISZAYDM4Y791	1055
A10044ECXDUVKS	1241
A2EZWZ8MBEDOLN	18
A2RI4QE6EO29CA	470
A3KZEGBTPH6MMF	1424
A2EDYSY4M8TESS	309
A24AQ24CD6865K	399
A2SRCVYVHA6G19	1329
A32H7YO8K1XS9E	1105
A2X1F0WUJJP0FC	1335
A37T74W067OYPB	947
A2PFX6WO88KTYB	694
A67OJZLHBBUQ9	17
A1Y8BQ5R1SGGVD	1346
A3TOND09136H4A	464
A4M7GUJ0MKZD4	758
A38L9I59GH34O0	737
A1LH6RF4UN9VI6	1262
A3177U36QW4EJB	1095
A1KCRFFQDLE7MA	1220
A1CF9IF5FWYNU0	833
A149F91FB9WTW6	590
A24Z0TLWP8FXGV	1371
A27DR1VO079F1V	29
ASGRCZLCNBELE	1120
A27L5L6I7OSV5B	345
AD4MJT7YYVHP7	526
A2LXCPYCPZJVW4	1117
A2QMNA0ZT6XMRR	919
AN1RO6C6I78YO	289
A2F42NSN3HKRCU	1020
A56EP6FFRH1YT	231
A3DZBMO93FHKTH	747
AW1VA3H8A5N12	1273
A1NAA1R38JSNHV	114
A3J8U952XAL34Z	1348
A5RJ7TM82RH0I	260
A2W8OGJDV7TCMT	1012
A3BMYEA3J6RBVV	356
A2H629SI5VJGRM	977
A15RRJL2HT44J4	760
ASEBPAY8IBNI2	975
AM8M5BAQRIXY5	1324
A3PQULECO9OAV6	873
A1NGFLLBENI6FG	1297
A3UETHIJBL6MCV	110
A23AKO4BZLZ8DE	317
A2CARFAX5FNQT9	958
AJ0PG46QD33RD	1364
A3EXWV8FNSSFL6	795
APQTAELJ74I07	957
A36OSNJ4YJSGEP	916
A2T8TWZAWLQWBV	1272
AKDQONDXN72MW	137
A19IFF0DGV0T3E	420
A2W7M00WSI4JND	690
A1F4FQAW2G9FRA	1349
A2ZBSEZ211C4QW	880
ABZYVME9NYCQG	419
AB0XOMFCYELCK	252
A3PL8ENSYWS1PZ	119
A18P5I03P4U8AI	183
A3MW5BXUOCCQV0	510
A21VM9WVF8EOSJ	92
A3HKZSCGFU9T2A	844
A1VHCO8RQFIGQJ	141
AUK79PXTAOJP9	202
A280VP2CL6ZFZZ	559
A27H0T39U3FZB5	1078
A12SSZIN555FTL	258
AHUIPZZH2UKJG	491
A3DAURGJAL0Y0S	1026
AU9BPT3Y3K6J4	31
A33LV2M1PAJZ45	1222
A3GOS8Y7DV0E4X	1295
ADH0O8UVJOT10	338
A3M48SSAOTBSMW	93
A2I9SZ9A7Y3I4G	1190
A3GH47E9FF8WN1	455
A2R4YQNCYMS8M7	978
A7E0CJH464L82	172
A31HQD6H4SHO2C	360
AFAK8WG4O8INK	1316
A37E0KYNJQNP1E	856
A3FBE4WF5KQRR1	605
A1DX9PS0UN7EHY	769
A24JW33E1DW64K	771
A3C9F3SZWLWDZF	388
A2HTMBKL4KE2JH	472
A2FY8306QHI5LE	1062
A1IR3NR4KRPIJ1	96
A3MKGUUWT9OOY6	435
A3TBMAWIIHKHFN	1013
A3F49ZMUC1GSRP	1366
A35QFQI0M46LWO	11
A319B090A2POEB	35
A12YXGXV4MATDS	152
A36IOSZXG6HQAU	641
ATSVUBE2115N1	1148
A157DYI1PMXDR1	705
A1BCRHGUE3ZWEU	1213
A1JN3UIUZAHF7V	1169
A1VR0GV8LPJYNF	1286
A34UQQ1DPQ31IH	715
A3AT69S9R8ZWGT	328
AV8MDYLHHTUOY	1261
A3HH71P93ZWAMB	1427
A3PGQWCSJPCYDH	431
AFUXETAHFUXFE	232
A21Q29J3ZWPDNP	330
A25T143MKB0K82	1135
AZCP5P3BARLS5	1280
A2M1BW5AQLJLOB	1035
A1AFH79R6W1QOQ	184
A28DVY0Q6PPO1J	581
A2DE5UPQJSIPKR	935
A300S5QIIMBQNH	1288
A2VAD79S4A06DD	1043
A3HKWOC783B7PL	1334
AG5L0MYSPPWDC	294
A3MXU3CH4BJ465	355
A3SU1JZBMQ5ABZ	1290
A3A4UKJUP34E18	1061
A13KBLFF4IZF7H	817
A1KO6FM2PGCYC8	1126
AD6FULWPPOJ3R	1028
A3H4FCMNBYS09K	214
A38XYO1S5747MY	768
A7IZNVL7JXLM	911
A1365RYO0BLEMI	336
A1EUO0BU72JR7T	46
A35D9ODUCAMF5G	109
A3GEMQFMP0PH48	1258
A3412OM2NWNT5E	494
A95J3RNEFN425	800
A1BN3DBBWLMT6V	180
A1SG6JGU7ISEH3	295
A10KH8EN77ZKWH	158
A27E9UEA5ZMTN5	1005
A1MV8LXEXO8EWC	1155
A1EX4410F46C8O	332
A2GUE6E3DUYX03	855
ANAKK5KNUAP17	1158
AWYXB9L41T82S	1277
A2NYK9KWFMJV4Y	10
A27S1RZ4JF0S3N	479
A1Q94IXHEGQDV7	838
A1EQYR35KLTECN	848
AZJPNK73JF3XP	227
A2JZY5POMJADL1	972
AG1ZYSLKQCLMD	550
AU3GYRAKBUAEU	1333
A3M1PLEYNDEYO8	8
A1NIX2WA2ZKLV7	1381
A1GMWTGXW682GB	20
A7ZP18XOIJADI	895
A3UXW18DP4WSD6	456
AWCJ12KBO5VII	1293
A18XPD5BM4U6B1	778
A2JZTK0WGJCMGN	297
AH2F47XZ5L8NR	369
A2W8RH6YUNXH83	539
A3TA1UJWRJF9NC	65
A3RHT4KI3H5TVH	77
AETQIN7OH0RL9	701
AZAYBFPLEDFL7	1174
A1CUB195YB9XKO	225
AMCZ6QJGKH110	1352
A110ZEDSNASVCO	734
A18C03TA8N26L4	185
A3HN470MGR70D2	655
AN5ISBOQ5U7C	852
AB39UO500J4EP	791
A26NQIGPSFBU5Z	797
A31JRW1DW3SZ2K	1103
AVY8D3ULJTX0H	78
A3CMSCWXZIVJQ1	801
A1AYYN6YUIDWVG	1305
A7KIY7RDFHRN9	401
AW91VDERXXKGT	730
A2YTKPGZXFFKVK	242
A3K9OQPCI8UJE	433
A3DDZ2SENG07MS	182
A3NGAQKJ6X088B	82
A16MRPHIU3JUXF	1162
A1NBZI880S5VXU	1001
AT09WGFUM934H	113
AJNFQI3YR6XJ5	7
A6A03NM42KUXL	417
AGX9PFO7K90DJ	1410
ATL0URQ0KUKGZ	299
A2XXBZPQT5EXHV	103
A54S9CIUV5VNB	1268
ALYZ6K2FC7VZC	1029
A1T9SCT89JJ96	1402
A21M5LI1AU7184	1223
A3EZEP0FX5BC1P	217
A1XL4YLORJ5IBS	555
A24FQKYEPUQBRG	1008
ALV33FTOC032I	277
A3TM9RWCTMIK42	654
A3CSWB0L9ZLD94	702
A1AGIP0FLI2VZW	843
ANAOLDUUS8E3G	1031
A26Y7G0VFYUYSL	475
A1CSB9FS3SLHJO	1405
A2VY4F62JE9HCJ	1230
A1CKZGG8OQ2DTS	1070
A1EFXXRDV40C4E	1278
ADH957M2NJJ8Z	1231
AU2TEZYYXKLL	1358
A2HDEN9SPBWC5I	516
AFB7MSIPJIW68	835
AODIJK065X72D	1000
A1W93CKNN8D6L2	1187
A3G5BIFX6VS1OP	292
A3IS1RBMOOULWI	1243
AGGQFKI536BUW	436
AJ03X8Z6RZZ27	1257
A3RNEUUWTA78QR	606
A1P11QY9RR3IA7	1107
A1VG6TG6LKBPKP	889
A2HBAYOAKSXIY2	1097
AHCJAJO18KRP1	337
A2Y1R8CZMTALJP	404
A121QRWXZIO6UP	756
AXWB93VKVML6K	25
A3D1A0YHTT0E9G	964
AQFOCVEBDCYU9	131
AI9PZHPNTKPI	460
AXTOICJWZBAJ0	1212
A34WEXT7SIRFE4	462
A3MPMALWL0ERCA	611
A127K5WGHNUUH3	661
A3GTUNDBLPC00I	1159
A2FXCGHJLVQTIX	370
A1HQN6CNAO683Y	434
A3SUC2DJYHUU9Y	593
A2B3XQ4FCJTKHQ	533
A19WXFFQMKES6O	814
AKGWRO6IC0VIE	1024
A2S9M3F1Z2XIQG	893
AKAVVQMXSAIGX	1081
AOINAOO0NQRGN	196
AXG9N4QFS4QYP	903
A3KF2K1ZMAZSX4	1414
A3RPDN9247BQHK	574
A38HMS5RYSYF8G	60
APN77K8OVE97N	1303
A3UPEG3LRWOX16	100
AR64CEBJWBICU	1350
AAYAXHC63IX1D	542
A3B4L653KYTW55	1125
A1RSRUQVKB5EBO	522
A1XNCV67JBJVF7	496
A2P2ST28QAZMJI	1040
AOPFMCP5DXUK0	700
A9J03MF2689TS	130
A20TFY5J3WNJU2	525
A3UFHRHJ82TL1W	865
A2C00NNG1ZQQG2	3
A1SDGIC08LD6BW	1215
A2X68NVO0SGCMC	757
AROOYR32BS1VL	117
AMEZJVXMSEPY0	991
A2XKROL6XBFHT3	862
A1JOANG98KBFKU	993
A14PY68SX7D5DV	234
A398X9POBHK69N	24
A1ZMV5QSAR8V2L	1075
AI45J5737CUGY	256
A3W2E6S24BTXXK	43
A94QU4C90B1AX	4
A33DAMPX4T6K57	445
A165EMA3YTIM6A	221
ALUTHT4U058KZ	74
A38SICZYZTLDQ9	1228
A1WQNVR4H66YX9	662
A1OV2BH2S11KBA	762
AZBUUKQLYKUCL	272
A30KA8I5AHSKJZ	1034
A1ZV3RNQH852U2	1205
A3OJ0RGAECAGH8	123
A3V1A3C9DTLPME	127
A2JPRN080WBJ4N	1347
A1MCMSRNN2AS1F	594
A1BNFL98NKJNYA	1292
A3HCK3UXD6WS4G	144
A3ENT7V0MT34WP	621
A22810LZ1TDWH2	1032
A217QN6PDMKS1A	177
A120FZ2ESIMA63	501
A18ZKZXXA3WHSJ	1151
A2IRI1NFJJJ6MZ	247
A52GGV55KT8AV	823
AJH2W783HOXZV	951
A3J2PKECNUGEHO	340
AGH6UUAIAZLMB	438
A1LS2UXHG1BYRG	143
ASP978VO96X7C	458
A55YZTYSWPH96	570
A2Z7S8B5U4PAKJ	1160
A1MM26M78136ZP	507
A1LHMSY3Q46PJS	523
A3IVULXGE2PB43	304
A1L2S18BTJE1BZ	839
A1TSKKBNV38E8Y	886
A22T4H0CPT6UJP	990
A2CIR2MO07ZIY3	774
A3NAA6BH9LWIH4	1421
A3DWQW2L39RB1S	39
A1YAR5PTXNRA7X	979
A2WT46GVYE1ZDD	145
A1A64ANBPFSAT4	201
A2IIIAR5BGJF4I	775
A1TLMSOE1VRDZI	1256
A2BRXREMT5WZJ0	146
AJK15Q9JOEHRH	189
A2UYE434RFINE	812
A1H7JRH18L2BXG	1338
A1F4KCBVDP8S25	115
A3SJP0GZNZJ0XE	1054
AJCHGS1GND4OA	674
A12ABV9NU02O29	49
A3T6OAYYMN3F1Q	788
AKPVT396SPLII	1154
A2Z1BOQPVQK2M4	1323
AM67EGOF8ACTY	777
A29XLZLRNBWBZ8	1339
A3GHV54CDBCKO4	608
A1P9JI4TR933JX	1312
AA1ZYCEKJGG3A	636
A102MU6ZC9H1N6	318
A1HZRYGGNMOWRQ	954
A2EQ8GHKXEF141	1140
AREHEVC8J64QA	390
A306YUQBEB2R9T	392
A2D91EJR5M0CUP	834
A34KO3JNKTZU6Y	891
A23HJIRA5PIMG0	527
A3F1GM7ZAZD1SW	424
A3I49HMI4LV6HU	602
A3FQ9WYUHG9CD	409
AUZ9IPTKJKFDK	620
A2P3Q65JU68Z5M	628
ASJAKT8DJIAC5	288
A2O2UE0UTPOB0Q	528
A3P2J1W1RBUX6Q	901
A10APIDAZISWQF	1146
ATJQOAUHB5XB8	950
A3G9836LYVXE7A	1114
A3OA4DV4L81N1D	1406
A8AF0VV2LP4LV	551
A3MZWM75KSM1P6	877
A1XDIC6OQKYJXW	773
A34AJKMVLJCOSI	1053
A1HR4TQ0HAGU8T	1184
A1XJKAH0QCUVWD	929
A2053ZJUGCKUA5	279
AHF7SNSZPRNCE	1121
A2KKZHISX9YKMI	861
A1H55L0BLPCWYF	647
AA5TINW2RJ195	41
A15WZCSME5X74S	822
A2WJBUGJ39ZSC8	1106
A1BK0KBZBCB5V8	626
A87NFCCTUG4PO	425
A3V1EHVB14TKX	659
A2CCGGDGZ694CT	28
A1B9Q3SNKI6T5V	724
A2R7B3MUR22USI	949
A2TBAUW2W7J538	896
A2IZ3ST24HSO4H	1185
A2FIYNFKZQXGWO	1275
A1SD1C8XK3Z3V1	56
A21N9ACLVOMDLP	1088
A2SXC5WGKDRV7H	1298
A33H0WC9MI8OVW	604
A1PO2WOQ0LO73Y	745
A3DOIOHQ19H1BP	1011
A1UPZM995ZAH90	6
A1ZT70OIIY7N5M	1340
A1VU51HBF6KIYB	764
AU9RL6MBM25YY	742
AM870TTAD2RFT	1161
A27TXR7VCI5FKS	1197
A31XY5BETE8DUC	160
A20L3BCRCICRSQ	291
AOCBJFQ7UPEOJ	275
A15N5RY4YGRQRQ	807
A3BMI7VGJT60Y7	453
A1AU5K3JMPS3UQ	465
AKT2VSLZHDD81	864
ALB04NLERUCYC	414
A8MTE6SIYM0GY	519
A2IROAVGAK1G0S	1249
AB8JKS38BK9P	597
AGDWVRFL81B4O	285
A203OCQQ12MAVT	105
A2O52ICJCRQYVK	841
A1VBRBWX7SVCVX	1059
A3KIOG0NDTJ32D	1314
A32NZIV3FHCK62	716
A3G40OIPT4I040	1030
A2G8O3QXM9EGJS	554
A19NGYCQ1NCF3W	85
A2XD36ONYLNU5J	484
A3JUQ2E799OC5B	106
AXABTEYS7A4A8	179
A3NTAQ473SV08U	825
A2C2TKHICAZ4RS	376
A1JDT2X4BYHZZL	906
A10H2F00ZOT8S2	282
AB2G1XOBEGWK2	612
A34O0KQV4QXWNQ	366
A1803TC7DCT5ZA	1383
A1JVHQXG7GST9J	226
APH7O58XJXKPT	617
A1AOD8N6LJYHBU	1332
AA4BAIDEDJI3	976
A13GMS7FWV3TQ0	1216
A3FW4THIMBIN6V	112
A1GUHIMGFE362L	310
A2Z15UQEUTE3T9	818
A99K7S15XOQ45	1296
A2MVPY9XVYST9H	986
A1C6T412QATCAJ	1229
A194BLXLSNY8SE	1260
A10HYGDU2NITYQ	468
A2XL6TZM34HFV3	831
A2UDGB5BTYY51	870
ATPP3IWN4S9PW	1033
A3I9IGMS9GHW8J	652
A2YSBRBYSI0524	782
A2WA8TDCTGUADI	1014
A2XSWF2AJSXQZB	1196
A2GA2GM4LWESIC	566
A1NJMJNF0MOBSL	1044
A22Z554ZQ8NFPC	339
A136M3QYHUVN9A	397
A1NPG8GYIXYIVY	561
A3OEBPVLF35YQL	349
A1DVUFG2QSJ6IK	54
ADNKG04OS6WNL	763
A3R4794K2RVU1S	1131
A1TF131MUR8E2E	1191
A1YAAMQT5G88XE	377
A14JBDSWKPKTZA	1426
A3GJ25QG91UI9Y	759
A327J5R77T2EY3	454
A3L5L7OHXRY03L	544
A2Z7KQUGJRKZL9	1372
A12O5B8XNKNBOL	545
A2JMJVNTBL7K7E	989
A1AWXXBQRQN13I	263
A2WROWUBLQ9GZZ	423
A3DJZHSAW4ANH0	498
A2PN3GY7I3EKC1	107
A2158NV89I72OP	890
AAGD3GA9ZVPLQ	236
A2744KNJHWVXMZ	1226
A31RULW0KNYJ5H	293
A3QTFLU2ZWH7WS	556
A1SFZ6FGGM3D2U	925
A27GPJSZDRQ1ZW	698
A36378CQKPA2G	1181
A3QO0ZJPSDMDW3	1200
A2W03JTG0K5OKF	511
A2G12DY50U700V	21
AUOGMXLRRLVE1	1110
A3IDC5FP52KJWJ	1050
A24VMSBJAWFRCP	385
A30J7WQV0ZNRXG	875
A6LFRQ7HMWS1G	945
A34EGGJLO553D8	624
ALLRHBAXXI5BL	772
ATVYABSTW0LIE	627
A1N4PW6FTMBUSQ	347
AKLDKUON6YY0X	149
A3JXFUXN03IUT5	932
A2A039TZMZHH9Y	5
A78J38NU18DDZ	466
A1BTNPMESS99PL	238
A31997Q9ABEIE9	744
A2PD27UKAD3Q00	15
AZMHABTPXVLG3	904
A2CZIZD0RZ566T	1284
A1WJBJUQ24G8BU	1322
A330W6L217G0U6	920
A2V9R0KCU8X6EH	482
A1QN075G0OKBWJ	1082
A2QDVOUXE4PYIM	151
A1ESUYMIG3TZT0	190
A26RLGZUUENC6E	375
A3TN5X62JAXGFB	1099
APVLFUAI3IDF7	1018
A395RVQDH28EK9	691
A2E4JXFRLSUX53	999
A2Y2U697SS98E1	1299
A27UAE2PME5TRV	245
A109JTUZXO61UY	216
A2SHWIOE8TVWJ2	630
A2IPU94WKACV06	710
AX11NOUMV8G95	1057
A2IN5BKM9IQT6Z	229
A1KF61HK8BM4D2	1380
A3ZBLSAPZB9LE	543
A2GVH4P25TXN8M	563
A2T372SGRFAWYP	432
A3KCR3MWWKM7C1	1112
A1O3P80RRDUV5P	592
A3USVXMH3QNRLG	709
A2Z3IXZ17E88J4	1412
ACP8IZY0RS49F	1142
A3GA66OGQOI3EZ	1310
A3HEV9M5RNFB3V	346
A21DER2RMJIDX7	923
A2SFO875EQ66AB	394
A2IDOKLAT1MP8X	343
A2HHVYBD6H9728	781
A3IRXJOT9PY6SE	695
A2VWNZNFV8QCP0	1192
ALA9EIJ7G1SCF	832
A3AAUG2Z6BD186	1130
A3MYWHYZ30WLQJ	68
AZ9KESC05F6RI	1318
A30VX06O5GPY13	723
AKHWZ3S1UVZAO	57
A1M957IA3QNX7X	134
AFLRU6952DEFX	94
A2CKMJU4WD3XDE	506
ANQRGI79HHJPQ	798
A3FUKVX3B48315	918
A2IMZNPSJGB2HQ	1233
A2SNKWR5D203ZX	960
A2AH7HRHDTQENH	820
A1QDSJZQWJZOL1	1010
AF1I90O6U8VCQ	610
A9RAHOMYAQB51	645
AQK01UMFP9MND	1083
A3OZC468867FW8	121
A2MFJ6C67AL015	1422
ANZGC4YCEQC6W	968
A2G2DXPFZKG48W	457
A2P83FWHR36WN1	530
AASCUHX7YUC6M	746
A23NSKTMSPPBTR	547
A3MRBUCGH66JTY	308
AEG2MOBNK5KCA	126
AC2S76UKUPIL4	1238
A2IBPI20UZIR0U	0
A1MH0P8PE6AT4P	246
A12P4A1OC41KUO	1315
A2YWZRHDA9KDS4	981
A27EWIL4YBWTA0	1425
A22LLQ00V32YZJ	124
AXP9CF1UTFRSU	27
A1MVH1WLYDHZ49	102
A3CSSZ6U5J4YS5	203
A3CR1EV98GQ87X	212
A2WYF4POBUXL2O	99
AR6CAR106LX2Y	521
A35HTG0YUEKFGM	888
A1N46MR82AUE4T	885
A1JNV4K56GG94R	378
A31BL556QXBJBZ	802
AWV58YYFEAUL0	922
AGYH5U11ZKPFB	205
A2PX3NR1IVTXPG	943
A3DDG0WH5SBF34	362
AVOKN4NDZCN78	1115
A3MTR7P9PYAALX	532
A1YA2BPU7CVNJD	233
A2KJY8BRDP8RZP	692
A2JK2ITE138P7Z	53
A2BRKLV7FQ1HVS	1149
A3CVZRPQH1PFQ5	1206
A3394J1F9CN9W5	518
A2ZGEV4CTSCTIZ	311
ATLCEY1YIP1DG	644
AS421KUEDNJ5V	703
A1RPGT25Q5QSKU	1065
AXJ19189TLBLJ	451
A19SEZVIVAMGVZ	1199
A1D086N00QVF8Z	1321
A8E9VWP5EQH6B	1331
AUH2DKYUU7KC9	1173
A2Q6KC2KU2T0OL	984
AQJXACOTDMH03	1376
A3LNNEYLGGCO25	58
A2FIYXK97CTS6D	789
A3IKOEE8Z3T6BH	329
A3EYCAYIIBDXUF	1404
A14B2YH83ZXMPP	1248
A2F300193C5XH9	1045
AKP6IWJ24C1A5	1327
A1J9HY0AG5676	1236
A263G5WS7JFRY1	1403
AENULRBQ2IE5I	913
A4S2GMZIQKEHY	1207
AMACM7BGUQCZD	59
A1C0O09LOLVI39	13
AXXGP6UT41KAS	321
A00625243BI8W1SSZNLMD	1152
A1A15ECLHM9BQY	75
A5SRLPK9A3LG	994
A13798OPDBLDCO	540
A3TOCY3MSC878	515
A3BZ9EP6SSC9MU	257
AKSFZ4G1AXYFC	16
A3IZF3M92E7SI2	198
A28L530VL9GK5K	631
A1LCG14GZJI5LO	962
A2TSUJLFHB61W3	1094
A19AXCVXAM7NM2	961
A3FMD34MRUJJ3I	1133
A37KJ0QD8HYF7A	1087
A18VM3LYCTBV3E	1397
A1OZ7F08MNF320	632
A3DJUUPM321IFI	1283
A3CUQ8L2S9ZW0H	1391
A34BZPTKSY68PB	819
A3J1EO6778PPTH	1418
A9VAK8UG2G5W7	1360
A1IQKXGJSKTAHP	442
A3QSZ2SE3HUSXM	548
A1GOLQ90G6MHK6	444
A2INSN8Z69R0FK	188
A3W5BERPNVRXR6	1209
A1YOLMONF9LIVJ	1282
AUQ38SIELJDPU	1300
A1WSJ7PT9GTD6B	1165
A1IL0PS2XJB4NS	446
A2VSNUK7YLRKRE	953
A1ZQVN0F0FURHH	966
A2UX9BF36MYEXK	717
A118PM0B1PGWDA	437
AI3UHRU7ZBXFL	1074
A2LJ6YNOZU6ND	1122
A3IICSS30MRX9M	169
A2FN5DGPDO01W	686
ASWMQ58EJL0RF	1369
A3MJARDJ31M698	374
A341MNU9GWBWKS	753
A3L51MT8QKSULJ	1068
ANU2BFZ9STYXU	857
APB6VJX5CNR5C	341
A1EMTRDX5PBNCP	811
A2AM4SM8ZA1D9W	1118
A35M5X7LV6QLFT	739
A1VFUMY02HJIFY	650
A3NRNJN4GAQ2V6	1006
A3R8XCQYDNQIAA	878
A3NKSY3I0UW3KK	254
A1YYGXVZA97XFO	939
A245MWTMXYXXHY	1089
A1WNM3PI4QSUCB	1344
A206T0W1VE8K1Q	359
A2HWUC980HM1NP	448
AIRZAEK6LLYQ	1306
A3ARSPDQYDZVNS	323
AOZBVGFIUY44X	1271
A2ZYE710E5YYCW	1365
A5JP93NSIK41I	1311
AD4QZUGLI9OSK	955
A2Z548GT5948WH	513
A34VZEFXQJJ7AT	55
A195TE92PMQTJ5	1166
A1ZYV05OSO4QZK	585
AMU3EIC4EOPX4	298
A256QA9N8ZK520	897
A37AQI4AU3JWSR	176
A2605LYSN10W9	204
A1XXS0OSY2JLHW	186
A1FO10Z93GKN33	963
A1A9DIM802STMK	643
A2D0F8W7FDBBS6	483
A2C7BOQVFH1HLE	228
A3GAP455S8YH0M	63
ANADY67KNW4Z	937
A2QEH1K92PBWMQ	1172
A1YBZOWO2RBIUZ	577
A1FJBWP2R3NSH4	1416
AWKVQQZKTRFAL	898
A2P8WJLFW9NDYN	1183
A1DZDG9AT98298	1309
A34QHL6I85K3V5	560
A10B2J2IRQXBWA	1387
A2FAF1J19NO0ID	1253
A2MHK6C40Z54TB	1232
A13T4T3QOSII3I	829
A1SCWHXAB2ZK7N	218
A3EH9SDPD1FGEA	970
A1DYBNOP47KAE1	741
A3QAILPOPQI3TC	743
ASNGOBUI6WHNV	894
AXXYMIJBD0J9G	535
A2Y4PRG2HHOL3G	965
A27WU4E7J23ZS7	648
A3VPISTBNS66C5	66
A2QJQ3HSJB4NS	101
A1E5FQZTUM8OC1	67
A2FGSRTR4XFHMC	243
A3A3ZCWP7Z4V4K	892
A27PF2GVKMJSAA	672
ATB2PLCVQ2XC9	1157
A17A1KTVI3DG6U	208
A2JQWSA0GPVSQN	564
A2RCCN4KEXZGC8	62
A2SPZP1PYXBR28	944
A32ZC1AIF9B85	583
A26U7I13QO5E0C	1367
AOFLZO8T1IF3B	1378
A3KZ3Y88P6CAMA	1039
A1YTMYDNMTQXLE	1395
A2CMX45JPSCTUJ	333
A34QGH6PW5UPA2	601
A3SJ2NETSL6D5R	1188
ADOSJR623FDF1	761
A298INOY52JEH8	1255
AITXZ1QOILJ5Z	426
AJCAVTHZFM0J3	1041
A33IMLYIVBG5Z4	1420
A2K5JT08E0WTWR	1163
A29GXZXORG2DS0	578
A8OBY4EP2OCDZ	1100
A3FSC2BQQHFXWT	1375
A2B5LSF5V85SZA	557
A1K5IL77GZEVKQ	1002
A2U7DXDNYBBLQJ	982
A1BH17V8BKLES	224
A214MI77WXVK9Q	502
AOEZK60W1DUQZ	1377
A1W3CEEQBJ4GTN	95
A1UMOYYM8HB2A1	316
A3KBFCPNQ58YK4	315
A34IJACMU8C3IM	98
A2H5GRB3XXEBX0	142
ARAK8OPNIFLHR	463
A2EWLWNMF65J5X	163
A1H4WSC8JWS59N	47
AMNTZU1YQN1TH	9
A32E8LG6I4W2AI	178
A17VW66OGW0ZKA	614
AVP5CCREISHVX	1336
A3GSQE0LXPG9YF	251
A3MONHA5DCPPLZ	1239
A3RI2C0RY4DHK	1386
A164BJ2NU1NSJZ	714
A3VVKC910FN4EK	168
A3KOWHTH4J4ZIK	1004
A3EA7KGYC8LB0	1244
A1LHKVHP38M046	933
A1BZHWOFQ9W3BP	1362
AOHR2Q90UXF23	531
A3200TEQBFSDRX	128
A8DCZN408QYKC	1193
A1DUPFUG526MVF	537
A202CZ4PJH83G4	598
A3QNHDUBMA6WQM	656
A3VG7F7SZUK87S	1071
A3UZITVEOSRRHD	882
A2S8G6OVAK19EX	1046
A1KMDDMQEXV0HJ	1251
A3APKXMNJAEDQM	380
A3SMT15X2QVUR8	907
AFBETARDFURG	921
A3K96R872MUM3D	290
A1SMCTGDM2LK7X	998
A3237FOR4LVBZO	1204
A38DCVO9SZHW68	1252
A3E6FHS8DV037H	192
A2T305UHZJ21L1	589
ANVQ2KPZUNR4R	1224
A1ZXTQA6K1YOJ0	1301
A3D0PD45BHLXFX	237
AQOQUWM58SGFR	670
ADRAB7F3AI7OL	766
A2VGVG7IFBRSML	1218
A2HIRKOAFQQLBE	1145
AXWEQHTXQWR7Q	603
A3HLW3G0TA8GX1	129
A14V6CXN8ZWZOS	1195
AMP0Z3DR4RCH7	486
A1RGF9CS1V8O14	721
A2PP4G3DLGDD4T	1139
ALEFGB3G2BYG8	1385
A2JN6080LXS12H	162
A24IO6G3W158E4	623
AFGRMORWY2QNX	609
A3L0BF1DJ22V9R	1042
A2M8T1A4O0GS72	808
A3322FTE1MQQGM	719
A2U7ZM8TAJUFPQ	587
A24JUT24W1K3CV	396
A1HSW0NIX8VQ07	735
AO68X66YOJGQI	1390
ALHC64J88LVWO	136
A3VIIH9ZNJ823H	327
A1ZGNCN1VRUO1H	1319
A26SN2CVQM4FKM	220
A2JRFV125VJ71R	1104
A372X4QU0YYLSM	931
A1S8R9OAIQT7YI	76
A17IU5NX3UC84G	1235
A2AWJRUEY9IG4B	845
AF7AQHLX1UV1Z	1393
A1RPTVW5VEOSI	711
A16UCWYG4924HH	728
A3LBEIXA1JL28I	1289
AYQCAPXJ81XTN	504
AQT4V74P38PPU	493
A37A41GWQFMK3D	52
A2Z89YMZZJWBHS	209
A33F2WVDF74EA7	713
A3KNGMX2RVQG91	1355
A14BICJ93WO926	752
ABKNRVFFLEA3M	985
A6M441DQ7HL09	1201
A2OTSI6BXB4CT3	1051
ACVSCM9GWLNLS	452
A2LSR40ZH18TPH	171
A14HVB7CVCYTIY	952
A5MC7LP0ZBO4Q	658
A3O9JAQME0YOB0	480
A1VAUZRF5PUSOZ	416
A1JNNQAUI5FZV	722
A136IQFGB01KQB	910
AWBZIK5JYWB5J	1413
A6LHCT7P53RSA	534
A1FCX548TD6DLP	108
A1CD7IUM2JRPY1	353
A39JMLMY96E8CP	474
A3RDS0DJ5EJGA7	459
ALVPGO19QI1SC	549
A1HPC4BDRLR60	408
A1L3H6SSKSRNGV	696
ALVO1A5UB8DG0	842
A2QPZKGUDE7RJ4	860
ACFBLRCKLPR00	1379
A1LU9607CVAMIF	301
A1OGTL9EBDTK3N	681
A3AOPVQ7EZHTWA	708
A1EW1P6BB16GP6	572
AONGA3BHTK0EG	524
A2T8JRVJRVNX8R	1091
A3N27L13CWJ9HY	899
A1JTDD2GQ66AOO	1419
A2YQTEPCGZ5N7J	410
A1T4HGVX32QIYC	286
AT01FH4U3GP0O	731
A1IB42LRNA9QLW	382
A37WW789WSY81F	1027
AD175S3OJX0DG	619
A13A81NN0NRD1S	45
A1WSFFFG0SL1XJ	996
A1S0NIJ5PDREYV	1304
AYQ46BHSK99YV	1247
AM9EL9YBP070A	780
A2BHAEL2Q4HR4A	1060
A1BI6SL4H95QI2	1168
A2J4GBHSDLP4DF	400
A2S3DQ0BL6KSM1	1388
A2Y8JW5NSY95OL	111
A2SH4497XM1HET	150
A3RFWANBUVX4RA	586
AKYDGCKCY7H9F	84
A3SS4Y0BDSPDB0	704
A2KWOC600DMC0W	1359
A1MU6PI3YDK8H0	1178
A1UKMEC156SHOD	666
A6KYDNP84GGGJ	883
A26E1V45R24QVC	239
A1C92SAQFUBJSZ	770
A10FM4ILBIMJJ7	836
AOMEH9W6LHC4S	992
AJUXP5GEE2VRP	1357
A18RGYRCEN181M	88
A3K6M4WXNTYQEM	509
A2SREOQJ9OEDLE	850
A39KDVU5JAXJIF	552
A24QFMD1RXLJMB	1394
A2MMH4O7EDNLCV	305
A3VDSGNIS92OVZ	879
A27KQGXAU8Z7OT	815
A3A7Y3TSPPZU9T	1428
AJGIN15VFGXBG	1208
A2RIXSMGE9VIBG	1342
A14FNPHPBHTMO4	685
A13NZBZQ7ZZG5O	402
A35NAFXV5GHZ92	687
AHMEG9CAAT2KF	389
A3872Y2XH0YDX1	44
A310MXGFV4RIK0	487
AEN6KDJ3AJDK6	135
A2D9QW4TY8CFB0	249
A3KKTTJACRWL16	326
A1EMD22HC94SI1	613
A9CQXTVLHQBMA	729
AAHV0LYDMZGY8	1382
A1WD8RFNIGRPDH	824
A2KXINV90T91L8	796
A1BS6JMSKOYWC9	946
AEUG4DYQZJ64Z	267
AWYE428W5MRQN	1150
A2N4QZ92NBKJZZ	165
A2RNPVQP4EPGRZ	1047
A396ELNTQDFYPO	36
A2YGWCX3DQ6ER0	91
A2MIP3AQVSF2SS	443
A1786LAQ18LHDC	244
A2E3Q52SJS00K2	1167
A2IC4MEKF2Y6IF	813
A2MR43RDPZX3J	167
A2F26OVBDC7WWA	418
A355HGZDEPHHC5	1092
A1MTN9XWJSA5PI	514
A1TYYT15KT9TDQ	1009
A1QRF5KISDOKPA	1211
ABJG6JTYTX9M0	1015
AN5QXK8A9F8LH	736
A2CPP7BZKOF9TP	195
A1C60KQ8VJZBS5	372
AZPDO6FLSMLFP	1086
A2IFKMKKXV8AVU	1144
AB7WPLA1CN5I1	1058
A2B1KICX3RPRX3	499
A2M93TVNC93C3P	1038
A4XWMOFB1HY04	573
A35JPJHGOSPZX9	639
A39TYRIZLTCK9P	386
A2WDY3XDWDFNYG	1116
A2XF1IANVPK7F	230
A20HEID734XSTW	948
A1R019TURAPFDS	675
A34G1GTMQGEDUN	269
A2RS66Y79Q8X0W	97
A1F5HMIDLSR3EF	969
A1UMN04FQ6H32D	677
A2F1O3IYPFAY6M	638
A3R6V43G6HAJ0Y	790
A3G21YYF2EXCS8	859
AJ3MI4QT7339J	122
A26HM2R5529NYY	206
A2GC5JELY3N07V	405
A14FMSW73W220M	1134
A2RCAS1WJ5Z8VI	1325
A1CNDQC2IXGEPN	222
A3N7Y9QXT9LS9C	1219
A2074KEJGRYJV4	33
A35YS5ND3K5FN	1399
A1RHGZOBDC3WQF	153
AMTQJ1ZZ58BO4	1373
A2W3CLAYZLDPTV	23
A36PFVYT15GZC2	738
A3BEKIXEMSZ9PL	884
A6OLPMJ9HH4IP	1076
AMY8AUDIBXHCI	517
A27V6PS7Y83OIV	1164
AH4HBHRM707WA	430
A1VQHH85U7PX0	248
A2CA4YBYSETM02	576
A3QEWM5EWFPTE9	1177
A15BHBF0L0HV1F	79
A1GXJW4152V4LJ	938
A158NXQZK3SZ9N	505
A3VPJNX40SBP1M	725
A1AFN4T80DZ3RR	80
A151EUL2C4GJNE	1022
A32264FNDHOH3Q	403
A13TQHVN7WBUPD	902
A8MQNZK3J0UEX	383
A1XEX009ZR6WXG	1265
A1J7PW0AEAEDP4	1408
AANXFXLHZPBQU	558
A1K3NQAO49LXL2	1264
A1YIGDWVHNNTMU	599
A3QK723XT3MJXZ	783
A3SH7VETIJJ7LA	1263
A3NK6WKA7GKRZS	959
A1V3N0LF1QGG0X	1194
A2DKLC2FJTY9OI	174
AW97HQETLQ25Y	335
A2XVE2J5WGCSGX	334
A1B9TIERY43Q8H	415
A2VH0UT5EQFB6P	70
AA8SWH4Y5SN8H	1354
A3J1M5WTA3ST77	1266
AKDQ6O42VUK1U	476
A36P367G4ZH6Z0	1203
A2WYAHJGST6AOT	71
A2ZGBCQPF5Q17N	1066
A1L7M2JXN4EZCR	51
AXMXE3RT660HQ	538
AGKM79EXVZHPL	804
A2ICKZFBMHCMUK	1276
A2E9IR4TGNXY6L	905
AXMYGK3WC8BPP	1189
A1HJ1H7EIPFBRK	1037
A2E2KYE92LF0T7	1056
A26JHKA8SNXV6P	140
A205483DF7XVDE	348
AT9G9PT2K0PLB	520
A3J7KKG9O7KAZM	1128
A278CZM7C2OO8A	306
A380AI4SNSJTTY	568
A1NRNLEASOU773	579
A1AA7FK3DPDDL6	688
A1U3T27RHRIDYN	809
A2BZQNBV8UDZ2C	1096
A10NJEIG56RHN5	393
A17SLR18TUMULM	14
A6D91KPQGIDKZ	61
A178O10M2U0XDC	1036
A1N82BBPB5816P	810
ASG42G9QTBUX1	750
A52REIMRM97HV	1080
A3UQS40N3PW18L	255
A29J3SX31FB2HN	1279
A2D8OM8XL872DO	1341
A5JC41VQDJVU0	689
A1EFMEZJESPF76	600
A2Y7BSQG9V3LNG	876
AVF06892OWGJU	1210
AQQ91U1U4YKDF	40
A21GCOGHDQNHQS	868
A3CG1XH8G9AFSK	1143
A1Q3YZOVFXRKDZ	441
ASSWUAOO49Z8Q	1269
A9KOC3PXLXYSB	1285
A20OBCQWBKCGZT	637
ABBE2DL4IFLM5	785
A1R1F7IOPSLMD	821
A3G6KKDMMFQQ5K	973
A91PW87FR65XH	669
A1URXSRV6WDHVY	942
AA169UZEJYAV1	546
AN73VQ17FZVJ8	73
AOY459LVUBKLO	881
A3D38B289R1U21	1345
A2NOZB6VZCTOI4	495
A32BCTL0HLOXRV	660
A2T2SAJS88MYU4	776
A2SBZZ1HSR7WSP	718
A1JCRZEQACX4V4	1063
A3KX8SVSUCSHKU	1217
A1MAQQXJZTMSKT	699
ARE879SUUYGVP	1389
A2EW01G2LNJN06	1287
A73CB1NVPYDZ5	357
AQG6AQXC703WD	90
AG8FGAIPRBKIR	427
A2PBMCBT1R8TTL	995
A13NWJUMVNS6YZ	793
A1ZD690RCXOSB	988
A3I23DPVLDXAB2	1392
A39ZK4KYML9463	740
A3G6HCQFH5DE28	553
A109ME7C09HM2M	874
A29B4PAIOL7HYG	1108
A17CU1D2CWXOHB	37
A768OB1LNE356	429
AZMIKIG4BB6BZ	1064
A26M5O53PHZTKN	322
AWQQ1QHCECDJ3	748
A1TSW5IJ1LU0RP	287
A1K2VGY3VJ6XI0	828
A3LOJ2QHXITCF7	887
A1LJXZC1RFW07C	980
A9AETC0WEPZAM	1423
A2Z3FDWL7DQD76	849
A15TYOEWBQYF0X	302
A3BTH66WVCQAM9	320
A21V6HGU6SU4JG	582
A26GUM1C5M1E51	1221
A2O8BAXJPDSV0M	1267
ABEQJOG7TS8GT	492
A37KK1CLMULHE4	488
A306NASGVUDFKF	1069
A12DQZKRKTNF5E	1234
A2FCEH4VOA71GU	927
A27AD1FFGBVFY0	712
A3V2GMLAKW4X4Y	1007
A9P4Q7KX35RS2	851
AL8K7SWTLZ12X	1308
A10E3QH2FQUBLF	1132
A3NHUK1ISMZCFZ	673
A3AZ44SMA0QNW7	1025
A2G3VQU2GRN8BU	900
A16Z3HTUIYPDH8	250
A3HEPYV00SNCQA	840
A3HKX5UIDJ403N	974
A3E7O9NSS47TE8	379
A3DIN9E5QQZ6VT	300
A2XB18IXOKUV82	503
A35QR07ZW63T65	1225
A2PDPIVN721PZ7	259
A35CRCL7WVUCYG	1138
A3ITN3125FJETP	529
A1AUDW7X02EEPJ	325
A30GZDBGNP2366	803
A200D8BOPMR35S	1093
A2E5YEDFENFZYC	1281
A2N7F3MVCTAOYP	481
A35Z3TBNCQU3VY	1294
A1W228ES4U9GDQ	667
A2UGCWC46V7PPG	1328
A3QPN05Y1OUX32	657
A14UXBBB68V9R0	1179
AQZ7HGW2FF4ED	191
A3DLRCC45S85QN	1016
A223S6N0DBQBHP	157
A146H4KN4LFR60	983
A1VEGHXI0Q61XA	1123
A1CL807EOUPVP1	19
A3FA334BIFOMRD	679
A3MDQTWO6NOV1U	303
AEWYUPCNDV7HY	618
AAON97IT5IHP2	956
A3DCG2MNPR4BW	81
AEHDGUE3L90ZS	697
A3GSBNVP2LPFRB	132
A37U8NH2CD9EDX	133
A18DTTRCYR8TD7	1052
A2FC9LNES7BVOJ	924
A3D42ZX96FA6EW	373
AJZWAEYCF43WH	1313
A1IDPIC36H49JX	264
A3AOB0VF6H0IF4	181
A3923UGIPX0QQM	987
AIAH54R6EL4V8	1384
A1S0HTDO0P4N5V	38
A3OXHLG6DIBRW8	48
A1B3CNORXB1USI	1254
A2Z84UZPX7064Q	489
A1NNBJRXPIDA12	649
A10VG94SAKVSC0	1337
A3BH9XC0BVO1AG	253
A1BD73IAW04XMZ	584
ABRA676PKBNXG	684
A1FHOW9NVOH8XR	69
A2RIQKV4OOXME1	307
A1VOONTYYM0SDA	847
A14XXL4GMWSI47	767
AYTKUTAP0VA53	1250
A11INIL2YFJ137	406
A3SDJ70H00OQCJ	866
A3USVJXZXK7XRI	278
A8L6Z9U1TCP06	541
A1LZ7QGWHBHWOD	668
A2MAGKKVHUF21F	683
A1T4U9CAQ25IBR	1170
A1IT51TW0UI2LM	562
A2NIT6BKW11XJQ	12
A3DOXGBWDJ1MU0	646
A1T9A8YD2FU9UF	1019
A3HMFQWM9Q21SD	1023
A1RI71C4IQZZGF	1396
AVDW3OAVWWE05	296
A3G4YMDOTVWP5V	1417
A2SKZZZBV1XYWP	595
A2AC3WEXSIOQQ7	1227
A1EVEQAR05SY7L	512
A2B58VXLLOFQKR	342
A1T3PBZ7DVBC26	569
A2OPSPL8LSSJPC	1270
A1A45K51O5W6WS	1141
A3J7IC7M8ZSXNU	1237
A1N06X05VZWO5Y	64
A2XKZS6UXZWK9M	477
A2FFJCRIYMCVCZ	1351
A31B0LYT2C92SN	449
A5O3ZBCOLILKQ	607
ACWJDL1ZYX8RE	707
A1ROUMJOGO4QMB	1090
A1MH7LD4Y203Q5	1119
A10N243R7A5ZW3	664
ABC68JUCPTVOE	42
A1RXH9W4TZB2EF	732
A46D3MTB5LIUY	575
A1NN5S1D0ZTK6W	926
A1LI9W7A0CYOHV	265
A3PB1FI3R9V7PY	508
AXU9VX024GPSS	830
AZE83O4F1IJPR	281
A204ETWOV23HO4	104
A3ABAA36CZVYNX	1317
A35XRT4BW4I6UD	83
A24VCDADYAIHAM	805
ACY9QYNDFLVBI	1401
A3MMISYL1GBXH4	412
A3IY9JZZ36OQSV	1073
A2BK5M8IYNF7CV	331
A3CNFMV0IISC3C	358
ARID6HRKRWGFW	200
A3EU3ET85O8ZFX	199
A5I7XOLQRH9YE	676
A394SBIRC4A8S9	997
A1WHGNU87BGJ2S	1102
A1UMM894XSEO4F	478
AGW1JFTQNX7SZ	653
A1IJUUNPU7L6LA	411
A1UI4WTBYHYUGD	682
A3NI8JZCL7BZMC	665
A386KVFXZR6XL8	936
A3ARPUKCI6R91Y	1361
A39RL01WOC0Q0Q	1003
A1QE7VZE507TO7	274
A32VFJX0MAGKIQ	794
A2RCV60MNI5VTV	909
A2KI91IR3RA7D0	173
A1ARFA1NCN34UV	210
A19J3XY4IO2OYC	1374
A1VHYBN1NV73LZ	1415
A3UD50M7M72150	86
A2BB6IKKR4G40J	914
A1LQC225SE8UNI	30
A36C867ZDP30NQ	471
A2CJVLER896Q7L	726
A362IZKSMV6MA8	467
A25K93BZ8GX9ZC	1400
A3621QMU492VV4	1079
AJGD0VSCUJUP5	387
A2MPM6M93OXIJT	640
A126XEMCLHPBNZ	915
A2P924QJ8N0QO0	733
AFS3FQR5JSDVJ	680
AMGUVF20JAOG8	413
A1GXG8FTXEA72D	826
A14Z9LAETO21KL	32
A3W2EOWTZVIGC9	1085
A195EZSQDW3E21	2
A1P42OZ1MCNAHE	642
A2206923NH9ZDI	1147
A2PTJ004ZPRVHX	941
A19Q4B515ENF9C	500
A19JA9J3BFBKNO	148
A1K8E597YAFQQG	164
A2TZAS3A5WIUJQ	779
A2E2CJWPL1YMAR	262
A1K582XYLTKUCD	490
APEJ8EJCC8PQ8	361
A3M9FH2OZKYF4D	754
A3EUD541ZM0R0R	147
A2895CKKVDHVDM	827
A3RPTP7XINQSKI	616
A13IKQCJKFAP5S	1109
A20JJ8634DG3FS	1101
A1MY8258SXRZ8M	588
AOGJD9K1UN63X	651
A2BJZRLR99YW75	567
APXEAZI8E8GES	1330
AEKID8YBJSV8K	1368
A29PEU8AQGFQ9X	934
A3IELJ39K3QL7	398
A3TJMZ2YFNECYN	166
A22SZV0N4O2FQM	273
A2P5U53IUTDUE6	421
A2U4KTDIVI8KMR	1049
A7TRK2GG6BHWD	34
A10ZSXTQA264C7	706
AZ0LJNEP2VRD1	351
A3NMQFWLXPP8EV	596
A1ZRXGT8QJXGET	1320
A3EIML9QZO5NZZ	266
AD5G39PJUJVJ	469
A2X3UAK5HLALMJ	1307
AUUI1FKERRMV2	352
A303039F43KD4E	663
AE9C0UNXBV8CB	693
AFFH3F0W6N3MY	1084
A6VXZ1EEPRTLV	622
AJBBU53A0X84I	344
A1YP96MT6W9FTB	428
A3ARMRKIJUQ6LS	1156
A2DG65AWX5RJ4J	792
A3GLD5QF1HMGO0	447
A6GXP9ESXIH7O	846
A1V7G6OGGW7AGA	368
A2FZ4Z0UFA1OR8	26
A1FI4UL6C50NZJ	156
A3H4S6YO9VNGDZ	786
A2U1Z3TZ4P76JB	50
A1VW19Y79DC0GF	1409
A28P7V9KI7MXP	139
A12N7TJQR2RB9W	194
A1JJ61UV88EAP5	930
A20SQURQ3G1BGY	1326
AAPQB8YDQ3RRE	1407
A18X6ZT4AEYVKB	170
A7IBOCJ0K4V8C	869
AK7X7IXX7WYNJ	580
A2U67NUNCRHVO7	853
A3R8TPM1N7HFS4	461
A23BIOQUMRC7K5	120
AKALIDNS3NMZ7	863
A3JEEPYPEM9V81	364
AF331KJH45RIH	591
AW6A4PPENVZY3	187
AHQTXJQX2584I	871
A33PUQETQAM8XT	1127
A25QPZOMZTFFV8	1021
A3AGHEETVTCBQI	1182
A19J1LI2AQ2JB8	1411
A2B78RXJ2PB6ZD	87
A8ANJNZAZQ6IQ	367
A1YURS42Z635HR	1343
A7WNXHL0QNHY7	720
AQES9A9BCJ7CV	240
AHUCLL02HS7M5	784
A23033Q9WZBG4V	407
A3157YGT1NASJ7	633
AXX6BZDD8K4JL	211
A3TRV1IG0M1PHK	1353
AWIG50VOI5VUV	365
A2AAS19L5VE69J	313
A307Y5ACUY4RN6	751
AO7WPPUO75BBK	1124
A85AE6BNHXAXR	837
A3PGVJF37JSHFO	1153
A2VCXIAWCPQ13P	283
A2C46HQIZLYJUC	671
A3347V0SDFHQBA	1246
A18MMME07XZLYO	319
AZVME8JMPD3F4	912
A3CMXRFIWQCBKQ	312
A3H4PZB9PGMWAA	1077
A15RCM1I2ATTXJ	755
ASYHYW0USZVN6	1240
A3IURSDK689G7M	816
A346EQ2V4W531N	440
A2BGK8HGC28AJI	1302
A2C6Z7M3RMUG45	1129
ADETB8KEATML7	1198
A1SJ32WZWVEI61	1175
A1K45HFFFDNP1A	193
A1HW9DAJBYXGDV	450
A1K323WRUBGWC9	207
ACXJSNO821XUG	1136
A3UJUX6RZ9WVCB	1048
AJOK2CO9LSF37	439
A3775OP5VTX5ON	391
A28X8QQ97HM6CX	1202
A2VDGYUTGIOL86	765
A3G6P4SJ8SYH9F	1186
A3SQ2WX9CAJCKZ	1363
A1H4EBBOM66MQ0	384
A3DGMJN91IUKGU	197
A35P0LNBJ0WUPL	867
A1C92KYEEU1T0G	161
AJO5UGNMFVDJN	940
A3MLQDXQPVNB2O	1242
A2D0F87RY5YMHN	280
A1QAT2Y011KWFX	1259
A2101DHHDMZ93X	1072
A18X90KMZ6KZ3H	1137
ACWH4WJMC5UFN	967
AXWI0P2EGDEQT	219
ACUGOV6HBWDXB	485
A1EWYZI4ZHU9XZ	908
AYJJDQQ4EZ5V3	1176
A20EZ7E8WUH2GZ	155
A2X2GEABQXRX7P	422
A3ADSZR7QAQ5U	271
A2BT968XSRPP0K	625
A3RBEESTJUZQ6D	1098
A3SGZO3N7MXKPV	787
A3W2KQ6CLTQ0ZD	635
A2F2L5F9OWWVY6	118
A3W2VF6D09B2RN	1274
A11E4FWMN9BXJD	473
AMVC9WTXYKNJ1	615
AG3PVU7DCXZTK	634
A1S7QABO64Z554	223
A1BW6F3GAM38XV	1214
A25ZBYVW8ZINLM	314
AQDHNCD25PFE6	270
A1HTV2563HTSQV	858
AX69H7INJKE76	1111
ALAY8GVFBUQ9L	324
A3DPGV307X2498	1291
A1THTWOPC9UOS4	1398
A1NMFQP9ZR23AH	1171
A3K24MXK7GFY8	727
A14CQY582WMP7O	928
A2LBHMQ3142G3S	125
A28FADP9FITQVK	395
A3S737ZGWE1GKY	354
A39PQ7QR2JFXLV	536
A1WJVU9KICHFI	1180
A1TJ393OFP21I8	749
A2AJKYCZ1WC4UP	872
A3VINMY1DIEHL7	917
A2STXHBNXM1B0Z	1245
A1YR3RVSBZK8CW	1017
A6FIAB28IS79	154
A1ZYSJS573OQ5P	1370
AEMC16IPBZORW	241
A18LZ6VHS4DK69	89
A2F92AOWTIUIB	350
A356YVTEMDX69J	629
A14VAT5EAX3D9S	1
A2J4UAF6RW13WK	235
A1O7G2PW6LGL0G	799
A3N93PUHEMQU34	1356
A1M3XD9UV3PD3I	381
A342XAA3YXGKT9	1113
A1MI9FDCNB3CMR	175
A3E0CF25A7LD2	22
A2G9UCBLL9YLET	571
A5ZS85C5V40S8	213
A2RVY2GDMZHH4	215
A3M4FU3WQWJHMP	268
A21WZ0YAMX0NLE	261
A3M05N9UWHIXUI	138
A2VRAT69JDAD3W	1067
A2VXKVJV7KIGMD	363
A34LQ791ACZ0JC	159
AXP7888CP2222	284
A38UFP5UJLYLMC	854
A3QR1W7AD80ZQ0	497
A30HTJ530SMRB7	971
AH0XON4XDOF2C	276
