B0002DV7U2	91
B00EPWAQS0	890
B003OG9NH8	699
B001G3TJXO	544
B0002E38AS	126
B0002E38B2	127
B002T45X1G	642
B00923G9Q0	851
B000K6B4E0	373
B002B8EWVW	608
B008BTTQI4	844
B000EELBQ4	352
B00B5OY8EE	872
B002EWV8IU	615
B0002OP7VQ	235
B000IO8XFM	365
B002CMLPYY	612
B003KJ0ZD0	694
B0002DVBJY	93
B000VTPQWW	468
B0002E1OVS	111
B005VLWHP4	808
B0011WHG5S	498
B001M59AS0	567
B00BU9KCXK	883
B000KIPUQG	378
B0006ZXG00	263
B000MFN8B6	396
B0002F741Q	151
B000T9PE9E	450
B003QTM9O2	702
B0010CAEFS	492
B00B9060X6	873
B0002GZBLU	188
B000LAT0AK	389
B0040ZBI52	716
B00064TZYW	252
B000XPRSTI	484
B00GTSM8FW	894
B0009IEB0I	288
B0002D0LKY	79
B000P5LVSK	413
B005E0CPNG	781
B000MO2QJM	397
B00BKXN9LS	877
B0002KZEAE	216
B003KQY8DQ	695
B000OR88JE	409
B0073XCXHA	820
B000EEK4VM	347
B000OY707S	412
B001RMFSDE	585
B0002GZBO2	190
B0007Y3XGW	275
B0002ZPK0S	248
B0002BACB4	23
B008AOH1O6	842
B004MNTIL8	745
B0002D0LM2	80
B000VJZOLK	466
B000RN53LQ	427
B002PMHAVS	634
B0018TG8HQ	517
B007J49GPK	828
B00191WVF6	521
B0002GZBNS	189
B0002MSQVQ	232
B005VLR6XC	807
B000T9NKEU	449
B0014IEBM0	502
B00BHK2UHI	876
B004FRHKA2	731
B006X0UCKY	817
B005FKF3N4	787
B000NGVQKO	404
B003JJQMD8	692
B000RYE5Y6	439
B0002FOBJY	158
B000EELFTW	354
B000KIPT30	376
B000UJHHLQ	457
B003AYJU5O	673
B001I8ITQA	551
B0010SHU18	497
B006Y2FUW6	819
B0037M4CPM	656
B008LMS4MK	848
B0002GYW4C	184
B0002M72JS	229
B0002H0JZC	201
B0064RFT4A	814
B000CZ0RLK	327
B004U1QDL0	758
B00006LVEU	14
B00HFRXACG	896
B004XNK7AI	762
B0002DURNK	88
B0002H0SKS	205
B0018SJLFS	514
B003CLIPHO	684
B00AHEWBM4	866
B000B6FBA2	304
B0002GOJZO	170
B005FKF3L6	786
B0002F6RSM	149
B000CZ0RLU	328
B000XPPR2S	480
B001UYKGUE	592
B000A6GTDG	296
B000P5OUCE	415
B0037M62JQ	658
B004FPEF84	730
B0019QJW2G	523
B0033P1O6S	649
B0079KQEOK	824
B00352MHGA	652
B00BLQTZDA	881
B003Y3ASW0	713
B0037M62KA	659
B003AYRBWI	678
B000EEHKVY	337
B007BY2F7O	825
B000P5NXWM	414
B005ZV5K0O	810
B0002F73YY	150
B0002KZISM	220
B0002GYYD6	185
B000XPRQIG	483
B0002E3MRW	135
B0002E1J3Q	97
B0037M62M8	660
B004PG1A4A	753
B001J1JRN0	553
B008IYUF96	847
B0002H0KG0	202
B000N4WHYK	400
B0006ZXFWO	261
B0002GWFEQ	174
B0002E528E	139
B000CCMWVG	320
B0002GYYDQ	186
B000RY68PA	438
B002GYWBKU	621
B004N0MKN8	746
B0002E5266	138
B000HVXMNE	364
B0002GXZK4	183
B000UJCTVE	455
B0010GNU9Q	495
B000VZYS66	471
B0002DV7ZM	92
B001L8KE06	561
B005M0TKL8	798
B001HNE622	549
B002RLLD88	641
B0002H0A3S	198
B00A270KYM	864
B0002E3A8S	128
B000CD3QY2	323
B002HJ61PK	623
B000VOBU9U	467
B005GZ86ZA	788
B005CX4GLE	779
B0002D05FU	55
B000EEHN9S	339
B005T800V2	805
B0002PBS68	238
B0002H03YY	196
B0002PBS5Y	237
B001DW6RJC	531
B0002PBS6I	239
B000BUGNNM	311
B000EEJ8IM	340
B0017HZ47Y	510
B003PC2XQE	701
B0002PBS6S	240
B000SZVYLQ	445
B0037MA77E	661
B007Q28BHE	833
B0002DUQ04	87
B003K16N0C	693
B004ISK48S	737
B0009K9MUA	289
B0002E51ZS	137
B0035LCFRW	653
B004FEBS8K	727
B001L8NGJ2	563
B0013PU75Y	500
B003OUX8ZM	700
B000CCIVCA	318
B000RW2DUQ	434
B00E0EXYMS	888
B000BWEM42	313
B0002IHFVM	208
B0025V1REU	600
B001L8PIFW	564
B002IC1D5E	625
B0002GTZR6	172
B0042F1L4S	719
B000EEHMXA	338
B0016ML1C2	506
B005NACC6M	800
B003VYBNLW	709
B0027842S4	604
B0006H92QK	254
B001RNHE30	587
B003YVRGN6	714
B0006IQNCK	255
B000V8GA46	461
B0039HBNMA	667
B003WZ6VVM	711
B000BKY8CU	306
B005PGGU9O	802
B001U5PCFM	590
B0043RZ9QQ	720
B003HGFRO8	691
B002433RXI	598
B000L6GD04	387
B0002II6V0	211
B004GYOZ6G	733
B000WN4J9S	475
B000P5OULA	416
B0007SL86A	271
B000T4PJC6	446
B001EL6I8W	536
B0006ZXFZQ	262
B001REJX1U	584
B005FIFM14	784
B003LZ2IT2	697
B000RXPN02	437
B0040O49OU	715
B0018TIAA4	518
B001GGYF4E	546
B005EHILV4	782
B001LJUVO4	565
B003AYPT8G	677
B005M0MUQK	797
B004VDD4KK	761
B000XPPURU	481
B0002DUS8E	89
B0002E1J5E	98
B000RYPN38	440
B004MM6RWM	744
B0002GJ3E6	161
B0027M30Z6	605
B001MMYVZU	568
B000EELFI8	353
B0002D0CLC	68
B000JRPYGE	371
B007T8KI6M	835
B000Y7Q2C4	490
B000XPO0IU	479
B005H2007E	789
B0002OOMU8	233
B000AAGM0M	298
B0002D0CLM	69
B000SL0NCQ	444
B000T4SI1K	447
B005F3H6Q8	783
B00062GRXQ	250
B001MSS6CS	569
B000EEEYCW	331
B001RNOHHG	588
B000VUNEZM	470
B0002E2EOE	112
B0002E1G5C	94
B0002H0LQO	203
B003VYBD58	708
B004Z8VQ2O	764
B000XXBHA6	486
B001SC4I16	589
B004Z17008	763
B00EQDITGO	891
B0051WAJ5S	769
B0002E3DGC	131
B000A2HDXA	293
B004MF39YS	743
B000CD1R7K	321
B000KIRT6A	380
B0002E37MM	123
B00BLQ7M4E	880
B000CD1R84	322
B0002D02IU	53
B0002GOK08	171
B001EZIEVW	539
B000KITQKM	382
B000KIRT74	381
B0007GGUGA	266
B002R2IUEW	640
B0002CZW0Y	46
B00005ML71	2
B0002D0CL2	67
B00267OCTA	601
B0002D0CKI	66
B0002HLL8G	206
B000AC6DVS	299
B002KDHBRU	627
B001UJEKZ6	591
B005CERXFO	778
B000VBC5CY	462
B0001FTVD6	22
B0002KZDN2	214
B0002M728Y	228
B003AYC1SM	671
B0042EZH6W	718
B000ZJTPLG	491
B0097WDJZA	852
B000EEGAJW	332
B0002CZVW8	42
B0002D0CQC	72
B000BU5V58	309
B0009G1KEU	286
B0026RB0G8	603
B0002E3DNK	133
B004PFWYL4	751
B000VJ2VCK	464
B00646MZHK	811
B0007OGTGS	269
B0009H00WW	287
B0002D0CNA	70
B00AZUAORE	869
B001PGXKC8	578
B005TO9EPY	806
B0053CUHMG	772
B00FXKIG5I	893
B000N5MK8M	401
B005IVUWDG	791
B000F3JO7M	359
B003VWKPHC	707
B0002E382Q	124
B000WF1AMU	473
B0002E3830	125
B000XUUXB8	485
B003B0I09Y	681
B0002D0COE	71
B000LPSNRQ	391
B0002E3DLM	132
B009O7CE5O	861
B002G1UT5C	617
B003D3OCD2	685
B0002GZM00	192
B0002E2TTO	118
B0052S3WFU	771
B005MR6IHK	799
B000Y30NAA	487
B001FB5Z44	540
B0033PSLSM	651
B0002D02RQ	54
B001XJBWXG	595
B00AK7SKL4	867
B006H5119Q	816
B004N6RBWW	747
B000VJJQUU	465
B009S814U0	862
B00EIMZG46	889
B0002F7K7Y	156
B000U0DU34	453
B0038O9NLM	666
B0002ZO60I	247
B000ARH3M6	301
B00178LDW8	509
B000RKL8R2	424
B0023BYDHK	597
B003AAEGZ2	668
B004FODY6E	729
B000EEJE4K	343
B0002CZVZK	45
B001PGXIHK	576
B0002H0FMO	199
B0002E2VXS	119
B0002CZVWS	43
B0002F75K6	152
B004OK1G64	749
B000EEN9OG	355
B000TGSM6E	452
B005OZE9SA	801
B0002ZO3LK	246
B001GWCC4I	548
1384719342	0
B0073XCZ3C	822
B000RW0GT6	432
B000UMFQHA	459
B0019H6750	522
B002DC8OE2	613
B0010CZ8GS	494
B000MVYOZY	398
B0002GZLZQ	191
B005VM5Z5C	809
B0002CZVXM	44
B0002GXV3A	182
B00074WFO8	265
B000EE8YPK	330
B0041T53KI	717
B0002GXV2Q	181
B001D2TPZU	530
B0002GLCRC	166
B000978D58	279
B004ISLGKS	738
B0018TAITA	515
B000UF3SEA	454
B001V5K2S8	593
B004FEGXDK	728
B0002D0Q2W	84
B0002FO9QY	157
B002M8EEW8	628
B002EWV8NA	616
B0002KZE7C	215
B001EC5ECW	535
B000P5RVRU	417
B0037GXRHM	655
B000RWJQRE	435
B000E0PPG0	329
B000N5YEDG	402
B000S5V510	441
B004GYM7IE	732
B0037M62AK	657
B003AJMPW4	669
B0002OOMW6	234
B0002GX5NG	176
B000M23OQ8	394
B000WYCS7M	477
B0002E2S36	117
B000V4YFLA	460
B003FO6E6M	687
B000RMQM4E	426
B002N4GBLI	631
B009GT0KNI	857
B000X31R2E	478
B0002D0B4K	57
B002UXS4JO	643
B008O0RKVA	849
B000XPQ1YG	482
B001AH83UG	524
B003AYNFRS	675
B005LYIW3W	794
B001QWBM62	581
B0009RLE5Y	291
B0026KEGLQ	602
B005FKF1PY	785
B002IJK0H4	626
B0002KZFYE	218
B0007WQZGY	273
B000KIRT38	379
B001FB5Z8K	541
B0002DV6RQ	90
B0002GXF8Q	178
B00154OJOI	503
B0002E2XCW	120
B000J5XS3C	368
B0007XWUQ2	274
B004HJ9COU	735
B000Y60NFC	489
B000BYPJ1U	314
B004OK17QS	748
B0007L8BQW	267
B000EENH5W	356
B000Q87DAQ	421
B0002CZVA0	36
B002C741B8	610
B0078YF9V6	823
B0002MJTZ8	231
B0002CZVBE	38
B002NG7DEK	632
B001ELP5WM	537
B0002E1O5E	107
B0002GW3Y8	173
B004J27QXY	739
B000J5Y214	369
B002GHBZ4U	618
B0002CZVB4	37
B0044R1M0M	721
B005AGGZ8K	776
B0002E1O2M	104
B007IE5QP0	826
B000NE4UN6	403
B003B01QR2	680
B004BZU4OW	726
B0002E1O2C	103
B000H2BC4E	363
B0002E1NQE	102
B005BSOVRY	777
B002Q0WT6U	636
B00B1N06PO	870
B0002E1NQ4	101
B002QJVTNA	637
B0002F4MKC	144
B0010KCP98	496
B0064RDPVE	813
B004ZKY10Q	766
B0002Z2CZY	243
B0002GJ6FC	163
B0007NQH98	268
B0013V1BYY	501
B0006NDF6C	257
B0002E1O3G	106
B001R2LQWQ	582
B002X8Y4SQ	645
B000BW2D84	312
B0002E1O2W	105
B0009DXEEM	280
B005A09I7Q	775
B0002GJILE	164
B000RPUMII	429
B0002F4VBM	145
B000NJ2TIE	405
B0018L46WS	512
B002HPMTZU	624
B0002E1O90	110
B000W00X1Y	472
B0018PZR86	513
B0006OHVK2	259
B000960KNW	278
B0002GJ3ZA	162
B002MWKOAA	630
B00CK2FOZM	887
B005PNXT6E	803
B0002GMGYA	168
B0002H02IG	195
B0002D0CA8	59
B0064BFNME	812
B000RVWY42	430
B000RKAFIU	423
B003BFYDBS	682
B001GH4H3W	547
B0002H0H4A	200
B000KY156E	385
B002Z9JWZ8	646
B0002D0CAI	60
B003FVB7XA	688
B0002D0N70	82
B0002H04NE	197
B003AM913C	670
B0055V7UR0	773
B0073XCYO2	821
B000MFK1ZW	395
B0000AQRSU	20
B000PR3JEM	420
B0000AQRSS	18
B0000AQRST	19
B001E3BSKS	532
B000EEL50Q	348
B00186L9X2	511
B0002E3B78	129
B0006GR4L6	253
B0002D0096	48
B000ULAP4U	458
B002M8GBDI	629
B0038MTH8S	665
B004INGEB4	736
B009E3EWPI	855
B000068O3D	10
B002C741BI	611
B0002E1O7W	109
B002DYJEMQ	614
B000RNB720	428
B0098DFNY8	853
B0002E1O7M	108
B000OR5928	408
B000068O1N	9
B002PAW6EG	633
B003SZDFM4	704
B001W99HE8	594
B008TNAG4A	850
B003AYK8XW	674
B007T8CUNG	834
B0002D0KOG	77
B0002E52RU	140
B000A6ASSS	295
B00IZCSW3M	897
B0002KZHQA	219
B007K3EGXW	830
B0002Z2D0I	245
B000068NSX	3
B000068O59	13
B002QQC1ZI	639
B001PGXHX0	574
B000J5Y282	370
B007Q27BH0	832
B008GS9UNQ	846
B00009W40G	16
B0002CZVI2	40
B0002IAJ56	207
B00009W40D	15
B0009EU01G	283
B0002KYXTM	212
B002VA464S	644
B006X735PQ	818
B002024UDE	596
B0002F519I	146
B004T6M7DE	754
B002Q0WSO8	635
B007XH9432	838
B0002GZQ1U	193
B000068O3X	11
B0002D0CEO	61
B000EEHDIE	335
B001E3SFKO	533
B000EELB8W	351
B001PGXHW6	573
B00378GEAM	654
B001FQ74FW	542
B00BL6IYW8	878
B000CBXZXG	317
B00B5LDMH6	871
B000068O4H	12
B00BG6ZM0K	874
B001OLW0J8	571
B000EEHJS8	336
B0002E54ZU	142
B003NJF1G8	698
B001PGXHYO	575
B00A716FB0	865
B002C4SM5W	609
B000KIPTE4	377
B005M0KLGQ	796
B0002E2KPC	116
B0002D0L40	78
B000068NVI	5
B000068NTU	4
B0002CZVHI	39
B0002E37G8	122
B004LG93KC	740
B007K3EGWI	829
B0002GWXKC	175
B000KUCQXY	383
B003U3LUOY	705
B0002E3FCO	134
B007TGWQZ0	837
B0002M6CW6	227
B007YWHIP2	839
B0002CZTIO	29
B0050CEEIW	768
B0002D0CGW	64
B0002GZTT4	194
B0002M6CVC	226
B001KD2CPC	557
B0046A04LU	724
B00095VIMU	277
B00004Y2UT	1
B003AYNHGW	676
B0002D0PB4	83
B0002E2GMY	115
B000RW0O02	433
B00BHJNC4E	875
B000CCJP4I	319
B0002CZZW4	47
B00J4TBMVO	898
B000068NW5	6
B003XDUAOM	712
B0002D070I	56
B00BTGMI5O	882
B001Q8DJO4	579
B0002D0CIK	65
B0002GXPRM	179
B0009G1E0K	285
B00389KMQM	664
B001RNH8YA	586
B000BUDO48	310
B005SUS1JO	804
B000CBE3GE	316
B008GS3XLQ	845
B00063678K	251
B000EEJAWQ	342
B0002E1I2I	96
B0002IHGZC	209
B000A2HOB6	294
B000EEJJI6	346
B000068NZC	7
B000J5UEGQ	367
B000068NZG	8
B0002CZVK0	41
B000CBE3G4	315
B000WS1QC6	476
B009MDMQJ4	859
B005M0CK9M	795
B001OLZYUU	572
B0002M6B2M	225
B0002D0CGC	62
B009MBT68U	858
B0002Z2D08	244
B0002F77B8	153
B0002D0CGM	63
B0002M3OVI	224
B000FIZISQ	360
B000PO30QM	419
B001R76D42	583
B00JBIVXGC	899
B002AQNGIU	607
B00466HM28	723
B000J3L02U	366
B003B01QL8	679
B0009EQMZE	281
B001J5RYXQ	555
B0002E2G24	113
B0002GML4U	169
B000EEJJ5Y	345
B0002T67J2	241
B001KXKGBY	558
B001L8IKLG	560
B004UJO41S	759
B003GEBGA0	690
B005DVF15A	780
B0002D01IG	49
B000L7MNUM	388
B0002KZAKS	213
B003BGO2OK	683
B00AQBT3EW	868
B0002CZSJY	26
B004PFWZHM	752
B0016MJ1T2	505
B0050ALN2E	767
B001JI2KHS	556
B000SJJCX4	443
B0058GZTVG	774
B0037MC786	662
B001BY4RQM	526
B0002E2G2O	114
B000RVYPQ2	431
B000T517Y4	448
B000EEL6J6	349
B0002E3CHC	130
B001I1PWTY	550
B000MWWT6E	399
B000CHJTG2	325
B000LPUV8K	392
B001LNN30E	566
B000GUR8V8	362
B0006VMBHI	260
B0002GIRP2	159
B0007WPCKE	272
B000CDT4VQ	324
B001NXDSK2	570
B0025PM6DM	599
B009ZX8ZJG	863
B00BL6JDUA	879
B000BQTCDO	308
B000BNSYHW	307
B0002CZSJO	25
B001IM5KFY	552
B003LTJ404	696
B0018TIADQ	519
B004TGVRDA	756
B0002F7IIK	154
B000PAPO9W	418
B0002D0JZ6	76
B001J1SX94	554
B0002MDTVS	230
B000OR2QX8	407
B0002CZT0M	28
B001E43SK0	534
B000WGJ71U	474
B0002IHP0S	210
B000K69V5E	372
B004OU2IQG	750
B0010CHS8E	493
B00315D0E4	648
B004TE5HBU	755
B004ZKIHVU	765
B000KGYAYQ	374
B001C74GLY	527
B000A1HU1G	292
B000BBRZ3S	305
B009MIBIWK	860
B0002CZUTM	30
B000OMG0KI	406
B001L8MDMS	562
B0037ME50Y	663
B0002GIW3Y	160
B007T8OGLK	836
B0002F58TG	148
B004M9CKVM	742
B0002GZ052	187
B001CJ2QZU	529
B0064RIB9A	815
B0002D01K4	50
B008BPI2HE	843
B0002DUPZU	86
B0033PSGSW	650
B000165DSM	21
B0002KZEMC	217
B000FZ1KF4	361
B0027V760M	606
B0002KZIV4	221
B0002DUPZK	85
B0002E2Z8Y	121
B00F2PKRJW	892
B00CFMWBLC	886
B0002D0HY4	75
B000KW2YEI	384
B001QJGYIG	580
B008277N80	840
B00466HLXI	722
B0002CZV46	32
B005J9FS0Y	793
B0002D01KO	51
B0002E1H9W	95
B005J2PXV0	792
B0008G26JO	276
B002GYWBJ6	620
B000B6DHB2	303
B0002F7IN0	155
B0009EQOES	282
B000B6DHAS	302
B0002E54FK	141
B000UJFR4A	456
B002GYWBIM	619
B0002F52EW	147
B0002KZIVY	222
B000QGCJU2	422
B0002D01PY	52
B003AYEAHC	672
B0002CZST4	27
B000EPVXWU	357
B000EEL8US	350
B000TGHVGQ	451
B0006M59M6	256
B0002GLDQM	167
B0009RHAT8	290
B00H02C9TG	895
B0002ZPK5I	249
B0002KZQ34	223
B003DVGVIS	686
B001L8IJ0I	559
B003VWJ2K8	706
B0002D0DWK	73
B0000AQRSR	17
B000L3FPUG	386
B003FW0IHA	689
B0007ORM0K	270
B0002D0E8S	74
B000A6GY1I	297
B000LQLDM2	393
B000SAC5PA	442
B0049Z4UQ2	725
B000AKSUP2	300
B0002CZV78	33
B0002D0C1C	58
B0009FUUO2	284
B0018TIAL8	520
B00074B67A	264
B0015RIN6U	504
B0002CZUUG	31
B0002Y6BJI	242
B000CZ0RHY	326
B0002CZV82	35
B001GD07SK	545
B0002E4Z8M	136
B0002GL7ZO	165
B00C5B20QE	884
B000RKVH0K	425
B004UNL1P6	760
B000RXN6SS	436
B0002D0MFI	81
B000EEJF4O	344
B000EEHCUS	333
B000OY4WDI	411
B0002GX6V2	177
B0002OS9FC	236
B002ZH9JQC	647
B0002CZV7I	34
B000KIPD5E	375
B004M8UZS8	741
B0002H0N76	204
B000EEHD4I	334
B007PKR3SK	831
B0002E5518	143
B00CDA0IUC	885
B000LFCXL8	390
B000Y35C8S	488
B004HJ58JI	734
B0002GXRF2	180
B001C9R5P6	528
B005IGFGWI	790
B000EXIMFI	358
B001EW5YQS	538
B0006NDF8A	258
B001FSZR4U	543
B00135HFK4	499
B0018TC3I4	516
B003W47NII	710
B000EEJAFS	341
B000VBH2IG	463
B009AS1FLG	854
B003S3S0DU	703
B009EOKTCM	856
B00178JDCK	508
B0016ZZKJO	507
B000VTPR08	469
B004TQJ174	757
B007IHYBV2	827
B0002E1NNM	100
B001AS6OYC	525
B002HFC6P8	622
B000OY4WA6	410
B001PGXJGU	577
B0002E1NNC	99
B0052FU602	770
B002QKRUJG	638
B0087UPSLQ	841
B0002CZR3G	24
